[0.016s] Invoking command in '/home/user/ur_ws/build/ur_bringup': CMAKE_PREFIX_PATH=/home/user/ur_ws/install/ur_controllers:/home/user/ur_ws/install/ur_description:/home/user/ur_ws/install/ur_dashboard_msgs:/home/user/ur_ws/install/ur:/home/user/ur_ws/install/ur_calibration:/home/user/ur_ws/install/ur_robot_driver:/home/user/ur_ws/install/ur_moveit_config:/home/user/ur_ws/install/ur_bringup:/home/user/ur_ws/install/ur_simulation_gz:/home/user/ur_ws/install/universal_robots_ros2_gz_simulation:/opt/ros/humble LD_LIBRARY_PATH=/home/user/ur_ws/install/ur_controllers/lib:/home/user/ur_ws/install/ur_dashboard_msgs/lib:/home/user/ur_ws/install/ur_robot_driver/lib:/usr/lib/x86_64-linux-gnu/gazebo-11/plugins:/opt/ros/humble/opt/rviz_ogre_vendor/lib:/opt/ros/humble/lib/x86_64-linux-gnu:/opt/ros/humble/lib /usr/bin/cmake /home/user/ur_ws/src/universal_robots_ros2_driver/ur_bringup -DAMENT_CMAKE_SYMLINK_INSTALL=1 -DCMAKE_INSTALL_PREFIX=/home/user/ur_ws/install/ur_bringup
[0.070s] -- The C compiler identification is GNU 11.4.0
[0.116s] -- The CXX compiler identification is GNU 11.4.0
[0.122s] -- Detecting C compiler ABI info
[0.191s] -- Detecting C compiler ABI info - done
[0.198s] -- Check for working C compiler: /usr/bin/cc - skipped
[0.198s] -- Detecting C compile features
[0.199s] -- Detecting C compile features - done
[0.201s] -- Detecting CXX compiler ABI info
[0.271s] -- Detecting CXX compiler ABI info - done
[0.278s] -- Check for working CXX compiler: /usr/bin/c++ - skipped
[0.278s] -- Detecting CXX compile features
[0.278s] -- Detecting CXX compile features - done
[0.281s] -- Found ament_cmake: 1.3.12 (/opt/ros/humble/share/ament_cmake/cmake)
[0.425s] -- Found Python3: /usr/bin/python3 (found version "3.10.12") found components: Interpreter 
[0.478s] -- Override CMake install command with custom implementation using symlinks instead of copying resources
[0.546s] -- Configuring done
[0.547s] -- Generating done
[0.547s] -- Build files have been written to: /home/user/ur_ws/build/ur_bringup
[0.551s] Invoked command in '/home/user/ur_ws/build/ur_bringup' returned '0': CMAKE_PREFIX_PATH=/home/user/ur_ws/install/ur_controllers:/home/user/ur_ws/install/ur_description:/home/user/ur_ws/install/ur_dashboard_msgs:/home/user/ur_ws/install/ur:/home/user/ur_ws/install/ur_calibration:/home/user/ur_ws/install/ur_robot_driver:/home/user/ur_ws/install/ur_moveit_config:/home/user/ur_ws/install/ur_bringup:/home/user/ur_ws/install/ur_simulation_gz:/home/user/ur_ws/install/universal_robots_ros2_gz_simulation:/opt/ros/humble LD_LIBRARY_PATH=/home/user/ur_ws/install/ur_controllers/lib:/home/user/ur_ws/install/ur_dashboard_msgs/lib:/home/user/ur_ws/install/ur_robot_driver/lib:/usr/lib/x86_64-linux-gnu/gazebo-11/plugins:/opt/ros/humble/opt/rviz_ogre_vendor/lib:/opt/ros/humble/lib/x86_64-linux-gnu:/opt/ros/humble/lib /usr/bin/cmake /home/user/ur_ws/src/universal_robots_ros2_driver/ur_bringup -DAMENT_CMAKE_SYMLINK_INSTALL=1 -DCMAKE_INSTALL_PREFIX=/home/user/ur_ws/install/ur_bringup
[0.552s] Invoking command in '/home/user/ur_ws/build/ur_bringup': CMAKE_PREFIX_PATH=/home/user/ur_ws/install/ur_controllers:/home/user/ur_ws/install/ur_description:/home/user/ur_ws/install/ur_dashboard_msgs:/home/user/ur_ws/install/ur:/home/user/ur_ws/install/ur_calibration:/home/user/ur_ws/install/ur_robot_driver:/home/user/ur_ws/install/ur_moveit_config:/home/user/ur_ws/install/ur_bringup:/home/user/ur_ws/install/ur_simulation_gz:/home/user/ur_ws/install/universal_robots_ros2_gz_simulation:/opt/ros/humble LD_LIBRARY_PATH=/home/user/ur_ws/install/ur_controllers/lib:/home/user/ur_ws/install/ur_dashboard_msgs/lib:/home/user/ur_ws/install/ur_robot_driver/lib:/usr/lib/x86_64-linux-gnu/gazebo-11/plugins:/opt/ros/humble/opt/rviz_ogre_vendor/lib:/opt/ros/humble/lib/x86_64-linux-gnu:/opt/ros/humble/lib /usr/bin/cmake --build /home/user/ur_ws/build/ur_bringup -- -j32 -l32
[0.592s] Invoked command in '/home/user/ur_ws/build/ur_bringup' returned '0': CMAKE_PREFIX_PATH=/home/user/ur_ws/install/ur_controllers:/home/user/ur_ws/install/ur_description:/home/user/ur_ws/install/ur_dashboard_msgs:/home/user/ur_ws/install/ur:/home/user/ur_ws/install/ur_calibration:/home/user/ur_ws/install/ur_robot_driver:/home/user/ur_ws/install/ur_moveit_config:/home/user/ur_ws/install/ur_bringup:/home/user/ur_ws/install/ur_simulation_gz:/home/user/ur_ws/install/universal_robots_ros2_gz_simulation:/opt/ros/humble LD_LIBRARY_PATH=/home/user/ur_ws/install/ur_controllers/lib:/home/user/ur_ws/install/ur_dashboard_msgs/lib:/home/user/ur_ws/install/ur_robot_driver/lib:/usr/lib/x86_64-linux-gnu/gazebo-11/plugins:/opt/ros/humble/opt/rviz_ogre_vendor/lib:/opt/ros/humble/lib/x86_64-linux-gnu:/opt/ros/humble/lib /usr/bin/cmake --build /home/user/ur_ws/build/ur_bringup -- -j32 -l32
[0.595s] Invoking command in '/home/user/ur_ws/build/ur_bringup': CMAKE_PREFIX_PATH=/home/user/ur_ws/install/ur_controllers:/home/user/ur_ws/install/ur_description:/home/user/ur_ws/install/ur_dashboard_msgs:/home/user/ur_ws/install/ur:/home/user/ur_ws/install/ur_calibration:/home/user/ur_ws/install/ur_robot_driver:/home/user/ur_ws/install/ur_moveit_config:/home/user/ur_ws/install/ur_bringup:/home/user/ur_ws/install/ur_simulation_gz:/home/user/ur_ws/install/universal_robots_ros2_gz_simulation:/opt/ros/humble LD_LIBRARY_PATH=/home/user/ur_ws/install/ur_controllers/lib:/home/user/ur_ws/install/ur_dashboard_msgs/lib:/home/user/ur_ws/install/ur_robot_driver/lib:/usr/lib/x86_64-linux-gnu/gazebo-11/plugins:/opt/ros/humble/opt/rviz_ogre_vendor/lib:/opt/ros/humble/lib/x86_64-linux-gnu:/opt/ros/humble/lib /usr/bin/cmake --install /home/user/ur_ws/build/ur_bringup
[0.603s] -- Install configuration: ""
[0.603s] -- Execute custom install script
[0.604s] -- Symlinking: /home/user/ur_ws/install/ur_bringup/share/ur_bringup/config/test_goal_publishers_config.yaml
[0.612s] -- Symlinking: /home/user/ur_ws/install/ur_bringup/share/ur_bringup/config/test_velocity_goal_publishers_config.yaml
[0.618s] -- Symlinking: /home/user/ur_ws/install/ur_bringup/share/ur_bringup/config/ur10_update_rate.yaml
[0.626s] -- Symlinking: /home/user/ur_ws/install/ur_bringup/share/ur_bringup/config/ur10e_update_rate.yaml
[0.634s] -- Symlinking: /home/user/ur_ws/install/ur_bringup/share/ur_bringup/config/ur16e_update_rate.yaml
[0.645s] -- Symlinking: /home/user/ur_ws/install/ur_bringup/share/ur_bringup/config/ur3_update_rate.yaml
[0.653s] -- Symlinking: /home/user/ur_ws/install/ur_bringup/share/ur_bringup/config/ur3e_update_rate.yaml
[0.662s] -- Symlinking: /home/user/ur_ws/install/ur_bringup/share/ur_bringup/config/ur5_update_rate.yaml
[0.671s] -- Symlinking: /home/user/ur_ws/install/ur_bringup/share/ur_bringup/config/ur5e_update_rate.yaml
[0.679s] -- Symlinking: /home/user/ur_ws/install/ur_bringup/share/ur_bringup/config/ur8long_update_rate.yaml
[0.689s] -- Symlinking: /home/user/ur_ws/install/ur_bringup/share/ur_bringup/config/ur_controllers.yaml
[0.695s] -- Symlinking: /home/user/ur_ws/install/ur_bringup/share/ur_bringup/launch/test_forward_velocity_controller.launch.py
[0.700s] -- Symlinking: /home/user/ur_ws/install/ur_bringup/share/ur_bringup/launch/test_joint_trajectory_controller.launch.py
[0.709s] -- Symlinking: /home/user/ur_ws/install/ur_bringup/share/ur_bringup/launch/test_scaled_joint_trajectory_controller.launch.py
[0.717s] -- Symlinking: /home/user/ur_ws/install/ur_bringup/share/ur_bringup/launch/ur10.launch.py
[0.722s] -- Symlinking: /home/user/ur_ws/install/ur_bringup/share/ur_bringup/launch/ur10e.launch.py
[0.731s] -- Symlinking: /home/user/ur_ws/install/ur_bringup/share/ur_bringup/launch/ur12e.launch.py
[0.737s] -- Symlinking: /home/user/ur_ws/install/ur_bringup/share/ur_bringup/launch/ur15.launch.py
[0.744s] -- Symlinking: /home/user/ur_ws/install/ur_bringup/share/ur_bringup/launch/ur16e.launch.py
[0.752s] -- Symlinking: /home/user/ur_ws/install/ur_bringup/share/ur_bringup/launch/ur20.launch.py
[0.761s] -- Symlinking: /home/user/ur_ws/install/ur_bringup/share/ur_bringup/launch/ur3.launch.py
[0.769s] -- Symlinking: /home/user/ur_ws/install/ur_bringup/share/ur_bringup/launch/ur30.launch.py
[0.776s] -- Symlinking: /home/user/ur_ws/install/ur_bringup/share/ur_bringup/launch/ur3e.launch.py
[0.782s] -- Symlinking: /home/user/ur_ws/install/ur_bringup/share/ur_bringup/launch/ur5.launch.py
[0.791s] -- Symlinking: /home/user/ur_ws/install/ur_bringup/share/ur_bringup/launch/ur5e.launch.py
[0.799s] -- Symlinking: /home/user/ur_ws/install/ur_bringup/share/ur_bringup/launch/ur7e.launch.py
[0.806s] -- Symlinking: /home/user/ur_ws/install/ur_bringup/share/ur_bringup/launch/ur8long.launch.py
[0.814s] -- Symlinking: /home/user/ur_ws/install/ur_bringup/share/ur_bringup/launch/ur_control.launch.py
[0.821s] -- Symlinking: /home/user/ur_ws/install/ur_bringup/share/ur_bringup/launch/ur_dashboard_client.launch.py
[0.827s] -- Symlinking: /home/user/ur_ws/install/ur_bringup/lib/ur_bringup/start_ursim.sh
[0.836s] -- Symlinking: /home/user/ur_ws/install/ur_bringup/share/ament_index/resource_index/package_run_dependencies/ur_bringup
[0.844s] -- Symlinking: /home/user/ur_ws/install/ur_bringup/share/ament_index/resource_index/parent_prefix_path/ur_bringup
[0.850s] -- Symlinking: /home/user/ur_ws/install/ur_bringup/share/ur_bringup/environment/ament_prefix_path.sh
[0.856s] -- Symlinking: /home/user/ur_ws/install/ur_bringup/share/ur_bringup/environment/ament_prefix_path.dsv
[0.862s] -- Symlinking: /home/user/ur_ws/install/ur_bringup/share/ur_bringup/environment/path.sh
[0.870s] -- Symlinking: /home/user/ur_ws/install/ur_bringup/share/ur_bringup/environment/path.dsv
[0.875s] -- Symlinking: /home/user/ur_ws/install/ur_bringup/share/ur_bringup/local_setup.bash
[0.880s] -- Symlinking: /home/user/ur_ws/install/ur_bringup/share/ur_bringup/local_setup.sh
[0.889s] -- Symlinking: /home/user/ur_ws/install/ur_bringup/share/ur_bringup/local_setup.zsh
[0.896s] -- Symlinking: /home/user/ur_ws/install/ur_bringup/share/ur_bringup/local_setup.dsv
[0.905s] -- Symlinking: /home/user/ur_ws/install/ur_bringup/share/ur_bringup/package.dsv
[0.913s] -- Symlinking: /home/user/ur_ws/install/ur_bringup/share/ament_index/resource_index/packages/ur_bringup
[0.919s] -- Symlinking: /home/user/ur_ws/install/ur_bringup/share/ur_bringup/cmake/ur_bringupConfig.cmake
[0.931s] -- Symlinking: /home/user/ur_ws/install/ur_bringup/share/ur_bringup/cmake/ur_bringupConfig-version.cmake
[0.939s] -- Symlinking: /home/user/ur_ws/install/ur_bringup/share/ur_bringup/package.xml
[0.948s] Invoked command in '/home/user/ur_ws/build/ur_bringup' returned '0': CMAKE_PREFIX_PATH=/home/user/ur_ws/install/ur_controllers:/home/user/ur_ws/install/ur_description:/home/user/ur_ws/install/ur_dashboard_msgs:/home/user/ur_ws/install/ur:/home/user/ur_ws/install/ur_calibration:/home/user/ur_ws/install/ur_robot_driver:/home/user/ur_ws/install/ur_moveit_config:/home/user/ur_ws/install/ur_bringup:/home/user/ur_ws/install/ur_simulation_gz:/home/user/ur_ws/install/universal_robots_ros2_gz_simulation:/opt/ros/humble LD_LIBRARY_PATH=/home/user/ur_ws/install/ur_controllers/lib:/home/user/ur_ws/install/ur_dashboard_msgs/lib:/home/user/ur_ws/install/ur_robot_driver/lib:/usr/lib/x86_64-linux-gnu/gazebo-11/plugins:/opt/ros/humble/opt/rviz_ogre_vendor/lib:/opt/ros/humble/lib/x86_64-linux-gnu:/opt/ros/humble/lib /usr/bin/cmake --install /home/user/ur_ws/build/ur_bringup
