[0.015s] Invoking command in '/home/user/ur_ws/build/ur_bringup': CMAKE_PREFIX_PATH=/home/user/ur_ws/install/ur_controllers:/home/user/ur_ws/install/ur_description:/home/user/ur_ws/install/ur_dashboard_msgs:/home/user/ur_ws/install/ur_simulation_gz:/home/user/ur_ws/install/ur:/home/user/ur_ws/install/ur_calibration:/home/user/ur_ws/install/ur_robot_driver:/home/user/ur_ws/install/ur_moveit_config:/home/user/ur_ws/install/ur_bringup:/home/user/ur_ws/install/Universal_Robots_ROS2_GZ_Simulation:/opt/ros/humble LD_LIBRARY_PATH=/home/user/ur_ws/install/ur_controllers/lib:/home/user/ur_ws/install/ur_dashboard_msgs/lib:/home/user/ur_ws/install/ur_robot_driver/lib:/usr/lib/x86_64-linux-gnu/gazebo-11/plugins:/opt/ros/humble/opt/rviz_ogre_vendor/lib:/opt/ros/humble/lib/x86_64-linux-gnu:/opt/ros/humble/lib /usr/bin/cmake /home/user/ur_ws/src/Universal_Robots_ROS2_Driver/ur_bringup -DAMENT_CMAKE_SYMLINK_INSTALL=1 -DCMAKE_INSTALL_PREFIX=/home/user/ur_ws/install/ur_bringup
[0.061s] -- The C compiler identification is GNU 11.4.0
[0.115s] -- The CXX compiler identification is GNU 11.4.0
[0.123s] -- Detecting C compiler ABI info
[0.196s] -- Detecting C compiler ABI info - done
[0.201s] -- Check for working C compiler: /usr/bin/cc - skipped
[0.201s] -- Detecting C compile features
[0.201s] -- Detecting C compile features - done
[0.203s] -- Detecting CXX compiler ABI info
[0.282s] -- Detecting CXX compiler ABI info - done
[0.286s] -- Check for working CXX compiler: /usr/bin/c++ - skipped
[0.286s] -- Detecting CXX compile features
[0.287s] -- Detecting CXX compile features - done
[0.288s] -- Found ament_cmake: 1.3.12 (/opt/ros/humble/share/ament_cmake/cmake)
[0.412s] -- Found Python3: /usr/bin/python3 (found version "3.10.12") found components: Interpreter 
[0.463s] -- Override CMake install command with custom implementation using symlinks instead of copying resources
[0.534s] -- Configuring done
[0.535s] -- Generating done
[0.536s] -- Build files have been written to: /home/user/ur_ws/build/ur_bringup
[0.539s] Invoked command in '/home/user/ur_ws/build/ur_bringup' returned '0': CMAKE_PREFIX_PATH=/home/user/ur_ws/install/ur_controllers:/home/user/ur_ws/install/ur_description:/home/user/ur_ws/install/ur_dashboard_msgs:/home/user/ur_ws/install/ur_simulation_gz:/home/user/ur_ws/install/ur:/home/user/ur_ws/install/ur_calibration:/home/user/ur_ws/install/ur_robot_driver:/home/user/ur_ws/install/ur_moveit_config:/home/user/ur_ws/install/ur_bringup:/home/user/ur_ws/install/Universal_Robots_ROS2_GZ_Simulation:/opt/ros/humble LD_LIBRARY_PATH=/home/user/ur_ws/install/ur_controllers/lib:/home/user/ur_ws/install/ur_dashboard_msgs/lib:/home/user/ur_ws/install/ur_robot_driver/lib:/usr/lib/x86_64-linux-gnu/gazebo-11/plugins:/opt/ros/humble/opt/rviz_ogre_vendor/lib:/opt/ros/humble/lib/x86_64-linux-gnu:/opt/ros/humble/lib /usr/bin/cmake /home/user/ur_ws/src/Universal_Robots_ROS2_Driver/ur_bringup -DAMENT_CMAKE_SYMLINK_INSTALL=1 -DCMAKE_INSTALL_PREFIX=/home/user/ur_ws/install/ur_bringup
[0.540s] Invoking command in '/home/user/ur_ws/build/ur_bringup': CMAKE_PREFIX_PATH=/home/user/ur_ws/install/ur_controllers:/home/user/ur_ws/install/ur_description:/home/user/ur_ws/install/ur_dashboard_msgs:/home/user/ur_ws/install/ur_simulation_gz:/home/user/ur_ws/install/ur:/home/user/ur_ws/install/ur_calibration:/home/user/ur_ws/install/ur_robot_driver:/home/user/ur_ws/install/ur_moveit_config:/home/user/ur_ws/install/ur_bringup:/home/user/ur_ws/install/Universal_Robots_ROS2_GZ_Simulation:/opt/ros/humble LD_LIBRARY_PATH=/home/user/ur_ws/install/ur_controllers/lib:/home/user/ur_ws/install/ur_dashboard_msgs/lib:/home/user/ur_ws/install/ur_robot_driver/lib:/usr/lib/x86_64-linux-gnu/gazebo-11/plugins:/opt/ros/humble/opt/rviz_ogre_vendor/lib:/opt/ros/humble/lib/x86_64-linux-gnu:/opt/ros/humble/lib /usr/bin/cmake --build /home/user/ur_ws/build/ur_bringup -- -j32 -l32
[0.581s] Invoked command in '/home/user/ur_ws/build/ur_bringup' returned '0': CMAKE_PREFIX_PATH=/home/user/ur_ws/install/ur_controllers:/home/user/ur_ws/install/ur_description:/home/user/ur_ws/install/ur_dashboard_msgs:/home/user/ur_ws/install/ur_simulation_gz:/home/user/ur_ws/install/ur:/home/user/ur_ws/install/ur_calibration:/home/user/ur_ws/install/ur_robot_driver:/home/user/ur_ws/install/ur_moveit_config:/home/user/ur_ws/install/ur_bringup:/home/user/ur_ws/install/Universal_Robots_ROS2_GZ_Simulation:/opt/ros/humble LD_LIBRARY_PATH=/home/user/ur_ws/install/ur_controllers/lib:/home/user/ur_ws/install/ur_dashboard_msgs/lib:/home/user/ur_ws/install/ur_robot_driver/lib:/usr/lib/x86_64-linux-gnu/gazebo-11/plugins:/opt/ros/humble/opt/rviz_ogre_vendor/lib:/opt/ros/humble/lib/x86_64-linux-gnu:/opt/ros/humble/lib /usr/bin/cmake --build /home/user/ur_ws/build/ur_bringup -- -j32 -l32
[0.582s] Invoking command in '/home/user/ur_ws/build/ur_bringup': CMAKE_PREFIX_PATH=/home/user/ur_ws/install/ur_controllers:/home/user/ur_ws/install/ur_description:/home/user/ur_ws/install/ur_dashboard_msgs:/home/user/ur_ws/install/ur_simulation_gz:/home/user/ur_ws/install/ur:/home/user/ur_ws/install/ur_calibration:/home/user/ur_ws/install/ur_robot_driver:/home/user/ur_ws/install/ur_moveit_config:/home/user/ur_ws/install/ur_bringup:/home/user/ur_ws/install/Universal_Robots_ROS2_GZ_Simulation:/opt/ros/humble LD_LIBRARY_PATH=/home/user/ur_ws/install/ur_controllers/lib:/home/user/ur_ws/install/ur_dashboard_msgs/lib:/home/user/ur_ws/install/ur_robot_driver/lib:/usr/lib/x86_64-linux-gnu/gazebo-11/plugins:/opt/ros/humble/opt/rviz_ogre_vendor/lib:/opt/ros/humble/lib/x86_64-linux-gnu:/opt/ros/humble/lib /usr/bin/cmake --install /home/user/ur_ws/build/ur_bringup
[0.591s] -- Install configuration: ""
[0.592s] -- Execute custom install script
[0.592s] -- Symlinking: /home/user/ur_ws/install/ur_bringup/share/ur_bringup/config/test_goal_publishers_config.yaml
[0.602s] -- Symlinking: /home/user/ur_ws/install/ur_bringup/share/ur_bringup/config/test_velocity_goal_publishers_config.yaml
[0.609s] -- Symlinking: /home/user/ur_ws/install/ur_bringup/share/ur_bringup/config/ur10_update_rate.yaml
[0.618s] -- Symlinking: /home/user/ur_ws/install/ur_bringup/share/ur_bringup/config/ur10e_update_rate.yaml
[0.626s] -- Symlinking: /home/user/ur_ws/install/ur_bringup/share/ur_bringup/config/ur16e_update_rate.yaml
[0.632s] -- Symlinking: /home/user/ur_ws/install/ur_bringup/share/ur_bringup/config/ur3_update_rate.yaml
[0.637s] -- Symlinking: /home/user/ur_ws/install/ur_bringup/share/ur_bringup/config/ur3e_update_rate.yaml
[0.647s] -- Symlinking: /home/user/ur_ws/install/ur_bringup/share/ur_bringup/config/ur5_update_rate.yaml
[0.654s] -- Symlinking: /home/user/ur_ws/install/ur_bringup/share/ur_bringup/config/ur5e_update_rate.yaml
[0.663s] -- Symlinking: /home/user/ur_ws/install/ur_bringup/share/ur_bringup/config/ur8long_update_rate.yaml
[0.674s] -- Symlinking: /home/user/ur_ws/install/ur_bringup/share/ur_bringup/config/ur_controllers.yaml
[0.683s] -- Symlinking: /home/user/ur_ws/install/ur_bringup/share/ur_bringup/launch/test_forward_velocity_controller.launch.py
[0.689s] -- Symlinking: /home/user/ur_ws/install/ur_bringup/share/ur_bringup/launch/test_joint_trajectory_controller.launch.py
[0.697s] -- Symlinking: /home/user/ur_ws/install/ur_bringup/share/ur_bringup/launch/test_scaled_joint_trajectory_controller.launch.py
[0.707s] -- Symlinking: /home/user/ur_ws/install/ur_bringup/share/ur_bringup/launch/ur10.launch.py
[0.716s] -- Symlinking: /home/user/ur_ws/install/ur_bringup/share/ur_bringup/launch/ur10e.launch.py
[0.722s] -- Symlinking: /home/user/ur_ws/install/ur_bringup/share/ur_bringup/launch/ur12e.launch.py
[0.731s] -- Symlinking: /home/user/ur_ws/install/ur_bringup/share/ur_bringup/launch/ur15.launch.py
[0.737s] -- Symlinking: /home/user/ur_ws/install/ur_bringup/share/ur_bringup/launch/ur16e.launch.py
[0.743s] -- Symlinking: /home/user/ur_ws/install/ur_bringup/share/ur_bringup/launch/ur20.launch.py
[0.752s] -- Symlinking: /home/user/ur_ws/install/ur_bringup/share/ur_bringup/launch/ur3.launch.py
[0.760s] -- Symlinking: /home/user/ur_ws/install/ur_bringup/share/ur_bringup/launch/ur30.launch.py
[0.766s] -- Symlinking: /home/user/ur_ws/install/ur_bringup/share/ur_bringup/launch/ur3e.launch.py
[0.773s] -- Symlinking: /home/user/ur_ws/install/ur_bringup/share/ur_bringup/launch/ur5.launch.py
[0.784s] -- Symlinking: /home/user/ur_ws/install/ur_bringup/share/ur_bringup/launch/ur5e.launch.py
[0.794s] -- Symlinking: /home/user/ur_ws/install/ur_bringup/share/ur_bringup/launch/ur7e.launch.py
[0.801s] -- Symlinking: /home/user/ur_ws/install/ur_bringup/share/ur_bringup/launch/ur8long.launch.py
[0.808s] -- Symlinking: /home/user/ur_ws/install/ur_bringup/share/ur_bringup/launch/ur_control.launch.py
[0.814s] -- Symlinking: /home/user/ur_ws/install/ur_bringup/share/ur_bringup/launch/ur_dashboard_client.launch.py
[0.821s] -- Symlinking: /home/user/ur_ws/install/ur_bringup/lib/ur_bringup/start_ursim.sh
[0.830s] -- Symlinking: /home/user/ur_ws/install/ur_bringup/share/ament_index/resource_index/package_run_dependencies/ur_bringup
[0.835s] -- Symlinking: /home/user/ur_ws/install/ur_bringup/share/ament_index/resource_index/parent_prefix_path/ur_bringup
[0.843s] -- Symlinking: /home/user/ur_ws/install/ur_bringup/share/ur_bringup/environment/ament_prefix_path.sh
[0.848s] -- Symlinking: /home/user/ur_ws/install/ur_bringup/share/ur_bringup/environment/ament_prefix_path.dsv
[0.854s] -- Symlinking: /home/user/ur_ws/install/ur_bringup/share/ur_bringup/environment/path.sh
[0.860s] -- Symlinking: /home/user/ur_ws/install/ur_bringup/share/ur_bringup/environment/path.dsv
[0.869s] -- Symlinking: /home/user/ur_ws/install/ur_bringup/share/ur_bringup/local_setup.bash
[0.877s] -- Symlinking: /home/user/ur_ws/install/ur_bringup/share/ur_bringup/local_setup.sh
[0.885s] -- Symlinking: /home/user/ur_ws/install/ur_bringup/share/ur_bringup/local_setup.zsh
[0.892s] -- Symlinking: /home/user/ur_ws/install/ur_bringup/share/ur_bringup/local_setup.dsv
[0.900s] -- Symlinking: /home/user/ur_ws/install/ur_bringup/share/ur_bringup/package.dsv
[0.908s] -- Symlinking: /home/user/ur_ws/install/ur_bringup/share/ament_index/resource_index/packages/ur_bringup
[0.918s] -- Symlinking: /home/user/ur_ws/install/ur_bringup/share/ur_bringup/cmake/ur_bringupConfig.cmake
[0.927s] -- Symlinking: /home/user/ur_ws/install/ur_bringup/share/ur_bringup/cmake/ur_bringupConfig-version.cmake
[0.933s] -- Symlinking: /home/user/ur_ws/install/ur_bringup/share/ur_bringup/package.xml
[0.943s] Invoked command in '/home/user/ur_ws/build/ur_bringup' returned '0': CMAKE_PREFIX_PATH=/home/user/ur_ws/install/ur_controllers:/home/user/ur_ws/install/ur_description:/home/user/ur_ws/install/ur_dashboard_msgs:/home/user/ur_ws/install/ur_simulation_gz:/home/user/ur_ws/install/ur:/home/user/ur_ws/install/ur_calibration:/home/user/ur_ws/install/ur_robot_driver:/home/user/ur_ws/install/ur_moveit_config:/home/user/ur_ws/install/ur_bringup:/home/user/ur_ws/install/Universal_Robots_ROS2_GZ_Simulation:/opt/ros/humble LD_LIBRARY_PATH=/home/user/ur_ws/install/ur_controllers/lib:/home/user/ur_ws/install/ur_dashboard_msgs/lib:/home/user/ur_ws/install/ur_robot_driver/lib:/usr/lib/x86_64-linux-gnu/gazebo-11/plugins:/opt/ros/humble/opt/rviz_ogre_vendor/lib:/opt/ros/humble/lib/x86_64-linux-gnu:/opt/ros/humble/lib /usr/bin/cmake --install /home/user/ur_ws/build/ur_bringup
