[0.024s] Invoking command in '/home/user/ur_ws/build/ur_calibration': CMAKE_PREFIX_PATH=/home/user/ur_ws/install/ur_robot_driver:/home/user/ur_ws/install/ur_controllers:/home/user/ur_ws/install/ur_description:/home/user/ur_ws/install/ur_dashboard_msgs:/home/user/ur_ws/install/ur:/home/user/ur_ws/install/ur_calibration:/home/user/ur_ws/install/ur_moveit_config:/home/user/ur_ws/install/ur_bringup:/home/user/ur_ws/install/ur_simulation_gz:/home/user/ur_ws/install/universal_robots_ros2_gz_simulation:/opt/ros/humble /usr/bin/cmake --build /home/user/ur_ws/build/ur_calibration -- -j32 -l32
[0.076s] [35m[1mConsolidate compiler generated dependencies of target gmock_main[0m
[0.076s] [35m[1mConsolidate compiler generated dependencies of target gmock[0m
[0.077s] [35m[1mConsolidate compiler generated dependencies of target calibration[0m
[0.091s] [ 16%] Built target gmock_main
[0.094s] [ 41%] Built target gmock
[0.098s] [ 66%] Built target calibration
[0.112s] [35m[1mConsolidate compiler generated dependencies of target calibration_test[0m
[0.113s] [35m[1mConsolidate compiler generated dependencies of target calibration_correction[0m
[0.134s] [ 83%] Built target calibration_test
[0.136s] [100%] Built target calibration_correction
[0.153s] Invoked command in '/home/user/ur_ws/build/ur_calibration' returned '0': CMAKE_PREFIX_PATH=/home/user/ur_ws/install/ur_robot_driver:/home/user/ur_ws/install/ur_controllers:/home/user/ur_ws/install/ur_description:/home/user/ur_ws/install/ur_dashboard_msgs:/home/user/ur_ws/install/ur:/home/user/ur_ws/install/ur_calibration:/home/user/ur_ws/install/ur_moveit_config:/home/user/ur_ws/install/ur_bringup:/home/user/ur_ws/install/ur_simulation_gz:/home/user/ur_ws/install/universal_robots_ros2_gz_simulation:/opt/ros/humble /usr/bin/cmake --build /home/user/ur_ws/build/ur_calibration -- -j32 -l32
[0.156s] Invoking command in '/home/user/ur_ws/build/ur_calibration': CMAKE_PREFIX_PATH=/home/user/ur_ws/install/ur_robot_driver:/home/user/ur_ws/install/ur_controllers:/home/user/ur_ws/install/ur_description:/home/user/ur_ws/install/ur_dashboard_msgs:/home/user/ur_ws/install/ur:/home/user/ur_ws/install/ur_calibration:/home/user/ur_ws/install/ur_moveit_config:/home/user/ur_ws/install/ur_bringup:/home/user/ur_ws/install/ur_simulation_gz:/home/user/ur_ws/install/universal_robots_ros2_gz_simulation:/opt/ros/humble /usr/bin/cmake --install /home/user/ur_ws/build/ur_calibration
[0.163s] -- Install configuration: "RelWithDebInfo"
[0.164s] -- Execute custom install script
[0.164s] -- Up-to-date symlink: /home/user/ur_ws/install/ur_calibration/lib/ur_calibration/calibration_correction
[0.164s] -- Up-to-date symlink: /home/user/ur_ws/install/ur_calibration/include/ur_calibration/calibration.hpp
[0.164s] -- Up-to-date symlink: /home/user/ur_ws/install/ur_calibration/include/ur_calibration/calibration_consumer.hpp
[0.165s] -- Up-to-date symlink: /home/user/ur_ws/install/ur_calibration/share/ur_calibration/launch/calibration_correction.launch.py
[0.165s] -- Up-to-date symlink: /home/user/ur_ws/install/ur_calibration/share/ament_index/resource_index/package_run_dependencies/ur_calibration
[0.165s] -- Up-to-date symlink: /home/user/ur_ws/install/ur_calibration/share/ament_index/resource_index/parent_prefix_path/ur_calibration
[0.165s] -- Up-to-date symlink: /home/user/ur_ws/install/ur_calibration/share/ur_calibration/environment/ament_prefix_path.sh
[0.165s] -- Up-to-date symlink: /home/user/ur_ws/install/ur_calibration/share/ur_calibration/environment/ament_prefix_path.dsv
[0.165s] -- Up-to-date symlink: /home/user/ur_ws/install/ur_calibration/share/ur_calibration/environment/path.sh
[0.165s] -- Up-to-date symlink: /home/user/ur_ws/install/ur_calibration/share/ur_calibration/environment/path.dsv
[0.165s] -- Up-to-date symlink: /home/user/ur_ws/install/ur_calibration/share/ur_calibration/local_setup.bash
[0.166s] -- Up-to-date symlink: /home/user/ur_ws/install/ur_calibration/share/ur_calibration/local_setup.sh
[0.166s] -- Up-to-date symlink: /home/user/ur_ws/install/ur_calibration/share/ur_calibration/local_setup.zsh
[0.166s] -- Up-to-date symlink: /home/user/ur_ws/install/ur_calibration/share/ur_calibration/local_setup.dsv
[0.166s] -- Symlinking: /home/user/ur_ws/install/ur_calibration/share/ur_calibration/package.dsv
[0.176s] -- Up-to-date symlink: /home/user/ur_ws/install/ur_calibration/share/ament_index/resource_index/packages/ur_calibration
[0.176s] -- Up-to-date symlink: /home/user/ur_ws/install/ur_calibration/share/ur_calibration/cmake/ament_cmake_export_include_directories-extras.cmake
[0.176s] -- Up-to-date symlink: /home/user/ur_ws/install/ur_calibration/share/ur_calibration/cmake/ament_cmake_export_dependencies-extras.cmake
[0.177s] -- Up-to-date symlink: /home/user/ur_ws/install/ur_calibration/share/ur_calibration/cmake/ur_calibrationConfig.cmake
[0.177s] -- Up-to-date symlink: /home/user/ur_ws/install/ur_calibration/share/ur_calibration/cmake/ur_calibrationConfig-version.cmake
[0.177s] -- Up-to-date symlink: /home/user/ur_ws/install/ur_calibration/share/ur_calibration/package.xml
[0.181s] Invoked command in '/home/user/ur_ws/build/ur_calibration' returned '0': CMAKE_PREFIX_PATH=/home/user/ur_ws/install/ur_robot_driver:/home/user/ur_ws/install/ur_controllers:/home/user/ur_ws/install/ur_description:/home/user/ur_ws/install/ur_dashboard_msgs:/home/user/ur_ws/install/ur:/home/user/ur_ws/install/ur_calibration:/home/user/ur_ws/install/ur_moveit_config:/home/user/ur_ws/install/ur_bringup:/home/user/ur_ws/install/ur_simulation_gz:/home/user/ur_ws/install/universal_robots_ros2_gz_simulation:/opt/ros/humble /usr/bin/cmake --install /home/user/ur_ws/build/ur_calibration
