[0.016s] Invoking command in '/home/user/ur_ws/build/ur_robot_driver': CMAKE_PREFIX_PATH=/home/user/ur_ws/install/ur_controllers:/home/user/ur_ws/install/ur_description:/home/user/ur_ws/install/ur_dashboard_msgs:/home/user/ur_ws/install/ur_simulation_gz:/home/user/ur_ws/install/ur:/home/user/ur_ws/install/ur_calibration:/home/user/ur_ws/install/ur_robot_driver:/home/user/ur_ws/install/ur_moveit_config:/home/user/ur_ws/install/ur_bringup:/home/user/ur_ws/install/Universal_Robots_ROS2_GZ_Simulation:/opt/ros/humble LD_LIBRARY_PATH=/home/user/ur_ws/install/ur_controllers/lib:/home/user/ur_ws/install/ur_dashboard_msgs/lib:/home/user/ur_ws/install/ur_robot_driver/lib:/usr/lib/x86_64-linux-gnu/gazebo-11/plugins:/opt/ros/humble/opt/rviz_ogre_vendor/lib:/opt/ros/humble/lib/x86_64-linux-gnu:/opt/ros/humble/lib /usr/bin/cmake /home/user/ur_ws/src/Universal_Robots_ROS2_Driver/ur_robot_driver -DAMENT_CMAKE_SYMLINK_INSTALL=1 -DCMAKE_INSTALL_PREFIX=/home/user/ur_ws/install/ur_robot_driver
[0.070s] -- The C compiler identification is GNU 11.4.0
[0.120s] -- The CXX compiler identification is GNU 11.4.0
[0.127s] -- Detecting C compiler ABI info
[0.196s] -- Detecting C compiler ABI info - done
[0.202s] -- Check for working C compiler: /usr/bin/cc - skipped
[0.202s] -- Detecting C compile features
[0.203s] -- Detecting C compile features - done
[0.204s] -- Detecting CXX compiler ABI info
[0.287s] -- Detecting CXX compiler ABI info - done
[0.294s] -- Check for working CXX compiler: /usr/bin/c++ - skipped
[0.294s] -- Detecting CXX compile features
[0.295s] -- Detecting CXX compile features - done
[0.295s] [0mur_robot_driver: You did not request a specific build type: selecting 'RelWithDebInfo'.[0m
[0.297s] -- Found ament_cmake: 1.3.12 (/opt/ros/humble/share/ament_cmake/cmake)
[0.426s] -- Found Python3: /usr/bin/python3 (found version "3.10.12") found components: Interpreter 
[0.479s] -- Override CMake install command with custom implementation using symlinks instead of copying resources
[0.503s] -- Found controller_manager: 2.52.0 (/opt/ros/humble/share/controller_manager/cmake)
[0.535s] -- Found rosidl_generator_c: 3.1.7 (/opt/ros/humble/share/rosidl_generator_c/cmake)
[0.538s] -- Found rosidl_adapter: 3.1.7 (/opt/ros/humble/share/rosidl_adapter/cmake)
[0.543s] -- Found rosidl_generator_cpp: 3.1.7 (/opt/ros/humble/share/rosidl_generator_cpp/cmake)
[0.551s] -- Using all available rosidl_typesupport_c: rosidl_typesupport_fastrtps_c;rosidl_typesupport_introspection_c
[0.561s] -- Using all available rosidl_typesupport_cpp: rosidl_typesupport_fastrtps_cpp;rosidl_typesupport_introspection_cpp
[0.684s] -- Found rmw_implementation_cmake: 6.1.2 (/opt/ros/humble/share/rmw_implementation_cmake/cmake)
[0.686s] -- Found rmw_cyclonedds_cpp: 1.3.4 (/opt/ros/humble/share/rmw_cyclonedds_cpp/cmake)
[0.699s] -- Using RMW implementation 'rmw_cyclonedds_cpp' as default
[0.705s] -- Looking for pthread.h
[0.789s] -- Looking for pthread.h - found
[0.789s] -- Performing Test CMAKE_HAVE_LIBC_PTHREAD
[0.899s] -- Performing Test CMAKE_HAVE_LIBC_PTHREAD - Success
[0.900s] -- Found Threads: TRUE  
[0.951s] -- Found rclpy: 3.3.17 (/opt/ros/humble/share/rclpy/cmake)
[0.952s] -- Found std_srvs: 4.9.0 (/opt/ros/humble/share/std_srvs/cmake)
[0.958s] -- Found tf2_geometry_msgs: 0.25.16 (/opt/ros/humble/share/tf2_geometry_msgs/cmake)
[0.967s] -- Found eigen3_cmake_module: 0.1.1 (/opt/ros/humble/share/eigen3_cmake_module/cmake)
[0.968s] -- Found Eigen3: TRUE (found version "3.4.0") 
[0.968s] -- Ensuring Eigen3 include directory is part of orocos-kdl CMake target
[1.004s] -- Found ur_dashboard_msgs: 2.9.0 (/home/user/ur_ws/install/ur_dashboard_msgs/share/ur_dashboard_msgs/cmake)
[1.013s] -- Found ur_msgs: 2.3.0 (/opt/ros/humble/share/ur_msgs/cmake)
[1.168s] -- Found ur_controllers: 2.9.0 (/home/user/ur_ws/install/ur_controllers/share/ur_controllers/cmake)
[1.222s] -- Found ur_description: 2.7.1 (/home/user/ur_ws/install/ur_description/share/ur_description/cmake)
[1.223s] -- Found launch_testing_ament_cmake: 1.0.10 (/opt/ros/humble/share/launch_testing_ament_cmake/cmake)
[1.224s] -- Found python_cmake_module: 0.10.0 (/opt/ros/humble/share/python_cmake_module/cmake)
[1.249s] -- Found PythonInterp: /usr/bin/python3 (found suitable version "3.10.12", minimum required is "3.6") 
[1.253s] -- Found PythonLibs: /usr/lib/x86_64-linux-gnu/libpython3.10.so (found suitable version "3.10.12", minimum required is "3.5") 
[1.253s] -- Using PYTHON_EXECUTABLE: /usr/bin/python3
[1.254s] -- Using PYTHON_INCLUDE_DIRS: /usr/include/python3.10
[1.254s] -- Using PYTHON_LIBRARIES: /usr/lib/x86_64-linux-gnu/libpython3.10.so
[1.275s] -- Found PythonExtra: .so  
[1.275s] -- Configuring done
[1.302s] -- Generating done
[1.312s] -- Build files have been written to: /home/user/ur_ws/build/ur_robot_driver
[1.321s] Invoked command in '/home/user/ur_ws/build/ur_robot_driver' returned '0': CMAKE_PREFIX_PATH=/home/user/ur_ws/install/ur_controllers:/home/user/ur_ws/install/ur_description:/home/user/ur_ws/install/ur_dashboard_msgs:/home/user/ur_ws/install/ur_simulation_gz:/home/user/ur_ws/install/ur:/home/user/ur_ws/install/ur_calibration:/home/user/ur_ws/install/ur_robot_driver:/home/user/ur_ws/install/ur_moveit_config:/home/user/ur_ws/install/ur_bringup:/home/user/ur_ws/install/Universal_Robots_ROS2_GZ_Simulation:/opt/ros/humble LD_LIBRARY_PATH=/home/user/ur_ws/install/ur_controllers/lib:/home/user/ur_ws/install/ur_dashboard_msgs/lib:/home/user/ur_ws/install/ur_robot_driver/lib:/usr/lib/x86_64-linux-gnu/gazebo-11/plugins:/opt/ros/humble/opt/rviz_ogre_vendor/lib:/opt/ros/humble/lib/x86_64-linux-gnu:/opt/ros/humble/lib /usr/bin/cmake /home/user/ur_ws/src/Universal_Robots_ROS2_Driver/ur_robot_driver -DAMENT_CMAKE_SYMLINK_INSTALL=1 -DCMAKE_INSTALL_PREFIX=/home/user/ur_ws/install/ur_robot_driver
[1.323s] Invoking command in '/home/user/ur_ws/build/ur_robot_driver': CMAKE_PREFIX_PATH=/home/user/ur_ws/install/ur_controllers:/home/user/ur_ws/install/ur_description:/home/user/ur_ws/install/ur_dashboard_msgs:/home/user/ur_ws/install/ur_simulation_gz:/home/user/ur_ws/install/ur:/home/user/ur_ws/install/ur_calibration:/home/user/ur_ws/install/ur_robot_driver:/home/user/ur_ws/install/ur_moveit_config:/home/user/ur_ws/install/ur_bringup:/home/user/ur_ws/install/Universal_Robots_ROS2_GZ_Simulation:/opt/ros/humble LD_LIBRARY_PATH=/home/user/ur_ws/install/ur_controllers/lib:/home/user/ur_ws/install/ur_dashboard_msgs/lib:/home/user/ur_ws/install/ur_robot_driver/lib:/usr/lib/x86_64-linux-gnu/gazebo-11/plugins:/opt/ros/humble/opt/rviz_ogre_vendor/lib:/opt/ros/humble/lib/x86_64-linux-gnu:/opt/ros/humble/lib /usr/bin/cmake --build /home/user/ur_ws/build/ur_robot_driver -- -j32 -l32
[1.373s] [  5%] [32mBuilding CXX object CMakeFiles/urscript_interface.dir/src/urscript_interface.cpp.o[0m
[1.373s] [ 10%] [32mBuilding CXX object CMakeFiles/ur_robot_driver_plugin.dir/src/dashboard_client_ros.cpp.o[0m
[1.373s] [ 15%] [32mBuilding CXX object CMakeFiles/controller_stopper_node.dir/src/controller_stopper.cpp.o[0m
[1.373s] [ 25%] [32mBuilding CXX object CMakeFiles/robot_state_helper.dir/src/robot_state_helper.cpp.o[0m
[1.374s] [ 25%] [32mBuilding CXX object CMakeFiles/ur_ros2_control_node.dir/src/ur_ros2_control_node.cpp.o[0m
[1.374s] [ 30%] [32mBuilding CXX object CMakeFiles/ur_robot_driver_plugin.dir/src/hardware_interface.cpp.o[0m
[1.374s] [ 35%] [32mBuilding CXX object CMakeFiles/controller_stopper_node.dir/src/controller_stopper_node.cpp.o[0m
[1.374s] [ 40%] [32mBuilding CXX object CMakeFiles/robot_state_helper.dir/src/robot_state_helper_node.cpp.o[0m
[1.375s] [ 45%] [32mBuilding CXX object CMakeFiles/ur_robot_driver_plugin.dir/src/robot_state_helper.cpp.o[0m
[1.375s] [ 50%] [32mBuilding CXX object CMakeFiles/robot_state_helper.dir/src/urcl_log_handler.cpp.o[0m
[1.375s] [ 55%] [32mBuilding CXX object CMakeFiles/ur_robot_driver_plugin.dir/src/urcl_log_handler.cpp.o[0m
[1.376s] [ 60%] [32mBuilding CXX object CMakeFiles/dashboard_client.dir/src/dashboard_client_ros.cpp.o[0m
[1.376s] [ 65%] [32mBuilding CXX object CMakeFiles/dashboard_client.dir/src/dashboard_client_node.cpp.o[0m
[1.376s] [ 70%] [32mBuilding CXX object CMakeFiles/dashboard_client.dir/src/urcl_log_handler.cpp.o[0m
[1.381s] [ 70%] Built target ament_cmake_python_symlink_ur_robot_driver
[1.561s] running egg_info
[1.561s] creating ur_robot_driver.egg-info
[1.561s] writing ur_robot_driver.egg-info/PKG-INFO
[1.561s] writing dependency_links to ur_robot_driver.egg-info/dependency_links.txt
[1.562s] writing top-level names to ur_robot_driver.egg-info/top_level.txt
[1.562s] writing manifest file 'ur_robot_driver.egg-info/SOURCES.txt'
[1.563s] reading manifest file 'ur_robot_driver.egg-info/SOURCES.txt'
[1.564s] writing manifest file 'ur_robot_driver.egg-info/SOURCES.txt'
[1.589s] [ 70%] Built target ament_cmake_python_build_ur_robot_driver_egg
[5.034s] [ 75%] [32m[1mLinking CXX executable ur_ros2_control_node[0m
[5.153s] [ 75%] Built target ur_ros2_control_node
[11.282s] [ 80%] [32m[1mLinking CXX executable urscript_interface[0m
[11.500s] [ 80%] Built target urscript_interface
[13.197s] [ 85%] [32m[1mLinking CXX executable controller_stopper_node[0m
[13.449s] [ 85%] Built target controller_stopper_node
[16.546s] [ 90%] [32m[1mLinking CXX executable dashboard_client[0m
[16.820s] [ 90%] Built target dashboard_client
[20.091s] [ 95%] [32m[1mLinking CXX shared library libur_robot_driver_plugin.so[0m
[20.182s] [100%] [32m[1mLinking CXX executable robot_state_helper[0m
[20.520s] [100%] Built target robot_state_helper
[20.613s] [100%] Built target ur_robot_driver_plugin
[20.626s] Invoked command in '/home/user/ur_ws/build/ur_robot_driver' returned '0': CMAKE_PREFIX_PATH=/home/user/ur_ws/install/ur_controllers:/home/user/ur_ws/install/ur_description:/home/user/ur_ws/install/ur_dashboard_msgs:/home/user/ur_ws/install/ur_simulation_gz:/home/user/ur_ws/install/ur:/home/user/ur_ws/install/ur_calibration:/home/user/ur_ws/install/ur_robot_driver:/home/user/ur_ws/install/ur_moveit_config:/home/user/ur_ws/install/ur_bringup:/home/user/ur_ws/install/Universal_Robots_ROS2_GZ_Simulation:/opt/ros/humble LD_LIBRARY_PATH=/home/user/ur_ws/install/ur_controllers/lib:/home/user/ur_ws/install/ur_dashboard_msgs/lib:/home/user/ur_ws/install/ur_robot_driver/lib:/usr/lib/x86_64-linux-gnu/gazebo-11/plugins:/opt/ros/humble/opt/rviz_ogre_vendor/lib:/opt/ros/humble/lib/x86_64-linux-gnu:/opt/ros/humble/lib /usr/bin/cmake --build /home/user/ur_ws/build/ur_robot_driver -- -j32 -l32
[20.628s] Invoking command in '/home/user/ur_ws/build/ur_robot_driver': CMAKE_PREFIX_PATH=/home/user/ur_ws/install/ur_controllers:/home/user/ur_ws/install/ur_description:/home/user/ur_ws/install/ur_dashboard_msgs:/home/user/ur_ws/install/ur_simulation_gz:/home/user/ur_ws/install/ur:/home/user/ur_ws/install/ur_calibration:/home/user/ur_ws/install/ur_robot_driver:/home/user/ur_ws/install/ur_moveit_config:/home/user/ur_ws/install/ur_bringup:/home/user/ur_ws/install/Universal_Robots_ROS2_GZ_Simulation:/opt/ros/humble LD_LIBRARY_PATH=/home/user/ur_ws/install/ur_controllers/lib:/home/user/ur_ws/install/ur_dashboard_msgs/lib:/home/user/ur_ws/install/ur_robot_driver/lib:/usr/lib/x86_64-linux-gnu/gazebo-11/plugins:/opt/ros/humble/opt/rviz_ogre_vendor/lib:/opt/ros/humble/lib/x86_64-linux-gnu:/opt/ros/humble/lib /usr/bin/cmake --install /home/user/ur_ws/build/ur_robot_driver
[20.632s] -- Install configuration: "RelWithDebInfo"
[20.633s] -- Execute custom install script
[20.633s] -- Symlinking: /home/user/ur_ws/install/ur_robot_driver/share/ur_robot_driver//hardware_interface_plugin.xml
[20.638s] -- Symlinking: /home/user/ur_ws/install/ur_robot_driver/lib/ur_robot_driver/dashboard_client
[20.644s] -- Symlinking: /home/user/ur_ws/install/ur_robot_driver/lib/ur_robot_driver/ur_ros2_control_node
[20.652s] -- Symlinking: /home/user/ur_ws/install/ur_robot_driver/lib/ur_robot_driver/controller_stopper_node
[20.657s] -- Symlinking: /home/user/ur_ws/install/ur_robot_driver/lib/ur_robot_driver/urscript_interface
[20.666s] -- Symlinking: /home/user/ur_ws/install/ur_robot_driver/lib/ur_robot_driver/robot_state_helper
[20.677s] -- Symlinking: /home/user/ur_ws/install/ur_robot_driver/lib/libur_robot_driver_plugin.so
[20.686s] -- Symlinking: /home/user/ur_ws/install/ur_robot_driver/include/ur_robot_driver/controller_stopper.hpp
[20.692s] -- Symlinking: /home/user/ur_ws/install/ur_robot_driver/include/ur_robot_driver/dashboard_client_ros.hpp
[20.700s] -- Symlinking: /home/user/ur_ws/install/ur_robot_driver/include/ur_robot_driver/hardware_interface.hpp
[20.712s] -- Symlinking: /home/user/ur_ws/install/ur_robot_driver/include/ur_robot_driver/robot_state_helper.hpp
[20.721s] -- Symlinking: /home/user/ur_ws/install/ur_robot_driver/include/ur_robot_driver/urcl_log_handler.hpp
[20.727s] -- Symlinking: /home/user/ur_ws/install/ur_robot_driver/share/ur_robot_driver/environment/library_path.sh
[20.737s] -- Symlinking: /home/user/ur_ws/install/ur_robot_driver/share/ur_robot_driver/environment/library_path.dsv
[20.743s] -- Up-to-date symlink: /home/user/ur_ws/install/ur_robot_driver/include/ur_robot_driver/controller_stopper.hpp
[20.743s] -- Up-to-date symlink: /home/user/ur_ws/install/ur_robot_driver/include/ur_robot_driver/dashboard_client_ros.hpp
[20.743s] -- Up-to-date symlink: /home/user/ur_ws/install/ur_robot_driver/include/ur_robot_driver/hardware_interface.hpp
[20.743s] -- Up-to-date symlink: /home/user/ur_ws/install/ur_robot_driver/include/ur_robot_driver/robot_state_helper.hpp
[20.743s] -- Up-to-date symlink: /home/user/ur_ws/install/ur_robot_driver/include/ur_robot_driver/urcl_log_handler.hpp
[20.743s] -- Symlinking: /home/user/ur_ws/install/ur_robot_driver/share/ur_robot_driver/environment/pythonpath.sh
[20.749s] -- Symlinking: /home/user/ur_ws/install/ur_robot_driver/share/ur_robot_driver/environment/pythonpath.dsv
[20.754s] -- Symlinking: /home/user/ur_ws/install/ur_robot_driver/local/lib/python3.10/dist-packages/ur_robot_driver-2.9.0-py3.10.egg-info/PKG-INFO
[20.762s] -- Symlinking: /home/user/ur_ws/install/ur_robot_driver/local/lib/python3.10/dist-packages/ur_robot_driver-2.9.0-py3.10.egg-info/SOURCES.txt
[20.768s] -- Symlinking: /home/user/ur_ws/install/ur_robot_driver/local/lib/python3.10/dist-packages/ur_robot_driver-2.9.0-py3.10.egg-info/dependency_links.txt
[20.776s] -- Symlinking: /home/user/ur_ws/install/ur_robot_driver/local/lib/python3.10/dist-packages/ur_robot_driver-2.9.0-py3.10.egg-info/top_level.txt
[20.784s] -- Symlinking: /home/user/ur_ws/install/ur_robot_driver/local/lib/python3.10/dist-packages/ur_robot_driver/__init__.py
[20.793s] -- Symlinking: /home/user/ur_ws/install/ur_robot_driver/lib/ur_robot_driver/tool_communication.py
[20.800s] -- Symlinking: /home/user/ur_ws/install/ur_robot_driver/lib/ur_robot_driver/example_move.py
[20.808s] -- Symlinking: /home/user/ur_ws/install/ur_robot_driver/lib/ur_robot_driver/start_ursim.sh
[20.816s] -- Symlinking: /home/user/ur_ws/install/ur_robot_driver/lib/ur_robot_driver/examples.py
[20.822s] -- Symlinking: /home/user/ur_ws/install/ur_robot_driver/lib/ur_robot_driver/force_mode.py
[20.828s] -- Symlinking: /home/user/ur_ws/install/ur_robot_driver/bin/wait_dashboard_server.sh
[20.834s] -- Up-to-date symlink: /home/user/ur_ws/install/ur_robot_driver/lib/ur_robot_driver/start_ursim.sh
[20.835s] -- Symlinking: /home/user/ur_ws/install/ur_robot_driver/share/ur_robot_driver/config/test_goal_publishers_config.yaml
[20.843s] -- Symlinking: /home/user/ur_ws/install/ur_robot_driver/share/ur_robot_driver/config/test_velocity_goal_publishers_config.yaml
[20.849s] -- Symlinking: /home/user/ur_ws/install/ur_robot_driver/share/ur_robot_driver/config/ur10_update_rate.yaml
[20.855s] -- Symlinking: /home/user/ur_ws/install/ur_robot_driver/share/ur_robot_driver/config/ur10e_update_rate.yaml
[20.860s] -- Symlinking: /home/user/ur_ws/install/ur_robot_driver/share/ur_robot_driver/config/ur15_update_rate.yaml
[20.865s] -- Symlinking: /home/user/ur_ws/install/ur_robot_driver/share/ur_robot_driver/config/ur16e_update_rate.yaml
[20.877s] -- Symlinking: /home/user/ur_ws/install/ur_robot_driver/share/ur_robot_driver/config/ur20_update_rate.yaml
[20.883s] -- Symlinking: /home/user/ur_ws/install/ur_robot_driver/share/ur_robot_driver/config/ur30_update_rate.yaml
[20.893s] -- Symlinking: /home/user/ur_ws/install/ur_robot_driver/share/ur_robot_driver/config/ur3_update_rate.yaml
[20.900s] -- Symlinking: /home/user/ur_ws/install/ur_robot_driver/share/ur_robot_driver/config/ur3e_update_rate.yaml
[20.910s] -- Symlinking: /home/user/ur_ws/install/ur_robot_driver/share/ur_robot_driver/config/ur5_update_rate.yaml
[20.916s] -- Symlinking: /home/user/ur_ws/install/ur_robot_driver/share/ur_robot_driver/config/ur5e_update_rate.yaml
[20.921s] -- Symlinking: /home/user/ur_ws/install/ur_robot_driver/share/ur_robot_driver/config/ur8long_update_rate.yaml
[20.929s] -- Symlinking: /home/user/ur_ws/install/ur_robot_driver/share/ur_robot_driver/config/ur_controllers.yaml
[20.935s] -- Symlinking: /home/user/ur_ws/install/ur_robot_driver/share/ur_robot_driver/launch/test_forward_velocity_controller.launch.py
[20.942s] -- Symlinking: /home/user/ur_ws/install/ur_robot_driver/share/ur_robot_driver/launch/test_joint_trajectory_controller.launch.py
[20.947s] -- Symlinking: /home/user/ur_ws/install/ur_robot_driver/share/ur_robot_driver/launch/test_scaled_joint_trajectory_controller.launch.py
[20.954s] -- Symlinking: /home/user/ur_ws/install/ur_robot_driver/share/ur_robot_driver/launch/ur10.launch.py
[20.962s] -- Symlinking: /home/user/ur_ws/install/ur_robot_driver/share/ur_robot_driver/launch/ur10e.launch.py
[20.970s] -- Symlinking: /home/user/ur_ws/install/ur_robot_driver/share/ur_robot_driver/launch/ur12e.launch.py
[20.978s] -- Symlinking: /home/user/ur_ws/install/ur_robot_driver/share/ur_robot_driver/launch/ur15.launch.py
[20.986s] -- Symlinking: /home/user/ur_ws/install/ur_robot_driver/share/ur_robot_driver/launch/ur16e.launch.py
[20.994s] -- Symlinking: /home/user/ur_ws/install/ur_robot_driver/share/ur_robot_driver/launch/ur20.launch.py
[20.999s] -- Symlinking: /home/user/ur_ws/install/ur_robot_driver/share/ur_robot_driver/launch/ur3.launch.py
[21.008s] -- Symlinking: /home/user/ur_ws/install/ur_robot_driver/share/ur_robot_driver/launch/ur30.launch.py
[21.019s] -- Symlinking: /home/user/ur_ws/install/ur_robot_driver/share/ur_robot_driver/launch/ur3e.launch.py
[21.028s] -- Symlinking: /home/user/ur_ws/install/ur_robot_driver/share/ur_robot_driver/launch/ur5.launch.py
[21.036s] -- Symlinking: /home/user/ur_ws/install/ur_robot_driver/share/ur_robot_driver/launch/ur5e.launch.py
[21.043s] -- Symlinking: /home/user/ur_ws/install/ur_robot_driver/share/ur_robot_driver/launch/ur7e.launch.py
[21.051s] -- Symlinking: /home/user/ur_ws/install/ur_robot_driver/share/ur_robot_driver/launch/ur8long.launch.py
[21.060s] -- Symlinking: /home/user/ur_ws/install/ur_robot_driver/share/ur_robot_driver/launch/ur_control.launch.py
[21.067s] -- Symlinking: /home/user/ur_ws/install/ur_robot_driver/share/ur_robot_driver/launch/ur_dashboard_client.launch.py
[21.075s] -- Symlinking: /home/user/ur_ws/install/ur_robot_driver/share/ament_index/resource_index/package_run_dependencies/ur_robot_driver
[21.084s] -- Symlinking: /home/user/ur_ws/install/ur_robot_driver/share/ament_index/resource_index/parent_prefix_path/ur_robot_driver
[21.092s] -- Symlinking: /home/user/ur_ws/install/ur_robot_driver/share/ur_robot_driver/environment/ament_prefix_path.sh
[21.099s] -- Symlinking: /home/user/ur_ws/install/ur_robot_driver/share/ur_robot_driver/environment/ament_prefix_path.dsv
[21.105s] -- Symlinking: /home/user/ur_ws/install/ur_robot_driver/share/ur_robot_driver/environment/path.sh
[21.112s] -- Symlinking: /home/user/ur_ws/install/ur_robot_driver/share/ur_robot_driver/environment/path.dsv
[21.121s] -- Symlinking: /home/user/ur_ws/install/ur_robot_driver/share/ur_robot_driver/local_setup.bash
[21.127s] -- Symlinking: /home/user/ur_ws/install/ur_robot_driver/share/ur_robot_driver/local_setup.sh
[21.133s] -- Symlinking: /home/user/ur_ws/install/ur_robot_driver/share/ur_robot_driver/local_setup.zsh
[21.142s] -- Symlinking: /home/user/ur_ws/install/ur_robot_driver/share/ur_robot_driver/local_setup.dsv
[21.149s] -- Symlinking: /home/user/ur_ws/install/ur_robot_driver/share/ur_robot_driver/package.dsv
[21.156s] -- Symlinking: /home/user/ur_ws/install/ur_robot_driver/share/ament_index/resource_index/packages/ur_robot_driver
[21.165s] -- Symlinking: /home/user/ur_ws/install/ur_robot_driver/share/ament_index/resource_index/hardware_interface__pluginlib__plugin/ur_robot_driver
[21.169s] -- Symlinking: /home/user/ur_ws/install/ur_robot_driver/share/ur_robot_driver/cmake/ament_cmake_export_include_directories-extras.cmake
[21.178s] -- Symlinking: /home/user/ur_ws/install/ur_robot_driver/share/ur_robot_driver/cmake/ament_cmake_export_libraries-extras.cmake
[21.184s] -- Symlinking: /home/user/ur_ws/install/ur_robot_driver/share/ur_robot_driver/cmake/ament_cmake_export_dependencies-extras.cmake
[21.190s] -- Symlinking: /home/user/ur_ws/install/ur_robot_driver/share/ur_robot_driver/cmake/ur_robot_driverConfig.cmake
[21.199s] -- Symlinking: /home/user/ur_ws/install/ur_robot_driver/share/ur_robot_driver/cmake/ur_robot_driverConfig-version.cmake
[21.205s] -- Symlinking: /home/user/ur_ws/install/ur_robot_driver/share/ur_robot_driver/package.xml
[21.212s] -- Installing: /home/user/ur_ws/install/ur_robot_driver/share/ur_robot_driver/resources
[21.212s] -- Installing: /home/user/ur_ws/install/ur_robot_driver/share/ur_robot_driver/resources/ros_control.urscript
[21.213s] -- Installing: /home/user/ur_ws/install/ur_robot_driver/share/ur_robot_driver/resources/externalcontrol-1.0.5.urcap
[21.213s] -- Installing: /home/user/ur_ws/install/ur_robot_driver/share/ur_robot_driver/resources/rtde_input_recipe.txt
[21.213s] -- Installing: /home/user/ur_ws/install/ur_robot_driver/share/ur_robot_driver/resources/rtde_output_recipe.txt
[21.214s] -- Installing: /home/user/ur_ws/install/ur_robot_driver/share/ur_robot_driver/resources/rs485-1.0.urcap
[21.236s] Listing '/home/user/ur_ws/install/ur_robot_driver/local/lib/python3.10/dist-packages/ur_robot_driver'...
[21.236s] Compiling '/home/user/ur_ws/install/ur_robot_driver/local/lib/python3.10/dist-packages/ur_robot_driver/__init__.py'...
[21.242s] Invoked command in '/home/user/ur_ws/build/ur_robot_driver' returned '0': CMAKE_PREFIX_PATH=/home/user/ur_ws/install/ur_controllers:/home/user/ur_ws/install/ur_description:/home/user/ur_ws/install/ur_dashboard_msgs:/home/user/ur_ws/install/ur_simulation_gz:/home/user/ur_ws/install/ur:/home/user/ur_ws/install/ur_calibration:/home/user/ur_ws/install/ur_robot_driver:/home/user/ur_ws/install/ur_moveit_config:/home/user/ur_ws/install/ur_bringup:/home/user/ur_ws/install/Universal_Robots_ROS2_GZ_Simulation:/opt/ros/humble LD_LIBRARY_PATH=/home/user/ur_ws/install/ur_controllers/lib:/home/user/ur_ws/install/ur_dashboard_msgs/lib:/home/user/ur_ws/install/ur_robot_driver/lib:/usr/lib/x86_64-linux-gnu/gazebo-11/plugins:/opt/ros/humble/opt/rviz_ogre_vendor/lib:/opt/ros/humble/lib/x86_64-linux-gnu:/opt/ros/humble/lib /usr/bin/cmake --install /home/user/ur_ws/build/ur_robot_driver
