-- The C compiler identification is GNU 11.4.0
-- The CXX compiler identification is GNU 11.4.0
-- Detecting C compiler ABI info
-- Detecting C compiler ABI info - done
-- Check for working C compiler: /usr/bin/cc - skipped
-- Detecting C compile features
-- Detecting C compile features - done
-- Detecting CXX compiler ABI info
-- Detecting CXX compiler ABI info - done
-- Check for working CXX compiler: /usr/bin/c++ - skipped
-- Detecting CXX compile features
-- Detecting CXX compile features - done
-- Found ament_cmake: 1.3.12 (/opt/ros/humble/share/ament_cmake/cmake)
-- Found Python3: /usr/bin/python3 (found version "3.10.12") found components: Interpreter 
-- Override CMake install command with custom implementation using symlinks instead of copying resources
-- Configuring done
-- Generating done
-- Build files have been written to: /home/user/ur_ws/build/ur_moveit_config
Built target ament_cmake_python_symlink_ur_moveit_config
running egg_info
creating ur_moveit_config.egg-info
writing ur_moveit_config.egg-info/PKG-INFO
writing dependency_links to ur_moveit_config.egg-info/dependency_links.txt
writing top-level names to ur_moveit_config.egg-info/top_level.txt
writing manifest file 'ur_moveit_config.egg-info/SOURCES.txt'
reading manifest file 'ur_moveit_config.egg-info/SOURCES.txt'
writing manifest file 'ur_moveit_config.egg-info/SOURCES.txt'
Built target ament_cmake_python_build_ur_moveit_config_egg
