[0.018s] Invoking command in '/home/user/ur_ws/build/ur_moveit_config': CMAKE_PREFIX_PATH=/opt/ros/humble /usr/bin/cmake /home/user/ur_ws/src/Universal_Robots_ROS2_Driver/ur_moveit_config -DCMAKE_BUILD_TYPE=Release -DAMENT_CMAKE_SYMLINK_INSTALL=1 -DCMAKE_INSTALL_PREFIX=/home/user/ur_ws/install/ur_moveit_config
[0.069s] -- The C compiler identification is GNU 11.4.0
[0.119s] -- The CXX compiler identification is GNU 11.4.0
[0.125s] -- Detecting C compiler ABI info
[0.184s] -- Detecting C compiler ABI info - done
[0.190s] -- Check for working C compiler: /usr/bin/cc - skipped
[0.190s] -- Detecting C compile features
[0.190s] -- Detecting C compile features - done
[0.192s] -- Detecting CXX compiler ABI info
[0.260s] -- Detecting CXX compiler ABI info - done
[0.266s] -- Check for working CXX compiler: /usr/bin/c++ - skipped
[0.266s] -- Detecting CXX compile features
[0.266s] -- Detecting CXX compile features - done
[0.268s] -- Found ament_cmake: 1.3.12 (/opt/ros/humble/share/ament_cmake/cmake)
[0.393s] -- Found Python3: /usr/bin/python3 (found version "3.10.12") found components: Interpreter 
[0.449s] -- Override CMake install command with custom implementation using symlinks instead of copying resources
[0.594s] -- Configuring done
[0.596s] -- Generating done
[0.597s] -- Build files have been written to: /home/user/ur_ws/build/ur_moveit_config
[0.601s] Invoked command in '/home/user/ur_ws/build/ur_moveit_config' returned '0': CMAKE_PREFIX_PATH=/opt/ros/humble /usr/bin/cmake /home/user/ur_ws/src/Universal_Robots_ROS2_Driver/ur_moveit_config -DCMAKE_BUILD_TYPE=Release -DAMENT_CMAKE_SYMLINK_INSTALL=1 -DCMAKE_INSTALL_PREFIX=/home/user/ur_ws/install/ur_moveit_config
[0.602s] Invoking command in '/home/user/ur_ws/build/ur_moveit_config': CMAKE_PREFIX_PATH=/opt/ros/humble /usr/bin/cmake --build /home/user/ur_ws/build/ur_moveit_config -- -j32 -l32
[0.647s] Built target ament_cmake_python_symlink_ur_moveit_config
[0.824s] running egg_info
[0.825s] creating ur_moveit_config.egg-info
[0.825s] writing ur_moveit_config.egg-info/PKG-INFO
[0.825s] writing dependency_links to ur_moveit_config.egg-info/dependency_links.txt
[0.825s] writing top-level names to ur_moveit_config.egg-info/top_level.txt
[0.826s] writing manifest file 'ur_moveit_config.egg-info/SOURCES.txt'
[0.827s] reading manifest file 'ur_moveit_config.egg-info/SOURCES.txt'
[0.827s] writing manifest file 'ur_moveit_config.egg-info/SOURCES.txt'
[0.852s] Built target ament_cmake_python_build_ur_moveit_config_egg
