running develop
running egg_info
creating Universal_Robots_ROS2_GZ_Simulation.egg-info
writing Universal_Robots_ROS2_GZ_Simulation.egg-info/PKG-INFO
writing dependency_links to Universal_Robots_ROS2_GZ_Simulation.egg-info/dependency_links.txt
writing requirements to Universal_Robots_ROS2_GZ_Simulation.egg-info/requires.txt
writing top-level names to Universal_Robots_ROS2_GZ_Simulation.egg-info/top_level.txt
writing manifest file 'Universal_Robots_ROS2_GZ_Simulation.egg-info/SOURCES.txt'
reading manifest file 'Universal_Robots_ROS2_GZ_Simulation.egg-info/SOURCES.txt'
writing manifest file 'Universal_Robots_ROS2_GZ_Simulation.egg-info/SOURCES.txt'
running build_ext
Creating /home/user/ur_ws/install/Universal_Robots_ROS2_GZ_Simulation/lib/python3.10/site-packages/Universal-Robots-ROS2-GZ-Simulation.egg-link (link to .)

Installed /home/user/ur_ws/build/Universal_Robots_ROS2_GZ_Simulation
running symlink_data
creating /home/user/ur_ws/install/Universal_Robots_ROS2_GZ_Simulation/share/ament_index
creating /home/user/ur_ws/install/Universal_Robots_ROS2_GZ_Simulation/share/ament_index/resource_index
creating /home/user/ur_ws/install/Universal_Robots_ROS2_GZ_Simulation/share/ament_index/resource_index/packages
symbolically linking /home/user/ur_ws/build/Universal_Robots_ROS2_GZ_Simulation/resource/Universal_Robots_ROS2_GZ_Simulation -> /home/user/ur_ws/install/Universal_Robots_ROS2_GZ_Simulation/share/ament_index/resource_index/packages
creating /home/user/ur_ws/install/Universal_Robots_ROS2_GZ_Simulation/share/Universal_Robots_ROS2_GZ_Simulation/urdf
symbolically linking /home/user/ur_ws/build/Universal_Robots_ROS2_GZ_Simulation/urdf/ur10e_2f_gripper.urdf.xacro -> /home/user/ur_ws/install/Universal_Robots_ROS2_GZ_Simulation/share/Universal_Robots_ROS2_GZ_Simulation/urdf
creating /home/user/ur_ws/install/Universal_Robots_ROS2_GZ_Simulation/share/Universal_Robots_ROS2_GZ_Simulation/launch
symbolically linking /home/user/ur_ws/build/Universal_Robots_ROS2_GZ_Simulation/launch/ur10e_gripper_gazebo.launch.py -> /home/user/ur_ws/install/Universal_Robots_ROS2_GZ_Simulation/share/Universal_Robots_ROS2_GZ_Simulation/launch
symbolically linking /home/user/ur_ws/build/Universal_Robots_ROS2_GZ_Simulation/package.xml -> /home/user/ur_ws/install/Universal_Robots_ROS2_GZ_Simulation/share/Universal_Robots_ROS2_GZ_Simulation
