[0.515s] Invoking command in '/home/user/ur_ws/build/Universal_Robots_ROS2_GZ_Simulation': PYTHONPATH=/home/user/ur_ws/build/Universal_Robots_ROS2_GZ_Simulation/prefix_override:/usr/lib/python3/dist-packages/colcon_core/task/python/colcon_distutils_commands:/home/user/ur_ws/install/Universal_Robots_ROS2_GZ_Simulation/lib/python3.10/site-packages:${PYTHONPATH} /usr/bin/python3 -W ignore:setup.py install is deprecated -W ignore:easy_install command is deprecated setup.py develop --editable --build-directory /home/user/ur_ws/build/Universal_Robots_ROS2_GZ_Simulation/build --no-deps symlink_data
[0.717s] running develop
[0.825s] running egg_info
[0.825s] creating Universal_Robots_ROS2_GZ_Simulation.egg-info
[0.825s] writing Universal_Robots_ROS2_GZ_Simulation.egg-info/PKG-INFO
[0.826s] writing dependency_links to Universal_Robots_ROS2_GZ_Simulation.egg-info/dependency_links.txt
[0.826s] writing requirements to Universal_Robots_ROS2_GZ_Simulation.egg-info/requires.txt
[0.826s] writing top-level names to Universal_Robots_ROS2_GZ_Simulation.egg-info/top_level.txt
[0.826s] writing manifest file 'Universal_Robots_ROS2_GZ_Simulation.egg-info/SOURCES.txt'
[0.827s] reading manifest file 'Universal_Robots_ROS2_GZ_Simulation.egg-info/SOURCES.txt'
[0.828s] writing manifest file 'Universal_Robots_ROS2_GZ_Simulation.egg-info/SOURCES.txt'
[0.830s] running build_ext
[0.831s] Creating /home/user/ur_ws/install/Universal_Robots_ROS2_GZ_Simulation/lib/python3.10/site-packages/Universal-Robots-ROS2-GZ-Simulation.egg-link (link to .)
[0.833s] 
[0.833s] Installed /home/user/ur_ws/build/Universal_Robots_ROS2_GZ_Simulation
[0.833s] running symlink_data
[0.833s] creating /home/user/ur_ws/install/Universal_Robots_ROS2_GZ_Simulation/share/ament_index
[0.833s] creating /home/user/ur_ws/install/Universal_Robots_ROS2_GZ_Simulation/share/ament_index/resource_index
[0.833s] creating /home/user/ur_ws/install/Universal_Robots_ROS2_GZ_Simulation/share/ament_index/resource_index/packages
[0.833s] symbolically linking /home/user/ur_ws/build/Universal_Robots_ROS2_GZ_Simulation/resource/Universal_Robots_ROS2_GZ_Simulation -> /home/user/ur_ws/install/Universal_Robots_ROS2_GZ_Simulation/share/ament_index/resource_index/packages
[0.833s] creating /home/user/ur_ws/install/Universal_Robots_ROS2_GZ_Simulation/share/Universal_Robots_ROS2_GZ_Simulation/urdf
[0.834s] symbolically linking /home/user/ur_ws/build/Universal_Robots_ROS2_GZ_Simulation/urdf/ur10e_2f_gripper.urdf.xacro -> /home/user/ur_ws/install/Universal_Robots_ROS2_GZ_Simulation/share/Universal_Robots_ROS2_GZ_Simulation/urdf
[0.834s] creating /home/user/ur_ws/install/Universal_Robots_ROS2_GZ_Simulation/share/Universal_Robots_ROS2_GZ_Simulation/launch
[0.834s] symbolically linking /home/user/ur_ws/build/Universal_Robots_ROS2_GZ_Simulation/launch/ur10e_gripper_gazebo.launch.py -> /home/user/ur_ws/install/Universal_Robots_ROS2_GZ_Simulation/share/Universal_Robots_ROS2_GZ_Simulation/launch
[0.834s] symbolically linking /home/user/ur_ws/build/Universal_Robots_ROS2_GZ_Simulation/package.xml -> /home/user/ur_ws/install/Universal_Robots_ROS2_GZ_Simulation/share/Universal_Robots_ROS2_GZ_Simulation
[0.877s] Invoked command in '/home/user/ur_ws/build/Universal_Robots_ROS2_GZ_Simulation' returned '0': PYTHONPATH=/home/user/ur_ws/build/Universal_Robots_ROS2_GZ_Simulation/prefix_override:/usr/lib/python3/dist-packages/colcon_core/task/python/colcon_distutils_commands:/home/user/ur_ws/install/Universal_Robots_ROS2_GZ_Simulation/lib/python3.10/site-packages:${PYTHONPATH} /usr/bin/python3 -W ignore:setup.py install is deprecated -W ignore:easy_install command is deprecated setup.py develop --editable --build-directory /home/user/ur_ws/build/Universal_Robots_ROS2_GZ_Simulation/build --no-deps symlink_data
