[0.020s] Invoking command in '/home/user/ur_ws/build/ur_robot_driver': CMAKE_PREFIX_PATH=/home/user/ur_ws/install/ur_controllers:/home/user/ur_ws/install/ur_description:/home/user/ur_ws/install/ur_dashboard_msgs:/home/user/ur_ws/install/ur:/home/user/ur_ws/install/ur_calibration:/home/user/ur_ws/install/ur_robot_driver:/home/user/ur_ws/install/ur_moveit_config:/home/user/ur_ws/install/ur_bringup:/home/user/ur_ws/install/ur_simulation_gz:/home/user/ur_ws/install/universal_robots_ros2_gz_simulation:/opt/ros/humble LD_LIBRARY_PATH=/home/user/ur_ws/install/ur_controllers/lib:/home/user/ur_ws/install/ur_dashboard_msgs/lib:/home/user/ur_ws/install/ur_robot_driver/lib:/usr/lib/x86_64-linux-gnu/gazebo-11/plugins:/opt/ros/humble/opt/rviz_ogre_vendor/lib:/opt/ros/humble/lib/x86_64-linux-gnu:/opt/ros/humble/lib /usr/bin/cmake /home/user/ur_ws/src/universal_robots_ros2_driver/ur_robot_driver -DAMENT_CMAKE_SYMLINK_INSTALL=1 -DCMAKE_INSTALL_PREFIX=/home/user/ur_ws/install/ur_robot_driver
[0.070s] -- The C compiler identification is GNU 11.4.0
[0.119s] -- The CXX compiler identification is GNU 11.4.0
[0.126s] -- Detecting C compiler ABI info
[0.194s] -- Detecting C compiler ABI info - done
[0.202s] -- Check for working C compiler: /usr/bin/cc - skipped
[0.202s] -- Detecting C compile features
[0.202s] -- Detecting C compile features - done
[0.204s] -- Detecting CXX compiler ABI info
[0.279s] -- Detecting CXX compiler ABI info - done
[0.286s] -- Check for working CXX compiler: /usr/bin/c++ - skipped
[0.286s] -- Detecting CXX compile features
[0.286s] -- Detecting CXX compile features - done
[0.287s] [0mur_robot_driver: You did not request a specific build type: selecting 'RelWithDebInfo'.[0m
[0.288s] -- Found ament_cmake: 1.3.12 (/opt/ros/humble/share/ament_cmake/cmake)
[0.430s] -- Found Python3: /usr/bin/python3 (found version "3.10.12") found components: Interpreter 
[0.472s] -- Override CMake install command with custom implementation using symlinks instead of copying resources
[0.494s] -- Found controller_manager: 2.52.0 (/opt/ros/humble/share/controller_manager/cmake)
[0.525s] -- Found rosidl_generator_c: 3.1.7 (/opt/ros/humble/share/rosidl_generator_c/cmake)
[0.528s] -- Found rosidl_adapter: 3.1.7 (/opt/ros/humble/share/rosidl_adapter/cmake)
[0.533s] -- Found rosidl_generator_cpp: 3.1.7 (/opt/ros/humble/share/rosidl_generator_cpp/cmake)
[0.540s] -- Using all available rosidl_typesupport_c: rosidl_typesupport_fastrtps_c;rosidl_typesupport_introspection_c
[0.551s] -- Using all available rosidl_typesupport_cpp: rosidl_typesupport_fastrtps_cpp;rosidl_typesupport_introspection_cpp
[0.681s] -- Found rmw_implementation_cmake: 6.1.2 (/opt/ros/humble/share/rmw_implementation_cmake/cmake)
[0.683s] -- Found rmw_cyclonedds_cpp: 1.3.4 (/opt/ros/humble/share/rmw_cyclonedds_cpp/cmake)
[0.697s] -- Using RMW implementation 'rmw_cyclonedds_cpp' as default
[0.703s] -- Looking for pthread.h
[0.791s] -- Looking for pthread.h - found
[0.791s] -- Performing Test CMAKE_HAVE_LIBC_PTHREAD
[0.894s] -- Performing Test CMAKE_HAVE_LIBC_PTHREAD - Success
[0.895s] -- Found Threads: TRUE  
[0.947s] -- Found rclpy: 3.3.17 (/opt/ros/humble/share/rclpy/cmake)
[0.948s] -- Found std_srvs: 4.9.0 (/opt/ros/humble/share/std_srvs/cmake)
[0.954s] -- Found tf2_geometry_msgs: 0.25.16 (/opt/ros/humble/share/tf2_geometry_msgs/cmake)
[0.964s] -- Found eigen3_cmake_module: 0.1.1 (/opt/ros/humble/share/eigen3_cmake_module/cmake)
[0.964s] -- Found Eigen3: TRUE (found version "3.4.0") 
[0.964s] -- Ensuring Eigen3 include directory is part of orocos-kdl CMake target
[1.001s] -- Found ur_dashboard_msgs: 2.9.0 (/home/user/ur_ws/install/ur_dashboard_msgs/share/ur_dashboard_msgs/cmake)
[1.011s] -- Found ur_msgs: 2.3.0 (/opt/ros/humble/share/ur_msgs/cmake)
[1.153s] -- Found ur_controllers: 2.9.0 (/home/user/ur_ws/install/ur_controllers/share/ur_controllers/cmake)
[1.208s] -- Found ur_description: 2.7.1 (/home/user/ur_ws/install/ur_description/share/ur_description/cmake)
[1.209s] -- Found launch_testing_ament_cmake: 1.0.10 (/opt/ros/humble/share/launch_testing_ament_cmake/cmake)
[1.210s] -- Found python_cmake_module: 0.10.0 (/opt/ros/humble/share/python_cmake_module/cmake)
[1.227s] -- Found PythonInterp: /usr/bin/python3 (found suitable version "3.10.12", minimum required is "3.6") 
[1.231s] -- Found PythonLibs: /usr/lib/x86_64-linux-gnu/libpython3.10.so (found suitable version "3.10.12", minimum required is "3.5") 
[1.231s] -- Using PYTHON_EXECUTABLE: /usr/bin/python3
[1.231s] -- Using PYTHON_INCLUDE_DIRS: /usr/include/python3.10
[1.231s] -- Using PYTHON_LIBRARIES: /usr/lib/x86_64-linux-gnu/libpython3.10.so
[1.256s] -- Found PythonExtra: .so  
[1.256s] -- Configuring done
[1.283s] -- Generating done
[1.294s] -- Build files have been written to: /home/user/ur_ws/build/ur_robot_driver
[1.303s] Invoked command in '/home/user/ur_ws/build/ur_robot_driver' returned '0': CMAKE_PREFIX_PATH=/home/user/ur_ws/install/ur_controllers:/home/user/ur_ws/install/ur_description:/home/user/ur_ws/install/ur_dashboard_msgs:/home/user/ur_ws/install/ur:/home/user/ur_ws/install/ur_calibration:/home/user/ur_ws/install/ur_robot_driver:/home/user/ur_ws/install/ur_moveit_config:/home/user/ur_ws/install/ur_bringup:/home/user/ur_ws/install/ur_simulation_gz:/home/user/ur_ws/install/universal_robots_ros2_gz_simulation:/opt/ros/humble LD_LIBRARY_PATH=/home/user/ur_ws/install/ur_controllers/lib:/home/user/ur_ws/install/ur_dashboard_msgs/lib:/home/user/ur_ws/install/ur_robot_driver/lib:/usr/lib/x86_64-linux-gnu/gazebo-11/plugins:/opt/ros/humble/opt/rviz_ogre_vendor/lib:/opt/ros/humble/lib/x86_64-linux-gnu:/opt/ros/humble/lib /usr/bin/cmake /home/user/ur_ws/src/universal_robots_ros2_driver/ur_robot_driver -DAMENT_CMAKE_SYMLINK_INSTALL=1 -DCMAKE_INSTALL_PREFIX=/home/user/ur_ws/install/ur_robot_driver
[1.304s] Invoking command in '/home/user/ur_ws/build/ur_robot_driver': CMAKE_PREFIX_PATH=/home/user/ur_ws/install/ur_controllers:/home/user/ur_ws/install/ur_description:/home/user/ur_ws/install/ur_dashboard_msgs:/home/user/ur_ws/install/ur:/home/user/ur_ws/install/ur_calibration:/home/user/ur_ws/install/ur_robot_driver:/home/user/ur_ws/install/ur_moveit_config:/home/user/ur_ws/install/ur_bringup:/home/user/ur_ws/install/ur_simulation_gz:/home/user/ur_ws/install/universal_robots_ros2_gz_simulation:/opt/ros/humble LD_LIBRARY_PATH=/home/user/ur_ws/install/ur_controllers/lib:/home/user/ur_ws/install/ur_dashboard_msgs/lib:/home/user/ur_ws/install/ur_robot_driver/lib:/usr/lib/x86_64-linux-gnu/gazebo-11/plugins:/opt/ros/humble/opt/rviz_ogre_vendor/lib:/opt/ros/humble/lib/x86_64-linux-gnu:/opt/ros/humble/lib /usr/bin/cmake --build /home/user/ur_ws/build/ur_robot_driver -- -j32 -l32
[1.359s] [  5%] [32mBuilding CXX object CMakeFiles/dashboard_client.dir/src/dashboard_client_ros.cpp.o[0m
[1.359s] [ 10%] [32mBuilding CXX object CMakeFiles/robot_state_helper.dir/src/robot_state_helper_node.cpp.o[0m
[1.359s] [ 15%] [32mBuilding CXX object CMakeFiles/robot_state_helper.dir/src/robot_state_helper.cpp.o[0m
[1.359s] [ 20%] [32mBuilding CXX object CMakeFiles/dashboard_client.dir/src/urcl_log_handler.cpp.o[0m
[1.360s] [ 25%] [32mBuilding CXX object CMakeFiles/ur_robot_driver_plugin.dir/src/urcl_log_handler.cpp.o[0m
[1.360s] [ 30%] [32mBuilding CXX object CMakeFiles/robot_state_helper.dir/src/urcl_log_handler.cpp.o[0m
[1.360s] [ 35%] [32mBuilding CXX object CMakeFiles/controller_stopper_node.dir/src/controller_stopper.cpp.o[0m
[1.360s] [ 40%] [32mBuilding CXX object CMakeFiles/dashboard_client.dir/src/dashboard_client_node.cpp.o[0m
[1.361s] [ 50%] [32mBuilding CXX object CMakeFiles/ur_robot_driver_plugin.dir/src/robot_state_helper.cpp.o[0m
[1.361s] [ 50%] [32mBuilding CXX object CMakeFiles/ur_robot_driver_plugin.dir/src/hardware_interface.cpp.o[0m
[1.361s] [ 55%] [32mBuilding CXX object CMakeFiles/controller_stopper_node.dir/src/controller_stopper_node.cpp.o[0m
[1.361s] [ 60%] [32mBuilding CXX object CMakeFiles/ur_robot_driver_plugin.dir/src/dashboard_client_ros.cpp.o[0m
[1.362s] [ 65%] [32mBuilding CXX object CMakeFiles/ur_ros2_control_node.dir/src/ur_ros2_control_node.cpp.o[0m
[1.362s] [ 70%] [32mBuilding CXX object CMakeFiles/urscript_interface.dir/src/urscript_interface.cpp.o[0m
[1.363s] [ 70%] Built target ament_cmake_python_symlink_ur_robot_driver
[1.546s] running egg_info
[1.547s] creating ur_robot_driver.egg-info
[1.547s] writing ur_robot_driver.egg-info/PKG-INFO
[1.547s] writing dependency_links to ur_robot_driver.egg-info/dependency_links.txt
[1.547s] writing top-level names to ur_robot_driver.egg-info/top_level.txt
[1.547s] writing manifest file 'ur_robot_driver.egg-info/SOURCES.txt'
[1.549s] reading manifest file 'ur_robot_driver.egg-info/SOURCES.txt'
[1.549s] writing manifest file 'ur_robot_driver.egg-info/SOURCES.txt'
[1.573s] [ 70%] Built target ament_cmake_python_build_ur_robot_driver_egg
[4.978s] [ 75%] [32m[1mLinking CXX executable ur_ros2_control_node[0m
[5.091s] [ 75%] Built target ur_ros2_control_node
[11.777s] [ 80%] [32m[1mLinking CXX executable urscript_interface[0m
[12.003s] [ 80%] Built target urscript_interface
[13.264s] [ 85%] [32m[1mLinking CXX executable controller_stopper_node[0m
[13.512s] [ 85%] Built target controller_stopper_node
[16.449s] [ 90%] [32m[1mLinking CXX executable dashboard_client[0m
[16.729s] [ 90%] Built target dashboard_client
[20.294s] [ 95%] [32m[1mLinking CXX shared library libur_robot_driver_plugin.so[0m
[20.299s] [100%] [32m[1mLinking CXX executable robot_state_helper[0m
[20.638s] [100%] Built target robot_state_helper
[20.832s] [100%] Built target ur_robot_driver_plugin
[20.843s] Invoked command in '/home/user/ur_ws/build/ur_robot_driver' returned '0': CMAKE_PREFIX_PATH=/home/user/ur_ws/install/ur_controllers:/home/user/ur_ws/install/ur_description:/home/user/ur_ws/install/ur_dashboard_msgs:/home/user/ur_ws/install/ur:/home/user/ur_ws/install/ur_calibration:/home/user/ur_ws/install/ur_robot_driver:/home/user/ur_ws/install/ur_moveit_config:/home/user/ur_ws/install/ur_bringup:/home/user/ur_ws/install/ur_simulation_gz:/home/user/ur_ws/install/universal_robots_ros2_gz_simulation:/opt/ros/humble LD_LIBRARY_PATH=/home/user/ur_ws/install/ur_controllers/lib:/home/user/ur_ws/install/ur_dashboard_msgs/lib:/home/user/ur_ws/install/ur_robot_driver/lib:/usr/lib/x86_64-linux-gnu/gazebo-11/plugins:/opt/ros/humble/opt/rviz_ogre_vendor/lib:/opt/ros/humble/lib/x86_64-linux-gnu:/opt/ros/humble/lib /usr/bin/cmake --build /home/user/ur_ws/build/ur_robot_driver -- -j32 -l32
[20.846s] Invoking command in '/home/user/ur_ws/build/ur_robot_driver': CMAKE_PREFIX_PATH=/home/user/ur_ws/install/ur_controllers:/home/user/ur_ws/install/ur_description:/home/user/ur_ws/install/ur_dashboard_msgs:/home/user/ur_ws/install/ur:/home/user/ur_ws/install/ur_calibration:/home/user/ur_ws/install/ur_robot_driver:/home/user/ur_ws/install/ur_moveit_config:/home/user/ur_ws/install/ur_bringup:/home/user/ur_ws/install/ur_simulation_gz:/home/user/ur_ws/install/universal_robots_ros2_gz_simulation:/opt/ros/humble LD_LIBRARY_PATH=/home/user/ur_ws/install/ur_controllers/lib:/home/user/ur_ws/install/ur_dashboard_msgs/lib:/home/user/ur_ws/install/ur_robot_driver/lib:/usr/lib/x86_64-linux-gnu/gazebo-11/plugins:/opt/ros/humble/opt/rviz_ogre_vendor/lib:/opt/ros/humble/lib/x86_64-linux-gnu:/opt/ros/humble/lib /usr/bin/cmake --install /home/user/ur_ws/build/ur_robot_driver
[20.852s] -- Install configuration: "RelWithDebInfo"
[20.853s] -- Execute custom install script
[20.853s] -- Symlinking: /home/user/ur_ws/install/ur_robot_driver/share/ur_robot_driver//hardware_interface_plugin.xml
[20.862s] -- Symlinking: /home/user/ur_ws/install/ur_robot_driver/lib/ur_robot_driver/dashboard_client
[20.867s] -- Symlinking: /home/user/ur_ws/install/ur_robot_driver/lib/ur_robot_driver/ur_ros2_control_node
[20.876s] -- Symlinking: /home/user/ur_ws/install/ur_robot_driver/lib/ur_robot_driver/controller_stopper_node
[20.883s] -- Symlinking: /home/user/ur_ws/install/ur_robot_driver/lib/ur_robot_driver/urscript_interface
[20.890s] -- Symlinking: /home/user/ur_ws/install/ur_robot_driver/lib/ur_robot_driver/robot_state_helper
[20.895s] -- Symlinking: /home/user/ur_ws/install/ur_robot_driver/lib/libur_robot_driver_plugin.so
[20.905s] -- Symlinking: /home/user/ur_ws/install/ur_robot_driver/include/ur_robot_driver/controller_stopper.hpp
[20.912s] -- Symlinking: /home/user/ur_ws/install/ur_robot_driver/include/ur_robot_driver/dashboard_client_ros.hpp
[20.917s] -- Symlinking: /home/user/ur_ws/install/ur_robot_driver/include/ur_robot_driver/hardware_interface.hpp
[20.925s] -- Symlinking: /home/user/ur_ws/install/ur_robot_driver/include/ur_robot_driver/robot_state_helper.hpp
[20.930s] -- Symlinking: /home/user/ur_ws/install/ur_robot_driver/include/ur_robot_driver/urcl_log_handler.hpp
[20.938s] -- Symlinking: /home/user/ur_ws/install/ur_robot_driver/share/ur_robot_driver/environment/library_path.sh
[20.944s] -- Symlinking: /home/user/ur_ws/install/ur_robot_driver/share/ur_robot_driver/environment/library_path.dsv
[20.949s] -- Up-to-date symlink: /home/user/ur_ws/install/ur_robot_driver/include/ur_robot_driver/controller_stopper.hpp
[20.949s] -- Up-to-date symlink: /home/user/ur_ws/install/ur_robot_driver/include/ur_robot_driver/dashboard_client_ros.hpp
[20.950s] -- Up-to-date symlink: /home/user/ur_ws/install/ur_robot_driver/include/ur_robot_driver/hardware_interface.hpp
[20.950s] -- Up-to-date symlink: /home/user/ur_ws/install/ur_robot_driver/include/ur_robot_driver/robot_state_helper.hpp
[20.950s] -- Up-to-date symlink: /home/user/ur_ws/install/ur_robot_driver/include/ur_robot_driver/urcl_log_handler.hpp
[20.950s] -- Symlinking: /home/user/ur_ws/install/ur_robot_driver/share/ur_robot_driver/environment/pythonpath.sh
[20.956s] -- Symlinking: /home/user/ur_ws/install/ur_robot_driver/share/ur_robot_driver/environment/pythonpath.dsv
[20.963s] -- Symlinking: /home/user/ur_ws/install/ur_robot_driver/local/lib/python3.10/dist-packages/ur_robot_driver-2.9.0-py3.10.egg-info/PKG-INFO
[20.969s] -- Symlinking: /home/user/ur_ws/install/ur_robot_driver/local/lib/python3.10/dist-packages/ur_robot_driver-2.9.0-py3.10.egg-info/SOURCES.txt
[20.977s] -- Symlinking: /home/user/ur_ws/install/ur_robot_driver/local/lib/python3.10/dist-packages/ur_robot_driver-2.9.0-py3.10.egg-info/dependency_links.txt
[20.985s] -- Symlinking: /home/user/ur_ws/install/ur_robot_driver/local/lib/python3.10/dist-packages/ur_robot_driver-2.9.0-py3.10.egg-info/top_level.txt
[20.991s] -- Symlinking: /home/user/ur_ws/install/ur_robot_driver/local/lib/python3.10/dist-packages/ur_robot_driver/__init__.py
[21.000s] -- Symlinking: /home/user/ur_ws/install/ur_robot_driver/lib/ur_robot_driver/tool_communication.py
[21.005s] -- Symlinking: /home/user/ur_ws/install/ur_robot_driver/lib/ur_robot_driver/example_move.py
[21.009s] -- Symlinking: /home/user/ur_ws/install/ur_robot_driver/lib/ur_robot_driver/start_ursim.sh
[21.017s] -- Symlinking: /home/user/ur_ws/install/ur_robot_driver/lib/ur_robot_driver/examples.py
[21.024s] -- Symlinking: /home/user/ur_ws/install/ur_robot_driver/lib/ur_robot_driver/force_mode.py
[21.031s] -- Symlinking: /home/user/ur_ws/install/ur_robot_driver/bin/wait_dashboard_server.sh
[21.037s] -- Up-to-date symlink: /home/user/ur_ws/install/ur_robot_driver/lib/ur_robot_driver/start_ursim.sh
[21.041s] -- Symlinking: /home/user/ur_ws/install/ur_robot_driver/share/ur_robot_driver/config/test_goal_publishers_config.yaml
[21.046s] -- Symlinking: /home/user/ur_ws/install/ur_robot_driver/share/ur_robot_driver/config/test_velocity_goal_publishers_config.yaml
[21.058s] -- Symlinking: /home/user/ur_ws/install/ur_robot_driver/share/ur_robot_driver/config/ur10_update_rate.yaml
[21.067s] -- Symlinking: /home/user/ur_ws/install/ur_robot_driver/share/ur_robot_driver/config/ur10e_update_rate.yaml
[21.074s] -- Symlinking: /home/user/ur_ws/install/ur_robot_driver/share/ur_robot_driver/config/ur15_update_rate.yaml
[21.080s] -- Symlinking: /home/user/ur_ws/install/ur_robot_driver/share/ur_robot_driver/config/ur16e_update_rate.yaml
[21.091s] -- Symlinking: /home/user/ur_ws/install/ur_robot_driver/share/ur_robot_driver/config/ur20_update_rate.yaml
[21.100s] -- Symlinking: /home/user/ur_ws/install/ur_robot_driver/share/ur_robot_driver/config/ur30_update_rate.yaml
[21.106s] -- Symlinking: /home/user/ur_ws/install/ur_robot_driver/share/ur_robot_driver/config/ur3_update_rate.yaml
[21.113s] -- Symlinking: /home/user/ur_ws/install/ur_robot_driver/share/ur_robot_driver/config/ur3e_update_rate.yaml
[21.119s] -- Symlinking: /home/user/ur_ws/install/ur_robot_driver/share/ur_robot_driver/config/ur5_update_rate.yaml
[21.127s] -- Symlinking: /home/user/ur_ws/install/ur_robot_driver/share/ur_robot_driver/config/ur5e_update_rate.yaml
[21.132s] -- Symlinking: /home/user/ur_ws/install/ur_robot_driver/share/ur_robot_driver/config/ur8long_update_rate.yaml
[21.139s] -- Symlinking: /home/user/ur_ws/install/ur_robot_driver/share/ur_robot_driver/config/ur_controllers.yaml
[21.146s] -- Symlinking: /home/user/ur_ws/install/ur_robot_driver/share/ur_robot_driver/launch/test_forward_velocity_controller.launch.py
[21.155s] -- Symlinking: /home/user/ur_ws/install/ur_robot_driver/share/ur_robot_driver/launch/test_joint_trajectory_controller.launch.py
[21.162s] -- Symlinking: /home/user/ur_ws/install/ur_robot_driver/share/ur_robot_driver/launch/test_scaled_joint_trajectory_controller.launch.py
[21.170s] -- Symlinking: /home/user/ur_ws/install/ur_robot_driver/share/ur_robot_driver/launch/ur10.launch.py
[21.175s] -- Symlinking: /home/user/ur_ws/install/ur_robot_driver/share/ur_robot_driver/launch/ur10e.launch.py
[21.186s] -- Symlinking: /home/user/ur_ws/install/ur_robot_driver/share/ur_robot_driver/launch/ur12e.launch.py
[21.193s] -- Symlinking: /home/user/ur_ws/install/ur_robot_driver/share/ur_robot_driver/launch/ur15.launch.py
[21.200s] -- Symlinking: /home/user/ur_ws/install/ur_robot_driver/share/ur_robot_driver/launch/ur16e.launch.py
[21.207s] -- Symlinking: /home/user/ur_ws/install/ur_robot_driver/share/ur_robot_driver/launch/ur20.launch.py
[21.216s] -- Symlinking: /home/user/ur_ws/install/ur_robot_driver/share/ur_robot_driver/launch/ur3.launch.py
[21.222s] -- Symlinking: /home/user/ur_ws/install/ur_robot_driver/share/ur_robot_driver/launch/ur30.launch.py
[21.230s] -- Symlinking: /home/user/ur_ws/install/ur_robot_driver/share/ur_robot_driver/launch/ur3e.launch.py
[21.237s] -- Symlinking: /home/user/ur_ws/install/ur_robot_driver/share/ur_robot_driver/launch/ur5.launch.py
[21.245s] -- Symlinking: /home/user/ur_ws/install/ur_robot_driver/share/ur_robot_driver/launch/ur5e.launch.py
[21.254s] -- Symlinking: /home/user/ur_ws/install/ur_robot_driver/share/ur_robot_driver/launch/ur7e.launch.py
[21.262s] -- Symlinking: /home/user/ur_ws/install/ur_robot_driver/share/ur_robot_driver/launch/ur8long.launch.py
[21.267s] -- Symlinking: /home/user/ur_ws/install/ur_robot_driver/share/ur_robot_driver/launch/ur_control.launch.py
[21.276s] -- Symlinking: /home/user/ur_ws/install/ur_robot_driver/share/ur_robot_driver/launch/ur_dashboard_client.launch.py
[21.282s] -- Symlinking: /home/user/ur_ws/install/ur_robot_driver/share/ament_index/resource_index/package_run_dependencies/ur_robot_driver
[21.290s] -- Symlinking: /home/user/ur_ws/install/ur_robot_driver/share/ament_index/resource_index/parent_prefix_path/ur_robot_driver
[21.298s] -- Symlinking: /home/user/ur_ws/install/ur_robot_driver/share/ur_robot_driver/environment/ament_prefix_path.sh
[21.306s] -- Symlinking: /home/user/ur_ws/install/ur_robot_driver/share/ur_robot_driver/environment/ament_prefix_path.dsv
[21.313s] -- Symlinking: /home/user/ur_ws/install/ur_robot_driver/share/ur_robot_driver/environment/path.sh
[21.322s] -- Symlinking: /home/user/ur_ws/install/ur_robot_driver/share/ur_robot_driver/environment/path.dsv
[21.330s] -- Symlinking: /home/user/ur_ws/install/ur_robot_driver/share/ur_robot_driver/local_setup.bash
[21.338s] -- Symlinking: /home/user/ur_ws/install/ur_robot_driver/share/ur_robot_driver/local_setup.sh
[21.344s] -- Symlinking: /home/user/ur_ws/install/ur_robot_driver/share/ur_robot_driver/local_setup.zsh
[21.351s] -- Symlinking: /home/user/ur_ws/install/ur_robot_driver/share/ur_robot_driver/local_setup.dsv
[21.357s] -- Symlinking: /home/user/ur_ws/install/ur_robot_driver/share/ur_robot_driver/package.dsv
[21.364s] -- Symlinking: /home/user/ur_ws/install/ur_robot_driver/share/ament_index/resource_index/packages/ur_robot_driver
[21.370s] -- Symlinking: /home/user/ur_ws/install/ur_robot_driver/share/ament_index/resource_index/hardware_interface__pluginlib__plugin/ur_robot_driver
[21.375s] -- Symlinking: /home/user/ur_ws/install/ur_robot_driver/share/ur_robot_driver/cmake/ament_cmake_export_include_directories-extras.cmake
[21.382s] -- Symlinking: /home/user/ur_ws/install/ur_robot_driver/share/ur_robot_driver/cmake/ament_cmake_export_libraries-extras.cmake
[21.390s] -- Symlinking: /home/user/ur_ws/install/ur_robot_driver/share/ur_robot_driver/cmake/ament_cmake_export_dependencies-extras.cmake
[21.395s] -- Symlinking: /home/user/ur_ws/install/ur_robot_driver/share/ur_robot_driver/cmake/ur_robot_driverConfig.cmake
[21.403s] -- Symlinking: /home/user/ur_ws/install/ur_robot_driver/share/ur_robot_driver/cmake/ur_robot_driverConfig-version.cmake
[21.409s] -- Symlinking: /home/user/ur_ws/install/ur_robot_driver/share/ur_robot_driver/package.xml
[21.417s] -- Installing: /home/user/ur_ws/install/ur_robot_driver/share/ur_robot_driver/resources
[21.420s] -- Installing: /home/user/ur_ws/install/ur_robot_driver/share/ur_robot_driver/resources/ros_control.urscript
[21.420s] -- Installing: /home/user/ur_ws/install/ur_robot_driver/share/ur_robot_driver/resources/externalcontrol-1.0.5.urcap
[21.421s] -- Installing: /home/user/ur_ws/install/ur_robot_driver/share/ur_robot_driver/resources/rtde_input_recipe.txt
[21.421s] -- Installing: /home/user/ur_ws/install/ur_robot_driver/share/ur_robot_driver/resources/rtde_output_recipe.txt
[21.421s] -- Installing: /home/user/ur_ws/install/ur_robot_driver/share/ur_robot_driver/resources/rs485-1.0.urcap
[21.443s] Listing '/home/user/ur_ws/install/ur_robot_driver/local/lib/python3.10/dist-packages/ur_robot_driver'...
[21.444s] Compiling '/home/user/ur_ws/install/ur_robot_driver/local/lib/python3.10/dist-packages/ur_robot_driver/__init__.py'...
[21.451s] Invoked command in '/home/user/ur_ws/build/ur_robot_driver' returned '0': CMAKE_PREFIX_PATH=/home/user/ur_ws/install/ur_controllers:/home/user/ur_ws/install/ur_description:/home/user/ur_ws/install/ur_dashboard_msgs:/home/user/ur_ws/install/ur:/home/user/ur_ws/install/ur_calibration:/home/user/ur_ws/install/ur_robot_driver:/home/user/ur_ws/install/ur_moveit_config:/home/user/ur_ws/install/ur_bringup:/home/user/ur_ws/install/ur_simulation_gz:/home/user/ur_ws/install/universal_robots_ros2_gz_simulation:/opt/ros/humble LD_LIBRARY_PATH=/home/user/ur_ws/install/ur_controllers/lib:/home/user/ur_ws/install/ur_dashboard_msgs/lib:/home/user/ur_ws/install/ur_robot_driver/lib:/usr/lib/x86_64-linux-gnu/gazebo-11/plugins:/opt/ros/humble/opt/rviz_ogre_vendor/lib:/opt/ros/humble/lib/x86_64-linux-gnu:/opt/ros/humble/lib /usr/bin/cmake --install /home/user/ur_ws/build/ur_robot_driver
