[0.020s] Invoking command in '/home/user/ur_ws/build/ur_controllers': CMAKE_PREFIX_PATH=/home/user/ur_ws/install/ur_dashboard_msgs:/home/user/ur_ws/install/ur:/home/user/ur_ws/install/ur_calibration:/home/user/ur_ws/install/ur_robot_driver:/home/user/ur_ws/install/ur_moveit_config:/home/user/ur_ws/install/ur_bringup:/home/user/ur_ws/install/ur_description:/home/user/ur_ws/install/ur_controllers:/home/user/ur_ws/install/ur_simulation_gz:/home/user/ur_ws/install/universal_robots_ros2_gz_simulation:/opt/ros/humble LD_LIBRARY_PATH=/home/user/ur_ws/install/ur_dashboard_msgs/lib:/home/user/ur_ws/install/ur_robot_driver/lib:/home/user/ur_ws/install/ur_controllers/lib:/usr/lib/x86_64-linux-gnu/gazebo-11/plugins:/opt/ros/humble/opt/rviz_ogre_vendor/lib:/opt/ros/humble/lib/x86_64-linux-gnu:/opt/ros/humble/lib /usr/bin/cmake --build /home/user/ur_ws/build/ur_controllers -- -j32 -l32
[0.083s] [  5%] Built target speed_scaling_state_broadcaster_parameters
[0.083s] [ 11%] Built target gpio_controller_parameters
[0.084s] [ 17%] Built target force_mode_controller_parameters
[0.084s] [ 23%] Built target tool_contact_controller_parameters
[0.085s] [ 29%] Built target freedrive_mode_controller_parameters
[0.085s] [ 35%] Built target scaled_joint_trajectory_controller_parameters
[0.085s] [ 41%] Built target ur_configuration_controller_parameters
[0.086s] [ 47%] Built target passthrough_trajectory_controller_parameters
[0.086s] [ 55%] Built target gmock
[0.087s] [ 61%] Built target gmock_main
[0.130s] [ 88%] Built target ur_controllers
[0.161s] [ 94%] Built target test_load_freedrive_mode_controller
[0.168s] [100%] Built target test_load_force_mode_controller
[0.186s] Invoked command in '/home/user/ur_ws/build/ur_controllers' returned '0': CMAKE_PREFIX_PATH=/home/user/ur_ws/install/ur_dashboard_msgs:/home/user/ur_ws/install/ur:/home/user/ur_ws/install/ur_calibration:/home/user/ur_ws/install/ur_robot_driver:/home/user/ur_ws/install/ur_moveit_config:/home/user/ur_ws/install/ur_bringup:/home/user/ur_ws/install/ur_description:/home/user/ur_ws/install/ur_controllers:/home/user/ur_ws/install/ur_simulation_gz:/home/user/ur_ws/install/universal_robots_ros2_gz_simulation:/opt/ros/humble LD_LIBRARY_PATH=/home/user/ur_ws/install/ur_dashboard_msgs/lib:/home/user/ur_ws/install/ur_robot_driver/lib:/home/user/ur_ws/install/ur_controllers/lib:/usr/lib/x86_64-linux-gnu/gazebo-11/plugins:/opt/ros/humble/opt/rviz_ogre_vendor/lib:/opt/ros/humble/lib/x86_64-linux-gnu:/opt/ros/humble/lib /usr/bin/cmake --build /home/user/ur_ws/build/ur_controllers -- -j32 -l32
[0.189s] Invoking command in '/home/user/ur_ws/build/ur_controllers': CMAKE_PREFIX_PATH=/home/user/ur_ws/install/ur_dashboard_msgs:/home/user/ur_ws/install/ur:/home/user/ur_ws/install/ur_calibration:/home/user/ur_ws/install/ur_robot_driver:/home/user/ur_ws/install/ur_moveit_config:/home/user/ur_ws/install/ur_bringup:/home/user/ur_ws/install/ur_description:/home/user/ur_ws/install/ur_controllers:/home/user/ur_ws/install/ur_simulation_gz:/home/user/ur_ws/install/universal_robots_ros2_gz_simulation:/opt/ros/humble LD_LIBRARY_PATH=/home/user/ur_ws/install/ur_dashboard_msgs/lib:/home/user/ur_ws/install/ur_robot_driver/lib:/home/user/ur_ws/install/ur_controllers/lib:/usr/lib/x86_64-linux-gnu/gazebo-11/plugins:/opt/ros/humble/opt/rviz_ogre_vendor/lib:/opt/ros/humble/lib/x86_64-linux-gnu:/opt/ros/humble/lib /usr/bin/cmake --install /home/user/ur_ws/build/ur_controllers
[0.197s] -- Install configuration: ""
[0.198s] -- Execute custom install script
[0.198s] -- Up-to-date symlink: /home/user/ur_ws/install/ur_controllers/include/ur_controllers/force_mode_controller_parameters.hpp
[0.198s] -- Up-to-date symlink: /home/user/ur_ws/install/ur_controllers/include/ur_controllers/freedrive_mode_controller_parameters.hpp
[0.198s] -- Up-to-date symlink: /home/user/ur_ws/install/ur_controllers/include/ur_controllers/gpio_controller_parameters.hpp
[0.198s] -- Up-to-date symlink: /home/user/ur_ws/install/ur_controllers/include/ur_controllers/passthrough_trajectory_controller_parameters.hpp
[0.198s] -- Up-to-date symlink: /home/user/ur_ws/install/ur_controllers/include/ur_controllers/scaled_joint_trajectory_controller_parameters.hpp
[0.198s] -- Up-to-date symlink: /home/user/ur_ws/install/ur_controllers/include/ur_controllers/speed_scaling_state_broadcaster_parameters.hpp
[0.199s] -- Up-to-date symlink: /home/user/ur_ws/install/ur_controllers/include/ur_controllers/tool_contact_controller_parameters.hpp
[0.199s] -- Up-to-date symlink: /home/user/ur_ws/install/ur_controllers/include/ur_controllers/ur_configuration_controller_parameters.hpp
[0.199s] -- Up-to-date symlink: /home/user/ur_ws/install/ur_controllers/include/ur_controllers/force_mode_controller_parameters.hpp
[0.199s] -- Up-to-date symlink: /home/user/ur_ws/install/ur_controllers/include/ur_controllers/freedrive_mode_controller_parameters.hpp
[0.199s] -- Up-to-date symlink: /home/user/ur_ws/install/ur_controllers/include/ur_controllers/gpio_controller_parameters.hpp
[0.199s] -- Up-to-date symlink: /home/user/ur_ws/install/ur_controllers/include/ur_controllers/passthrough_trajectory_controller_parameters.hpp
[0.199s] -- Up-to-date symlink: /home/user/ur_ws/install/ur_controllers/include/ur_controllers/scaled_joint_trajectory_controller_parameters.hpp
[0.199s] -- Up-to-date symlink: /home/user/ur_ws/install/ur_controllers/include/ur_controllers/speed_scaling_state_broadcaster_parameters.hpp
[0.199s] -- Up-to-date symlink: /home/user/ur_ws/install/ur_controllers/include/ur_controllers/tool_contact_controller_parameters.hpp
[0.199s] -- Up-to-date symlink: /home/user/ur_ws/install/ur_controllers/include/ur_controllers/ur_configuration_controller_parameters.hpp
[0.199s] -- Up-to-date symlink: /home/user/ur_ws/install/ur_controllers/include/ur_controllers/force_mode_controller_parameters.hpp
[0.199s] -- Up-to-date symlink: /home/user/ur_ws/install/ur_controllers/include/ur_controllers/freedrive_mode_controller_parameters.hpp
[0.199s] -- Up-to-date symlink: /home/user/ur_ws/install/ur_controllers/include/ur_controllers/gpio_controller_parameters.hpp
[0.200s] -- Up-to-date symlink: /home/user/ur_ws/install/ur_controllers/include/ur_controllers/passthrough_trajectory_controller_parameters.hpp
[0.200s] -- Up-to-date symlink: /home/user/ur_ws/install/ur_controllers/include/ur_controllers/scaled_joint_trajectory_controller_parameters.hpp
[0.200s] -- Up-to-date symlink: /home/user/ur_ws/install/ur_controllers/include/ur_controllers/speed_scaling_state_broadcaster_parameters.hpp
[0.200s] -- Up-to-date symlink: /home/user/ur_ws/install/ur_controllers/include/ur_controllers/tool_contact_controller_parameters.hpp
[0.200s] -- Up-to-date symlink: /home/user/ur_ws/install/ur_controllers/include/ur_controllers/ur_configuration_controller_parameters.hpp
[0.200s] -- Up-to-date symlink: /home/user/ur_ws/install/ur_controllers/include/ur_controllers/force_mode_controller_parameters.hpp
[0.200s] -- Up-to-date symlink: /home/user/ur_ws/install/ur_controllers/include/ur_controllers/freedrive_mode_controller_parameters.hpp
[0.200s] -- Up-to-date symlink: /home/user/ur_ws/install/ur_controllers/include/ur_controllers/gpio_controller_parameters.hpp
[0.200s] -- Up-to-date symlink: /home/user/ur_ws/install/ur_controllers/include/ur_controllers/passthrough_trajectory_controller_parameters.hpp
[0.200s] -- Up-to-date symlink: /home/user/ur_ws/install/ur_controllers/include/ur_controllers/scaled_joint_trajectory_controller_parameters.hpp
[0.200s] -- Up-to-date symlink: /home/user/ur_ws/install/ur_controllers/include/ur_controllers/speed_scaling_state_broadcaster_parameters.hpp
[0.200s] -- Up-to-date symlink: /home/user/ur_ws/install/ur_controllers/include/ur_controllers/tool_contact_controller_parameters.hpp
[0.200s] -- Up-to-date symlink: /home/user/ur_ws/install/ur_controllers/include/ur_controllers/ur_configuration_controller_parameters.hpp
[0.200s] -- Up-to-date symlink: /home/user/ur_ws/install/ur_controllers/include/ur_controllers/force_mode_controller_parameters.hpp
[0.200s] -- Up-to-date symlink: /home/user/ur_ws/install/ur_controllers/include/ur_controllers/freedrive_mode_controller_parameters.hpp
[0.201s] -- Up-to-date symlink: /home/user/ur_ws/install/ur_controllers/include/ur_controllers/gpio_controller_parameters.hpp
[0.201s] -- Up-to-date symlink: /home/user/ur_ws/install/ur_controllers/include/ur_controllers/passthrough_trajectory_controller_parameters.hpp
[0.201s] -- Up-to-date symlink: /home/user/ur_ws/install/ur_controllers/include/ur_controllers/scaled_joint_trajectory_controller_parameters.hpp
[0.201s] -- Up-to-date symlink: /home/user/ur_ws/install/ur_controllers/include/ur_controllers/speed_scaling_state_broadcaster_parameters.hpp
[0.201s] -- Up-to-date symlink: /home/user/ur_ws/install/ur_controllers/include/ur_controllers/tool_contact_controller_parameters.hpp
[0.201s] -- Up-to-date symlink: /home/user/ur_ws/install/ur_controllers/include/ur_controllers/ur_configuration_controller_parameters.hpp
[0.201s] -- Up-to-date symlink: /home/user/ur_ws/install/ur_controllers/include/ur_controllers/force_mode_controller_parameters.hpp
[0.201s] -- Up-to-date symlink: /home/user/ur_ws/install/ur_controllers/include/ur_controllers/freedrive_mode_controller_parameters.hpp
[0.201s] -- Up-to-date symlink: /home/user/ur_ws/install/ur_controllers/include/ur_controllers/gpio_controller_parameters.hpp
[0.201s] -- Up-to-date symlink: /home/user/ur_ws/install/ur_controllers/include/ur_controllers/passthrough_trajectory_controller_parameters.hpp
[0.201s] -- Up-to-date symlink: /home/user/ur_ws/install/ur_controllers/include/ur_controllers/scaled_joint_trajectory_controller_parameters.hpp
[0.201s] -- Up-to-date symlink: /home/user/ur_ws/install/ur_controllers/include/ur_controllers/speed_scaling_state_broadcaster_parameters.hpp
[0.201s] -- Up-to-date symlink: /home/user/ur_ws/install/ur_controllers/include/ur_controllers/tool_contact_controller_parameters.hpp
[0.201s] -- Up-to-date symlink: /home/user/ur_ws/install/ur_controllers/include/ur_controllers/ur_configuration_controller_parameters.hpp
[0.201s] -- Up-to-date symlink: /home/user/ur_ws/install/ur_controllers/include/ur_controllers/force_mode_controller_parameters.hpp
[0.202s] -- Up-to-date symlink: /home/user/ur_ws/install/ur_controllers/include/ur_controllers/freedrive_mode_controller_parameters.hpp
[0.202s] -- Up-to-date symlink: /home/user/ur_ws/install/ur_controllers/include/ur_controllers/gpio_controller_parameters.hpp
[0.202s] -- Up-to-date symlink: /home/user/ur_ws/install/ur_controllers/include/ur_controllers/passthrough_trajectory_controller_parameters.hpp
[0.202s] -- Up-to-date symlink: /home/user/ur_ws/install/ur_controllers/include/ur_controllers/scaled_joint_trajectory_controller_parameters.hpp
[0.202s] -- Up-to-date symlink: /home/user/ur_ws/install/ur_controllers/include/ur_controllers/speed_scaling_state_broadcaster_parameters.hpp
[0.202s] -- Up-to-date symlink: /home/user/ur_ws/install/ur_controllers/include/ur_controllers/tool_contact_controller_parameters.hpp
[0.202s] -- Up-to-date symlink: /home/user/ur_ws/install/ur_controllers/include/ur_controllers/ur_configuration_controller_parameters.hpp
[0.202s] -- Up-to-date symlink: /home/user/ur_ws/install/ur_controllers/include/ur_controllers/force_mode_controller_parameters.hpp
[0.202s] -- Up-to-date symlink: /home/user/ur_ws/install/ur_controllers/include/ur_controllers/freedrive_mode_controller_parameters.hpp
[0.202s] -- Up-to-date symlink: /home/user/ur_ws/install/ur_controllers/include/ur_controllers/gpio_controller_parameters.hpp
[0.202s] -- Up-to-date symlink: /home/user/ur_ws/install/ur_controllers/include/ur_controllers/passthrough_trajectory_controller_parameters.hpp
[0.202s] -- Up-to-date symlink: /home/user/ur_ws/install/ur_controllers/include/ur_controllers/scaled_joint_trajectory_controller_parameters.hpp
[0.202s] -- Up-to-date symlink: /home/user/ur_ws/install/ur_controllers/include/ur_controllers/speed_scaling_state_broadcaster_parameters.hpp
[0.202s] -- Up-to-date symlink: /home/user/ur_ws/install/ur_controllers/include/ur_controllers/tool_contact_controller_parameters.hpp
[0.202s] -- Up-to-date symlink: /home/user/ur_ws/install/ur_controllers/include/ur_controllers/ur_configuration_controller_parameters.hpp
[0.203s] -- Up-to-date symlink: /home/user/ur_ws/install/ur_controllers/share/ur_controllers//controller_plugins.xml
[0.203s] -- Up-to-date symlink: /home/user/ur_ws/install/ur_controllers/lib/libur_controllers.so
[0.203s] -- Up-to-date symlink: /home/user/ur_ws/install/ur_controllers/include/ur_controllers/force_mode_controller.hpp
[0.203s] -- Up-to-date symlink: /home/user/ur_ws/install/ur_controllers/include/ur_controllers/freedrive_mode_controller.hpp
[0.203s] -- Up-to-date symlink: /home/user/ur_ws/install/ur_controllers/include/ur_controllers/gpio_controller.hpp
[0.203s] -- Up-to-date symlink: /home/user/ur_ws/install/ur_controllers/include/ur_controllers/passthrough_trajectory_controller.hpp
[0.203s] -- Up-to-date symlink: /home/user/ur_ws/install/ur_controllers/include/ur_controllers/scaled_joint_trajectory_controller.hpp
[0.203s] -- Up-to-date symlink: /home/user/ur_ws/install/ur_controllers/include/ur_controllers/speed_scaling_state_broadcaster.hpp
[0.203s] -- Up-to-date symlink: /home/user/ur_ws/install/ur_controllers/include/ur_controllers/tool_contact_controller.hpp
[0.203s] -- Up-to-date symlink: /home/user/ur_ws/install/ur_controllers/include/ur_controllers/ur_configuration_controller.hpp
[0.203s] -- Up-to-date symlink: /home/user/ur_ws/install/ur_controllers/share/ur_controllers/controller_plugins.xml
[0.203s] -- Up-to-date symlink: /home/user/ur_ws/install/ur_controllers/share/ur_controllers/environment/library_path.sh
[0.204s] -- Up-to-date symlink: /home/user/ur_ws/install/ur_controllers/share/ur_controllers/environment/library_path.dsv
[0.204s] -- Up-to-date symlink: /home/user/ur_ws/install/ur_controllers/share/ament_index/resource_index/package_run_dependencies/ur_controllers
[0.204s] -- Up-to-date symlink: /home/user/ur_ws/install/ur_controllers/share/ament_index/resource_index/parent_prefix_path/ur_controllers
[0.204s] -- Up-to-date symlink: /home/user/ur_ws/install/ur_controllers/share/ur_controllers/environment/ament_prefix_path.sh
[0.204s] -- Up-to-date symlink: /home/user/ur_ws/install/ur_controllers/share/ur_controllers/environment/ament_prefix_path.dsv
[0.204s] -- Up-to-date symlink: /home/user/ur_ws/install/ur_controllers/share/ur_controllers/environment/path.sh
[0.204s] -- Up-to-date symlink: /home/user/ur_ws/install/ur_controllers/share/ur_controllers/environment/path.dsv
[0.204s] -- Up-to-date symlink: /home/user/ur_ws/install/ur_controllers/share/ur_controllers/local_setup.bash
[0.204s] -- Up-to-date symlink: /home/user/ur_ws/install/ur_controllers/share/ur_controllers/local_setup.sh
[0.204s] -- Up-to-date symlink: /home/user/ur_ws/install/ur_controllers/share/ur_controllers/local_setup.zsh
[0.204s] -- Up-to-date symlink: /home/user/ur_ws/install/ur_controllers/share/ur_controllers/local_setup.dsv
[0.204s] -- Symlinking: /home/user/ur_ws/install/ur_controllers/share/ur_controllers/package.dsv
[0.215s] -- Up-to-date symlink: /home/user/ur_ws/install/ur_controllers/share/ament_index/resource_index/packages/ur_controllers
[0.215s] -- Up-to-date symlink: /home/user/ur_ws/install/ur_controllers/share/ament_index/resource_index/controller_interface__pluginlib__plugin/ur_controllers
[0.215s] -- Up-to-date symlink: /home/user/ur_ws/install/ur_controllers/share/ur_controllers/cmake/ament_cmake_export_dependencies-extras.cmake
[0.216s] -- Up-to-date symlink: /home/user/ur_ws/install/ur_controllers/share/ur_controllers/cmake/ament_cmake_export_include_directories-extras.cmake
[0.216s] -- Up-to-date symlink: /home/user/ur_ws/install/ur_controllers/share/ur_controllers/cmake/ament_cmake_export_libraries-extras.cmake
[0.216s] -- Up-to-date symlink: /home/user/ur_ws/install/ur_controllers/share/ur_controllers/cmake/ur_controllersConfig.cmake
[0.216s] -- Up-to-date symlink: /home/user/ur_ws/install/ur_controllers/share/ur_controllers/cmake/ur_controllersConfig-version.cmake
[0.217s] -- Up-to-date symlink: /home/user/ur_ws/install/ur_controllers/share/ur_controllers/package.xml
[0.219s] Invoked command in '/home/user/ur_ws/build/ur_controllers' returned '0': CMAKE_PREFIX_PATH=/home/user/ur_ws/install/ur_dashboard_msgs:/home/user/ur_ws/install/ur:/home/user/ur_ws/install/ur_calibration:/home/user/ur_ws/install/ur_robot_driver:/home/user/ur_ws/install/ur_moveit_config:/home/user/ur_ws/install/ur_bringup:/home/user/ur_ws/install/ur_description:/home/user/ur_ws/install/ur_controllers:/home/user/ur_ws/install/ur_simulation_gz:/home/user/ur_ws/install/universal_robots_ros2_gz_simulation:/opt/ros/humble LD_LIBRARY_PATH=/home/user/ur_ws/install/ur_dashboard_msgs/lib:/home/user/ur_ws/install/ur_robot_driver/lib:/home/user/ur_ws/install/ur_controllers/lib:/usr/lib/x86_64-linux-gnu/gazebo-11/plugins:/opt/ros/humble/opt/rviz_ogre_vendor/lib:/opt/ros/humble/lib/x86_64-linux-gnu:/opt/ros/humble/lib /usr/bin/cmake --install /home/user/ur_ws/build/ur_controllers
