[0.021s] Invoking command in '/home/user/ur_ws/build/ur': CMAKE_PREFIX_PATH=/home/user/ur_ws/install/ur_calibration:/home/user/ur_ws/install/ur_robot_driver:/home/user/ur_ws/install/ur_moveit_config:/home/user/ur_ws/install/ur_controllers:/home/user/ur_ws/install/ur_description:/home/user/ur_ws/install/ur_dashboard_msgs:/home/user/ur_ws/install/ur_simulation_gz:/home/user/ur_ws/install/ur:/home/user/ur_ws/install/ur_bringup:/home/user/ur_ws/install/Universal_Robots_ROS2_GZ_Simulation:/opt/ros/humble /usr/bin/cmake /home/user/ur_ws/src/Universal_Robots_ROS2_Driver/ur -DAMENT_CMAKE_SYMLINK_INSTALL=1 -DCMAKE_INSTALL_PREFIX=/home/user/ur_ws/install/ur
[0.087s] -- The C compiler identification is GNU 11.4.0
[0.142s] -- The CXX compiler identification is GNU 11.4.0
[0.148s] -- Detecting C compiler ABI info
[0.225s] -- Detecting C compiler ABI info - done
[0.232s] -- Check for working C compiler: /usr/bin/cc - skipped
[0.232s] -- Detecting C compile features
[0.232s] -- Detecting C compile features - done
[0.235s] -- Detecting CXX compiler ABI info
[0.323s] -- Detecting CXX compiler ABI info - done
[0.331s] -- Check for working CXX compiler: /usr/bin/c++ - skipped
[0.331s] -- Detecting CXX compile features
[0.331s] -- Detecting CXX compile features - done
[0.333s] -- Found ament_cmake: 1.3.12 (/opt/ros/humble/share/ament_cmake/cmake)
[0.478s] -- Found Python3: /usr/bin/python3 (found version "3.10.12") found components: Interpreter 
[0.530s] -- Override CMake install command with custom implementation using symlinks instead of copying resources
[0.553s] -- Found ament_lint_auto: 0.12.14 (/opt/ros/humble/share/ament_lint_auto/cmake)
[0.605s] -- Added test 'lint_cmake' to check CMake code style
[0.606s] -- Added test 'xmllint' to check XML markup files
[0.606s] -- Configuring done
[0.608s] -- Generating done
[0.608s] -- Build files have been written to: /home/user/ur_ws/build/ur
[0.612s] Invoked command in '/home/user/ur_ws/build/ur' returned '0': CMAKE_PREFIX_PATH=/home/user/ur_ws/install/ur_calibration:/home/user/ur_ws/install/ur_robot_driver:/home/user/ur_ws/install/ur_moveit_config:/home/user/ur_ws/install/ur_controllers:/home/user/ur_ws/install/ur_description:/home/user/ur_ws/install/ur_dashboard_msgs:/home/user/ur_ws/install/ur_simulation_gz:/home/user/ur_ws/install/ur:/home/user/ur_ws/install/ur_bringup:/home/user/ur_ws/install/Universal_Robots_ROS2_GZ_Simulation:/opt/ros/humble /usr/bin/cmake /home/user/ur_ws/src/Universal_Robots_ROS2_Driver/ur -DAMENT_CMAKE_SYMLINK_INSTALL=1 -DCMAKE_INSTALL_PREFIX=/home/user/ur_ws/install/ur
[0.615s] Invoking command in '/home/user/ur_ws/build/ur': CMAKE_PREFIX_PATH=/home/user/ur_ws/install/ur_calibration:/home/user/ur_ws/install/ur_robot_driver:/home/user/ur_ws/install/ur_moveit_config:/home/user/ur_ws/install/ur_controllers:/home/user/ur_ws/install/ur_description:/home/user/ur_ws/install/ur_dashboard_msgs:/home/user/ur_ws/install/ur_simulation_gz:/home/user/ur_ws/install/ur:/home/user/ur_ws/install/ur_bringup:/home/user/ur_ws/install/Universal_Robots_ROS2_GZ_Simulation:/opt/ros/humble /usr/bin/cmake --build /home/user/ur_ws/build/ur -- -j32 -l32
[0.657s] Invoked command in '/home/user/ur_ws/build/ur' returned '0': CMAKE_PREFIX_PATH=/home/user/ur_ws/install/ur_calibration:/home/user/ur_ws/install/ur_robot_driver:/home/user/ur_ws/install/ur_moveit_config:/home/user/ur_ws/install/ur_controllers:/home/user/ur_ws/install/ur_description:/home/user/ur_ws/install/ur_dashboard_msgs:/home/user/ur_ws/install/ur_simulation_gz:/home/user/ur_ws/install/ur:/home/user/ur_ws/install/ur_bringup:/home/user/ur_ws/install/Universal_Robots_ROS2_GZ_Simulation:/opt/ros/humble /usr/bin/cmake --build /home/user/ur_ws/build/ur -- -j32 -l32
[0.659s] Invoking command in '/home/user/ur_ws/build/ur': CMAKE_PREFIX_PATH=/home/user/ur_ws/install/ur_calibration:/home/user/ur_ws/install/ur_robot_driver:/home/user/ur_ws/install/ur_moveit_config:/home/user/ur_ws/install/ur_controllers:/home/user/ur_ws/install/ur_description:/home/user/ur_ws/install/ur_dashboard_msgs:/home/user/ur_ws/install/ur_simulation_gz:/home/user/ur_ws/install/ur:/home/user/ur_ws/install/ur_bringup:/home/user/ur_ws/install/Universal_Robots_ROS2_GZ_Simulation:/opt/ros/humble /usr/bin/cmake --install /home/user/ur_ws/build/ur
[0.667s] -- Install configuration: ""
[0.668s] -- Execute custom install script
[0.668s] -- Symlinking: /home/user/ur_ws/install/ur/share/ament_index/resource_index/package_run_dependencies/ur
[0.678s] -- Symlinking: /home/user/ur_ws/install/ur/share/ament_index/resource_index/parent_prefix_path/ur
[0.685s] -- Symlinking: /home/user/ur_ws/install/ur/share/ur/environment/ament_prefix_path.sh
[0.695s] -- Symlinking: /home/user/ur_ws/install/ur/share/ur/environment/ament_prefix_path.dsv
[0.702s] -- Symlinking: /home/user/ur_ws/install/ur/share/ur/environment/path.sh
[0.711s] -- Symlinking: /home/user/ur_ws/install/ur/share/ur/environment/path.dsv
[0.719s] -- Symlinking: /home/user/ur_ws/install/ur/share/ur/local_setup.bash
[0.727s] -- Symlinking: /home/user/ur_ws/install/ur/share/ur/local_setup.sh
[0.737s] -- Symlinking: /home/user/ur_ws/install/ur/share/ur/local_setup.zsh
[0.748s] -- Symlinking: /home/user/ur_ws/install/ur/share/ur/local_setup.dsv
[0.755s] -- Symlinking: /home/user/ur_ws/install/ur/share/ur/package.dsv
[0.766s] -- Symlinking: /home/user/ur_ws/install/ur/share/ament_index/resource_index/packages/ur
[0.772s] -- Symlinking: /home/user/ur_ws/install/ur/share/ur/cmake/urConfig.cmake
[0.779s] -- Symlinking: /home/user/ur_ws/install/ur/share/ur/cmake/urConfig-version.cmake
[0.789s] -- Symlinking: /home/user/ur_ws/install/ur/share/ur/package.xml
[0.802s] Invoked command in '/home/user/ur_ws/build/ur' returned '0': CMAKE_PREFIX_PATH=/home/user/ur_ws/install/ur_calibration:/home/user/ur_ws/install/ur_robot_driver:/home/user/ur_ws/install/ur_moveit_config:/home/user/ur_ws/install/ur_controllers:/home/user/ur_ws/install/ur_description:/home/user/ur_ws/install/ur_dashboard_msgs:/home/user/ur_ws/install/ur_simulation_gz:/home/user/ur_ws/install/ur:/home/user/ur_ws/install/ur_bringup:/home/user/ur_ws/install/Universal_Robots_ROS2_GZ_Simulation:/opt/ros/humble /usr/bin/cmake --install /home/user/ur_ws/build/ur
