[0.013s] Invoking command in '/home/user/ur_ws/build/ur_controllers': CMAKE_PREFIX_PATH=/home/user/ur_ws/install/ur_dashboard_msgs:/home/user/ur_ws/install/ur_simulation_gz:/home/user/ur_ws/install/ur:/home/user/ur_ws/install/ur_calibration:/home/user/ur_ws/install/ur_robot_driver:/home/user/ur_ws/install/ur_moveit_config:/home/user/ur_ws/install/ur_bringup:/home/user/ur_ws/install/ur_description:/home/user/ur_ws/install/ur_controllers:/home/user/ur_ws/install/Universal_Robots_ROS2_GZ_Simulation:/opt/ros/humble LD_LIBRARY_PATH=/home/user/ur_ws/install/ur_dashboard_msgs/lib:/home/user/ur_ws/install/ur_robot_driver/lib:/home/user/ur_ws/install/ur_controllers/lib:/usr/lib/x86_64-linux-gnu/gazebo-11/plugins:/opt/ros/humble/opt/rviz_ogre_vendor/lib:/opt/ros/humble/lib/x86_64-linux-gnu:/opt/ros/humble/lib /usr/bin/cmake /home/user/ur_ws/src/Universal_Robots_ROS2_Driver/ur_controllers -DAMENT_CMAKE_SYMLINK_INSTALL=1 -DCMAKE_INSTALL_PREFIX=/home/user/ur_ws/install/ur_controllers
[0.062s] -- The C compiler identification is GNU 11.4.0
[0.115s] -- The CXX compiler identification is GNU 11.4.0
[0.121s] -- Detecting C compiler ABI info
[0.192s] -- Detecting C compiler ABI info - done
[0.197s] -- Check for working C compiler: /usr/bin/cc - skipped
[0.197s] -- Detecting C compile features
[0.197s] -- Detecting C compile features - done
[0.199s] -- Detecting CXX compiler ABI info
[0.281s] -- Detecting CXX compiler ABI info - done
[0.285s] -- Check for working CXX compiler: /usr/bin/c++ - skipped
[0.286s] -- Detecting CXX compile features
[0.286s] -- Detecting CXX compile features - done
[0.287s] -- Found ament_cmake: 1.3.12 (/opt/ros/humble/share/ament_cmake/cmake)
[0.413s] -- Found Python3: /usr/bin/python3 (found version "3.10.12") found components: Interpreter 
[0.455s] -- Override CMake install command with custom implementation using symlinks instead of copying resources
[0.475s] -- Found angles: 1.15.0 (/opt/ros/humble/share/angles/cmake)
[0.477s] -- Found controller_interface: 2.52.0 (/opt/ros/humble/share/controller_interface/cmake)
[0.505s] -- Found rosidl_generator_c: 3.1.7 (/opt/ros/humble/share/rosidl_generator_c/cmake)
[0.508s] -- Found rosidl_adapter: 3.1.7 (/opt/ros/humble/share/rosidl_adapter/cmake)
[0.513s] -- Found rosidl_generator_cpp: 3.1.7 (/opt/ros/humble/share/rosidl_generator_cpp/cmake)
[0.521s] -- Using all available rosidl_typesupport_c: rosidl_typesupport_fastrtps_c;rosidl_typesupport_introspection_c
[0.530s] -- Using all available rosidl_typesupport_cpp: rosidl_typesupport_fastrtps_cpp;rosidl_typesupport_introspection_cpp
[0.645s] -- Found rmw_implementation_cmake: 6.1.2 (/opt/ros/humble/share/rmw_implementation_cmake/cmake)
[0.647s] -- Found rmw_cyclonedds_cpp: 1.3.4 (/opt/ros/humble/share/rmw_cyclonedds_cpp/cmake)
[0.660s] -- Using RMW implementation 'rmw_cyclonedds_cpp' as default
[0.664s] -- Looking for pthread.h
[0.741s] -- Looking for pthread.h - found
[0.741s] -- Performing Test CMAKE_HAVE_LIBC_PTHREAD
[0.827s] -- Performing Test CMAKE_HAVE_LIBC_PTHREAD - Success
[0.829s] -- Found Threads: TRUE  
[0.858s] -- Found joint_trajectory_controller: 2.50.0 (/opt/ros/humble/share/joint_trajectory_controller/cmake)
[0.900s] -- Found std_srvs: 4.9.0 (/opt/ros/humble/share/std_srvs/cmake)
[0.906s] -- Found tf2_geometry_msgs: 0.25.16 (/opt/ros/humble/share/tf2_geometry_msgs/cmake)
[0.911s] -- Found eigen3_cmake_module: 0.1.1 (/opt/ros/humble/share/eigen3_cmake_module/cmake)
[0.912s] -- Found Eigen3: TRUE (found version "3.4.0") 
[0.912s] -- Ensuring Eigen3 include directory is part of orocos-kdl CMake target
[0.945s] -- Found ur_dashboard_msgs: 2.9.0 (/home/user/ur_ws/install/ur_dashboard_msgs/share/ur_dashboard_msgs/cmake)
[0.954s] -- Found ur_msgs: 2.3.0 (/opt/ros/humble/share/ur_msgs/cmake)
[0.980s] -- Found ament_cmake_gmock: 1.3.12 (/opt/ros/humble/share/ament_cmake_gmock/cmake)
[0.981s] -- Found controller_manager: 2.52.0 (/opt/ros/humble/share/controller_manager/cmake)
[0.993s] -- Found ros2_control_test_assets: 2.52.0 (/opt/ros/humble/share/ros2_control_test_assets/cmake)
[0.994s] -- Found gmock sources under '/opt/ros/humble/src/gmock_vendor': C++ tests using 'Google Mock' will be built
[0.997s] -- Found ament_cmake_gtest: 1.3.12 (/opt/ros/humble/share/ament_cmake_gtest/cmake)
[0.998s] -- Found gtest sources under '/opt/ros/humble/src/gtest_vendor': C++ tests using 'Google Test' will be built
[1.046s] -- Configuring done
[1.067s] -- Generating done
[1.075s] -- Build files have been written to: /home/user/ur_ws/build/ur_controllers
[1.085s] Invoked command in '/home/user/ur_ws/build/ur_controllers' returned '0': CMAKE_PREFIX_PATH=/home/user/ur_ws/install/ur_dashboard_msgs:/home/user/ur_ws/install/ur_simulation_gz:/home/user/ur_ws/install/ur:/home/user/ur_ws/install/ur_calibration:/home/user/ur_ws/install/ur_robot_driver:/home/user/ur_ws/install/ur_moveit_config:/home/user/ur_ws/install/ur_bringup:/home/user/ur_ws/install/ur_description:/home/user/ur_ws/install/ur_controllers:/home/user/ur_ws/install/Universal_Robots_ROS2_GZ_Simulation:/opt/ros/humble LD_LIBRARY_PATH=/home/user/ur_ws/install/ur_dashboard_msgs/lib:/home/user/ur_ws/install/ur_robot_driver/lib:/home/user/ur_ws/install/ur_controllers/lib:/usr/lib/x86_64-linux-gnu/gazebo-11/plugins:/opt/ros/humble/opt/rviz_ogre_vendor/lib:/opt/ros/humble/lib/x86_64-linux-gnu:/opt/ros/humble/lib /usr/bin/cmake /home/user/ur_ws/src/Universal_Robots_ROS2_Driver/ur_controllers -DAMENT_CMAKE_SYMLINK_INSTALL=1 -DCMAKE_INSTALL_PREFIX=/home/user/ur_ws/install/ur_controllers
[1.087s] Invoking command in '/home/user/ur_ws/build/ur_controllers': CMAKE_PREFIX_PATH=/home/user/ur_ws/install/ur_dashboard_msgs:/home/user/ur_ws/install/ur_simulation_gz:/home/user/ur_ws/install/ur:/home/user/ur_ws/install/ur_calibration:/home/user/ur_ws/install/ur_robot_driver:/home/user/ur_ws/install/ur_moveit_config:/home/user/ur_ws/install/ur_bringup:/home/user/ur_ws/install/ur_description:/home/user/ur_ws/install/ur_controllers:/home/user/ur_ws/install/Universal_Robots_ROS2_GZ_Simulation:/opt/ros/humble LD_LIBRARY_PATH=/home/user/ur_ws/install/ur_dashboard_msgs/lib:/home/user/ur_ws/install/ur_robot_driver/lib:/home/user/ur_ws/install/ur_controllers/lib:/usr/lib/x86_64-linux-gnu/gazebo-11/plugins:/opt/ros/humble/opt/rviz_ogre_vendor/lib:/opt/ros/humble/lib/x86_64-linux-gnu:/opt/ros/humble/lib /usr/bin/cmake --build /home/user/ur_ws/build/ur_controllers -- -j32 -l32
[1.138s] [  2%] [34m[1mRunning `/opt/ros/humble/bin/generate_parameter_library_cpp /home/user/ur_ws/build/ur_controllers/include/ur_controllers/freedrive_mode_controller_parameters.hpp /home/user/ur_ws/src/Universal_Robots_ROS2_Driver/ur_controllers/src/freedrive_mode_controller_parameters.yaml `[0m
[1.139s] [  5%] [34m[1mRunning `/opt/ros/humble/bin/generate_parameter_library_cpp /home/user/ur_ws/build/ur_controllers/include/ur_controllers/gpio_controller_parameters.hpp /home/user/ur_ws/src/Universal_Robots_ROS2_Driver/ur_controllers/src/gpio_controller_parameters.yaml `[0m
[1.139s] [  8%] [34m[1mRunning `/opt/ros/humble/bin/generate_parameter_library_cpp /home/user/ur_ws/build/ur_controllers/include/ur_controllers/scaled_joint_trajectory_controller_parameters.hpp /home/user/ur_ws/src/Universal_Robots_ROS2_Driver/ur_controllers/src/scaled_joint_trajectory_controller_parameters.yaml `[0m
[1.140s] [ 11%] [34m[1mRunning `/opt/ros/humble/bin/generate_parameter_library_cpp /home/user/ur_ws/build/ur_controllers/include/ur_controllers/tool_contact_controller_parameters.hpp /home/user/ur_ws/src/Universal_Robots_ROS2_Driver/ur_controllers/src/tool_contact_controller_parameters.yaml `[0m
[1.140s] [ 14%] [34m[1mRunning `/opt/ros/humble/bin/generate_parameter_library_cpp /home/user/ur_ws/build/ur_controllers/include/ur_controllers/force_mode_controller_parameters.hpp /home/user/ur_ws/src/Universal_Robots_ROS2_Driver/ur_controllers/src/force_mode_controller_parameters.yaml `[0m
[1.140s] [ 17%] [34m[1mRunning `/opt/ros/humble/bin/generate_parameter_library_cpp /home/user/ur_ws/build/ur_controllers/include/ur_controllers/passthrough_trajectory_controller_parameters.hpp /home/user/ur_ws/src/Universal_Robots_ROS2_Driver/ur_controllers/src/passthrough_trajectory_controller_parameters.yaml `[0m
[1.140s] [ 20%] [34m[1mRunning `/opt/ros/humble/bin/generate_parameter_library_cpp /home/user/ur_ws/build/ur_controllers/include/ur_controllers/ur_configuration_controller_parameters.hpp /home/user/ur_ws/src/Universal_Robots_ROS2_Driver/ur_controllers/src/ur_configuration_controller_parameters.yaml `[0m
[1.141s] [ 26%] [32mBuilding CXX object gmock/CMakeFiles/gmock.dir/opt/ros/humble/src/gtest_vendor/src/gtest-all.cc.o[0m
[1.141s] [ 26%] [34m[1mRunning `/opt/ros/humble/bin/generate_parameter_library_cpp /home/user/ur_ws/build/ur_controllers/include/ur_controllers/speed_scaling_state_broadcaster_parameters.hpp /home/user/ur_ws/src/Universal_Robots_ROS2_Driver/ur_controllers/src/speed_scaling_state_broadcaster_parameters.yaml `[0m
[1.141s] [ 29%] [32mBuilding CXX object gmock/CMakeFiles/gmock.dir/src/gmock-all.cc.o[0m
[1.142s] [ 32%] [32mBuilding CXX object gmock/CMakeFiles/gmock_main.dir/src/gmock_main.cc.o[0m
[1.239s] [ 35%] [34m[1mCreating deprecated header file /home/user/ur_ws/build/ur_controllers/include/scaled_joint_trajectory_controller_parameters.hpp[0m
[1.241s] [ 38%] [34m[1mCreating deprecated header file /home/user/ur_ws/build/ur_controllers/include/ur_configuration_controller_parameters.hpp[0m
[1.252s] [ 41%] [34m[1mCreating deprecated header file /home/user/ur_ws/build/ur_controllers/include/tool_contact_controller_parameters.hpp[0m
[1.252s] [ 44%] [34m[1mCreating deprecated header file /home/user/ur_ws/build/ur_controllers/include/gpio_controller_parameters.hpp[0m
[1.253s] [ 47%] [34m[1mCreating deprecated header file /home/user/ur_ws/build/ur_controllers/include/speed_scaling_state_broadcaster_parameters.hpp[0m
[1.253s] [ 47%] Built target scaled_joint_trajectory_controller_parameters
[1.258s] [ 47%] Built target ur_configuration_controller_parameters
[1.261s] [ 50%] [34m[1mCreating deprecated header file /home/user/ur_ws/build/ur_controllers/include/freedrive_mode_controller_parameters.hpp[0m
[1.264s] [ 50%] Built target tool_contact_controller_parameters
[1.264s] [ 50%] Built target speed_scaling_state_broadcaster_parameters
[1.264s] [ 50%] Built target gpio_controller_parameters
[1.272s] [ 50%] Built target freedrive_mode_controller_parameters
[1.274s] [ 52%] [34m[1mCreating deprecated header file /home/user/ur_ws/build/ur_controllers/include/force_mode_controller_parameters.hpp[0m
[1.280s] [ 55%] [34m[1mCreating deprecated header file /home/user/ur_ws/build/ur_controllers/include/passthrough_trajectory_controller_parameters.hpp[0m
[1.288s] [ 55%] Built target force_mode_controller_parameters
[1.294s] [ 55%] Built target passthrough_trajectory_controller_parameters
[1.311s] [ 58%] [32mBuilding CXX object CMakeFiles/ur_controllers.dir/src/tool_contact_controller.cpp.o[0m
[1.311s] [ 61%] [32mBuilding CXX object CMakeFiles/ur_controllers.dir/src/force_mode_controller.cpp.o[0m
[1.312s] [ 64%] [32mBuilding CXX object CMakeFiles/ur_controllers.dir/src/speed_scaling_state_broadcaster.cpp.o[0m
[1.313s] [ 67%] [32mBuilding CXX object CMakeFiles/ur_controllers.dir/src/freedrive_mode_controller.cpp.o[0m
[1.314s] [ 70%] [32mBuilding CXX object CMakeFiles/ur_controllers.dir/src/passthrough_trajectory_controller.cpp.o[0m
[1.315s] [ 73%] [32mBuilding CXX object CMakeFiles/ur_controllers.dir/src/ur_configuration_controller.cpp.o[0m
[1.315s] [ 76%] [32mBuilding CXX object CMakeFiles/ur_controllers.dir/src/scaled_joint_trajectory_controller.cpp.o[0m
[1.315s] [ 79%] [32mBuilding CXX object CMakeFiles/ur_controllers.dir/src/gpio_controller.cpp.o[0m
[1.894s] [ 82%] [32m[1mLinking CXX static library libgmock_main.a[0m
[1.947s] [ 82%] Built target gmock_main
[3.112s] [ 85%] [32m[1mLinking CXX static library libgmock.a[0m
[3.187s] [ 85%] Built target gmock
[7.403s] [ 88%] [32m[1mLinking CXX shared library libur_controllers.so[0m
[8.431s] [ 88%] Built target ur_controllers
[8.456s] [ 91%] [32mBuilding CXX object CMakeFiles/test_load_freedrive_mode_controller.dir/test/test_load_freedrive_mode_controller.cpp.o[0m
[8.457s] [ 94%] [32mBuilding CXX object CMakeFiles/test_load_force_mode_controller.dir/test/test_load_force_mode_controller.cpp.o[0m
[11.439s] [ 97%] [32m[1mLinking CXX executable test_load_freedrive_mode_controller[0m
[11.444s] [100%] [32m[1mLinking CXX executable test_load_force_mode_controller[0m
[11.676s] [100%] Built target test_load_freedrive_mode_controller
[11.682s] [100%] Built target test_load_force_mode_controller
[11.693s] Invoked command in '/home/user/ur_ws/build/ur_controllers' returned '0': CMAKE_PREFIX_PATH=/home/user/ur_ws/install/ur_dashboard_msgs:/home/user/ur_ws/install/ur_simulation_gz:/home/user/ur_ws/install/ur:/home/user/ur_ws/install/ur_calibration:/home/user/ur_ws/install/ur_robot_driver:/home/user/ur_ws/install/ur_moveit_config:/home/user/ur_ws/install/ur_bringup:/home/user/ur_ws/install/ur_description:/home/user/ur_ws/install/ur_controllers:/home/user/ur_ws/install/Universal_Robots_ROS2_GZ_Simulation:/opt/ros/humble LD_LIBRARY_PATH=/home/user/ur_ws/install/ur_dashboard_msgs/lib:/home/user/ur_ws/install/ur_robot_driver/lib:/home/user/ur_ws/install/ur_controllers/lib:/usr/lib/x86_64-linux-gnu/gazebo-11/plugins:/opt/ros/humble/opt/rviz_ogre_vendor/lib:/opt/ros/humble/lib/x86_64-linux-gnu:/opt/ros/humble/lib /usr/bin/cmake --build /home/user/ur_ws/build/ur_controllers -- -j32 -l32
[11.695s] Invoking command in '/home/user/ur_ws/build/ur_controllers': CMAKE_PREFIX_PATH=/home/user/ur_ws/install/ur_dashboard_msgs:/home/user/ur_ws/install/ur_simulation_gz:/home/user/ur_ws/install/ur:/home/user/ur_ws/install/ur_calibration:/home/user/ur_ws/install/ur_robot_driver:/home/user/ur_ws/install/ur_moveit_config:/home/user/ur_ws/install/ur_bringup:/home/user/ur_ws/install/ur_description:/home/user/ur_ws/install/ur_controllers:/home/user/ur_ws/install/Universal_Robots_ROS2_GZ_Simulation:/opt/ros/humble LD_LIBRARY_PATH=/home/user/ur_ws/install/ur_dashboard_msgs/lib:/home/user/ur_ws/install/ur_robot_driver/lib:/home/user/ur_ws/install/ur_controllers/lib:/usr/lib/x86_64-linux-gnu/gazebo-11/plugins:/opt/ros/humble/opt/rviz_ogre_vendor/lib:/opt/ros/humble/lib/x86_64-linux-gnu:/opt/ros/humble/lib /usr/bin/cmake --install /home/user/ur_ws/build/ur_controllers
[11.699s] -- Install configuration: ""
[11.700s] -- Execute custom install script
[11.700s] -- Symlinking: /home/user/ur_ws/install/ur_controllers/include/ur_controllers/force_mode_controller_parameters.hpp
[11.705s] -- Symlinking: /home/user/ur_ws/install/ur_controllers/include/ur_controllers/freedrive_mode_controller_parameters.hpp
[11.713s] -- Symlinking: /home/user/ur_ws/install/ur_controllers/include/ur_controllers/gpio_controller_parameters.hpp
[11.719s] -- Symlinking: /home/user/ur_ws/install/ur_controllers/include/ur_controllers/passthrough_trajectory_controller_parameters.hpp
[11.731s] -- Symlinking: /home/user/ur_ws/install/ur_controllers/include/ur_controllers/scaled_joint_trajectory_controller_parameters.hpp
[11.744s] -- Symlinking: /home/user/ur_ws/install/ur_controllers/include/ur_controllers/speed_scaling_state_broadcaster_parameters.hpp
[11.751s] -- Symlinking: /home/user/ur_ws/install/ur_controllers/include/ur_controllers/tool_contact_controller_parameters.hpp
[11.756s] -- Symlinking: /home/user/ur_ws/install/ur_controllers/include/ur_controllers/ur_configuration_controller_parameters.hpp
[11.763s] -- Up-to-date symlink: /home/user/ur_ws/install/ur_controllers/include/ur_controllers/force_mode_controller_parameters.hpp
[11.763s] -- Up-to-date symlink: /home/user/ur_ws/install/ur_controllers/include/ur_controllers/freedrive_mode_controller_parameters.hpp
[11.764s] -- Up-to-date symlink: /home/user/ur_ws/install/ur_controllers/include/ur_controllers/gpio_controller_parameters.hpp
[11.764s] -- Up-to-date symlink: /home/user/ur_ws/install/ur_controllers/include/ur_controllers/passthrough_trajectory_controller_parameters.hpp
[11.764s] -- Up-to-date symlink: /home/user/ur_ws/install/ur_controllers/include/ur_controllers/scaled_joint_trajectory_controller_parameters.hpp
[11.764s] -- Up-to-date symlink: /home/user/ur_ws/install/ur_controllers/include/ur_controllers/speed_scaling_state_broadcaster_parameters.hpp
[11.764s] -- Up-to-date symlink: /home/user/ur_ws/install/ur_controllers/include/ur_controllers/tool_contact_controller_parameters.hpp
[11.764s] -- Up-to-date symlink: /home/user/ur_ws/install/ur_controllers/include/ur_controllers/ur_configuration_controller_parameters.hpp
[11.764s] -- Up-to-date symlink: /home/user/ur_ws/install/ur_controllers/include/ur_controllers/force_mode_controller_parameters.hpp
[11.764s] -- Up-to-date symlink: /home/user/ur_ws/install/ur_controllers/include/ur_controllers/freedrive_mode_controller_parameters.hpp
[11.765s] -- Up-to-date symlink: /home/user/ur_ws/install/ur_controllers/include/ur_controllers/gpio_controller_parameters.hpp
[11.765s] -- Up-to-date symlink: /home/user/ur_ws/install/ur_controllers/include/ur_controllers/passthrough_trajectory_controller_parameters.hpp
[11.765s] -- Up-to-date symlink: /home/user/ur_ws/install/ur_controllers/include/ur_controllers/scaled_joint_trajectory_controller_parameters.hpp
[11.765s] -- Up-to-date symlink: /home/user/ur_ws/install/ur_controllers/include/ur_controllers/speed_scaling_state_broadcaster_parameters.hpp
[11.765s] -- Up-to-date symlink: /home/user/ur_ws/install/ur_controllers/include/ur_controllers/tool_contact_controller_parameters.hpp
[11.765s] -- Up-to-date symlink: /home/user/ur_ws/install/ur_controllers/include/ur_controllers/ur_configuration_controller_parameters.hpp
[11.765s] -- Up-to-date symlink: /home/user/ur_ws/install/ur_controllers/include/ur_controllers/force_mode_controller_parameters.hpp
[11.765s] -- Up-to-date symlink: /home/user/ur_ws/install/ur_controllers/include/ur_controllers/freedrive_mode_controller_parameters.hpp
[11.765s] -- Up-to-date symlink: /home/user/ur_ws/install/ur_controllers/include/ur_controllers/gpio_controller_parameters.hpp
[11.766s] -- Up-to-date symlink: /home/user/ur_ws/install/ur_controllers/include/ur_controllers/passthrough_trajectory_controller_parameters.hpp
[11.766s] -- Up-to-date symlink: /home/user/ur_ws/install/ur_controllers/include/ur_controllers/scaled_joint_trajectory_controller_parameters.hpp
[11.766s] -- Up-to-date symlink: /home/user/ur_ws/install/ur_controllers/include/ur_controllers/speed_scaling_state_broadcaster_parameters.hpp
[11.766s] -- Up-to-date symlink: /home/user/ur_ws/install/ur_controllers/include/ur_controllers/tool_contact_controller_parameters.hpp
[11.767s] -- Up-to-date symlink: /home/user/ur_ws/install/ur_controllers/include/ur_controllers/ur_configuration_controller_parameters.hpp
[11.767s] -- Up-to-date symlink: /home/user/ur_ws/install/ur_controllers/include/ur_controllers/force_mode_controller_parameters.hpp
[11.768s] -- Up-to-date symlink: /home/user/ur_ws/install/ur_controllers/include/ur_controllers/freedrive_mode_controller_parameters.hpp
[11.768s] -- Up-to-date symlink: /home/user/ur_ws/install/ur_controllers/include/ur_controllers/gpio_controller_parameters.hpp
[11.768s] -- Up-to-date symlink: /home/user/ur_ws/install/ur_controllers/include/ur_controllers/passthrough_trajectory_controller_parameters.hpp
[11.768s] -- Up-to-date symlink: /home/user/ur_ws/install/ur_controllers/include/ur_controllers/scaled_joint_trajectory_controller_parameters.hpp
[11.768s] -- Up-to-date symlink: /home/user/ur_ws/install/ur_controllers/include/ur_controllers/speed_scaling_state_broadcaster_parameters.hpp
[11.769s] -- Up-to-date symlink: /home/user/ur_ws/install/ur_controllers/include/ur_controllers/tool_contact_controller_parameters.hpp
[11.769s] -- Up-to-date symlink: /home/user/ur_ws/install/ur_controllers/include/ur_controllers/ur_configuration_controller_parameters.hpp
[11.769s] -- Up-to-date symlink: /home/user/ur_ws/install/ur_controllers/include/ur_controllers/force_mode_controller_parameters.hpp
[11.769s] -- Up-to-date symlink: /home/user/ur_ws/install/ur_controllers/include/ur_controllers/freedrive_mode_controller_parameters.hpp
[11.769s] -- Up-to-date symlink: /home/user/ur_ws/install/ur_controllers/include/ur_controllers/gpio_controller_parameters.hpp
[11.769s] -- Up-to-date symlink: /home/user/ur_ws/install/ur_controllers/include/ur_controllers/passthrough_trajectory_controller_parameters.hpp
[11.769s] -- Up-to-date symlink: /home/user/ur_ws/install/ur_controllers/include/ur_controllers/scaled_joint_trajectory_controller_parameters.hpp
[11.769s] -- Up-to-date symlink: /home/user/ur_ws/install/ur_controllers/include/ur_controllers/speed_scaling_state_broadcaster_parameters.hpp
[11.769s] -- Up-to-date symlink: /home/user/ur_ws/install/ur_controllers/include/ur_controllers/tool_contact_controller_parameters.hpp
[11.769s] -- Up-to-date symlink: /home/user/ur_ws/install/ur_controllers/include/ur_controllers/ur_configuration_controller_parameters.hpp
[11.769s] -- Up-to-date symlink: /home/user/ur_ws/install/ur_controllers/include/ur_controllers/force_mode_controller_parameters.hpp
[11.769s] -- Up-to-date symlink: /home/user/ur_ws/install/ur_controllers/include/ur_controllers/freedrive_mode_controller_parameters.hpp
[11.769s] -- Up-to-date symlink: /home/user/ur_ws/install/ur_controllers/include/ur_controllers/gpio_controller_parameters.hpp
[11.770s] -- Up-to-date symlink: /home/user/ur_ws/install/ur_controllers/include/ur_controllers/passthrough_trajectory_controller_parameters.hpp
[11.770s] -- Up-to-date symlink: /home/user/ur_ws/install/ur_controllers/include/ur_controllers/scaled_joint_trajectory_controller_parameters.hpp
[11.770s] -- Up-to-date symlink: /home/user/ur_ws/install/ur_controllers/include/ur_controllers/speed_scaling_state_broadcaster_parameters.hpp
[11.770s] -- Up-to-date symlink: /home/user/ur_ws/install/ur_controllers/include/ur_controllers/tool_contact_controller_parameters.hpp
[11.770s] -- Up-to-date symlink: /home/user/ur_ws/install/ur_controllers/include/ur_controllers/ur_configuration_controller_parameters.hpp
[11.770s] -- Up-to-date symlink: /home/user/ur_ws/install/ur_controllers/include/ur_controllers/force_mode_controller_parameters.hpp
[11.770s] -- Up-to-date symlink: /home/user/ur_ws/install/ur_controllers/include/ur_controllers/freedrive_mode_controller_parameters.hpp
[11.770s] -- Up-to-date symlink: /home/user/ur_ws/install/ur_controllers/include/ur_controllers/gpio_controller_parameters.hpp
[11.770s] -- Up-to-date symlink: /home/user/ur_ws/install/ur_controllers/include/ur_controllers/passthrough_trajectory_controller_parameters.hpp
[11.770s] -- Up-to-date symlink: /home/user/ur_ws/install/ur_controllers/include/ur_controllers/scaled_joint_trajectory_controller_parameters.hpp
[11.770s] -- Up-to-date symlink: /home/user/ur_ws/install/ur_controllers/include/ur_controllers/speed_scaling_state_broadcaster_parameters.hpp
[11.770s] -- Up-to-date symlink: /home/user/ur_ws/install/ur_controllers/include/ur_controllers/tool_contact_controller_parameters.hpp
[11.770s] -- Up-to-date symlink: /home/user/ur_ws/install/ur_controllers/include/ur_controllers/ur_configuration_controller_parameters.hpp
[11.771s] -- Symlinking: /home/user/ur_ws/install/ur_controllers/share/ur_controllers//controller_plugins.xml
[11.779s] -- Symlinking: /home/user/ur_ws/install/ur_controllers/lib/libur_controllers.so
[11.784s] -- Symlinking: /home/user/ur_ws/install/ur_controllers/include/ur_controllers/force_mode_controller.hpp
[11.797s] -- Symlinking: /home/user/ur_ws/install/ur_controllers/include/ur_controllers/freedrive_mode_controller.hpp
[11.803s] -- Symlinking: /home/user/ur_ws/install/ur_controllers/include/ur_controllers/gpio_controller.hpp
[11.808s] -- Symlinking: /home/user/ur_ws/install/ur_controllers/include/ur_controllers/passthrough_trajectory_controller.hpp
[11.816s] -- Symlinking: /home/user/ur_ws/install/ur_controllers/include/ur_controllers/scaled_joint_trajectory_controller.hpp
[11.823s] -- Symlinking: /home/user/ur_ws/install/ur_controllers/include/ur_controllers/speed_scaling_state_broadcaster.hpp
[11.830s] -- Symlinking: /home/user/ur_ws/install/ur_controllers/include/ur_controllers/tool_contact_controller.hpp
[11.835s] -- Symlinking: /home/user/ur_ws/install/ur_controllers/include/ur_controllers/ur_configuration_controller.hpp
[11.843s] -- Up-to-date symlink: /home/user/ur_ws/install/ur_controllers/share/ur_controllers/controller_plugins.xml
[11.843s] -- Symlinking: /home/user/ur_ws/install/ur_controllers/share/ur_controllers/environment/library_path.sh
[11.849s] -- Symlinking: /home/user/ur_ws/install/ur_controllers/share/ur_controllers/environment/library_path.dsv
[11.858s] -- Symlinking: /home/user/ur_ws/install/ur_controllers/share/ament_index/resource_index/package_run_dependencies/ur_controllers
[11.867s] -- Symlinking: /home/user/ur_ws/install/ur_controllers/share/ament_index/resource_index/parent_prefix_path/ur_controllers
[11.875s] -- Symlinking: /home/user/ur_ws/install/ur_controllers/share/ur_controllers/environment/ament_prefix_path.sh
[11.881s] -- Symlinking: /home/user/ur_ws/install/ur_controllers/share/ur_controllers/environment/ament_prefix_path.dsv
[11.890s] -- Symlinking: /home/user/ur_ws/install/ur_controllers/share/ur_controllers/environment/path.sh
[11.897s] -- Symlinking: /home/user/ur_ws/install/ur_controllers/share/ur_controllers/environment/path.dsv
[11.903s] -- Symlinking: /home/user/ur_ws/install/ur_controllers/share/ur_controllers/local_setup.bash
[11.912s] -- Symlinking: /home/user/ur_ws/install/ur_controllers/share/ur_controllers/local_setup.sh
[11.922s] -- Symlinking: /home/user/ur_ws/install/ur_controllers/share/ur_controllers/local_setup.zsh
[11.929s] -- Symlinking: /home/user/ur_ws/install/ur_controllers/share/ur_controllers/local_setup.dsv
[11.934s] -- Symlinking: /home/user/ur_ws/install/ur_controllers/share/ur_controllers/package.dsv
[11.943s] -- Symlinking: /home/user/ur_ws/install/ur_controllers/share/ament_index/resource_index/packages/ur_controllers
[11.949s] -- Symlinking: /home/user/ur_ws/install/ur_controllers/share/ament_index/resource_index/controller_interface__pluginlib__plugin/ur_controllers
[11.955s] -- Symlinking: /home/user/ur_ws/install/ur_controllers/share/ur_controllers/cmake/ament_cmake_export_dependencies-extras.cmake
[11.962s] -- Symlinking: /home/user/ur_ws/install/ur_controllers/share/ur_controllers/cmake/ament_cmake_export_include_directories-extras.cmake
[11.967s] -- Symlinking: /home/user/ur_ws/install/ur_controllers/share/ur_controllers/cmake/ament_cmake_export_libraries-extras.cmake
[11.974s] -- Symlinking: /home/user/ur_ws/install/ur_controllers/share/ur_controllers/cmake/ur_controllersConfig.cmake
[11.981s] -- Symlinking: /home/user/ur_ws/install/ur_controllers/share/ur_controllers/cmake/ur_controllersConfig-version.cmake
[11.989s] -- Symlinking: /home/user/ur_ws/install/ur_controllers/share/ur_controllers/package.xml
[11.999s] Invoked command in '/home/user/ur_ws/build/ur_controllers' returned '0': CMAKE_PREFIX_PATH=/home/user/ur_ws/install/ur_dashboard_msgs:/home/user/ur_ws/install/ur_simulation_gz:/home/user/ur_ws/install/ur:/home/user/ur_ws/install/ur_calibration:/home/user/ur_ws/install/ur_robot_driver:/home/user/ur_ws/install/ur_moveit_config:/home/user/ur_ws/install/ur_bringup:/home/user/ur_ws/install/ur_description:/home/user/ur_ws/install/ur_controllers:/home/user/ur_ws/install/Universal_Robots_ROS2_GZ_Simulation:/opt/ros/humble LD_LIBRARY_PATH=/home/user/ur_ws/install/ur_dashboard_msgs/lib:/home/user/ur_ws/install/ur_robot_driver/lib:/home/user/ur_ws/install/ur_controllers/lib:/usr/lib/x86_64-linux-gnu/gazebo-11/plugins:/opt/ros/humble/opt/rviz_ogre_vendor/lib:/opt/ros/humble/lib/x86_64-linux-gnu:/opt/ros/humble/lib /usr/bin/cmake --install /home/user/ur_ws/build/ur_controllers
