[0.016s] Invoking command in '/home/user/ur_ws/build/robotiq_controllers': CMAKE_PREFIX_PATH=/opt/ros/humble /usr/bin/cmake /home/user/ur_ws/src/ros2_robotiq_gripper/robotiq_controllers -DCMAKE_BUILD_TYPE=Release -DAMENT_CMAKE_SYMLINK_INSTALL=1 -DCMAKE_INSTALL_PREFIX=/home/user/ur_ws/install/robotiq_controllers
[0.062s] -- The C compiler identification is GNU 11.4.0
[0.107s] -- The CXX compiler identification is GNU 11.4.0
[0.113s] -- Detecting C compiler ABI info
[0.177s] -- Detecting C compiler ABI info - done
[0.183s] -- Check for working C compiler: /usr/bin/cc - skipped
[0.183s] -- Detecting C compile features
[0.183s] -- Detecting C compile features - done
[0.187s] -- Detecting CXX compiler ABI info
[0.259s] -- Detecting CXX compiler ABI info - done
[0.266s] -- Check for working CXX compiler: /usr/bin/c++ - skipped
[0.266s] -- Detecting CXX compile features
[0.267s] -- Detecting CXX compile features - done
[0.268s] -- Found ament_cmake: 1.3.12 (/opt/ros/humble/share/ament_cmake/cmake)
[0.407s] -- Found Python3: /usr/bin/python3 (found version "3.10.12") found components: Interpreter 
[0.462s] -- Override CMake install command with custom implementation using symlinks instead of copying resources
[0.480s] -- Found controller_interface: 2.52.0 (/opt/ros/humble/share/controller_interface/cmake)
[0.505s] -- Found rosidl_generator_c: 3.1.7 (/opt/ros/humble/share/rosidl_generator_c/cmake)
[0.508s] -- Found rosidl_adapter: 3.1.7 (/opt/ros/humble/share/rosidl_adapter/cmake)
[0.513s] -- Found rosidl_generator_cpp: 3.1.7 (/opt/ros/humble/share/rosidl_generator_cpp/cmake)
[0.521s] -- Using all available rosidl_typesupport_c: rosidl_typesupport_fastrtps_c;rosidl_typesupport_introspection_c
[0.530s] -- Using all available rosidl_typesupport_cpp: rosidl_typesupport_fastrtps_cpp;rosidl_typesupport_introspection_cpp
[0.660s] -- Found rmw_implementation_cmake: 6.1.2 (/opt/ros/humble/share/rmw_implementation_cmake/cmake)
[0.662s] -- Found rmw_cyclonedds_cpp: 1.3.4 (/opt/ros/humble/share/rmw_cyclonedds_cpp/cmake)
[0.675s] -- Using RMW implementation 'rmw_cyclonedds_cpp' as default
[0.680s] -- Looking for pthread.h
[0.753s] -- Looking for pthread.h - found
[0.753s] -- Performing Test CMAKE_HAVE_LIBC_PTHREAD
[0.817s] -- Performing Test CMAKE_HAVE_LIBC_PTHREAD - Success
[0.818s] -- Found Threads: TRUE  
[0.849s] -- Found std_srvs: 4.9.0 (/opt/ros/humble/share/std_srvs/cmake)
[0.856s] -- Found ament_lint_auto: 0.12.14 (/opt/ros/humble/share/ament_lint_auto/cmake)
[0.910s] -- Added test 'cppcheck' to perform static code analysis on C / C++ code
[0.910s] -- Configured cppcheck include dirs: /home/user/ur_ws/src/ros2_robotiq_gripper/robotiq_controllers/include
[0.911s] -- Configured cppcheck exclude dirs and/or files: 
[0.911s] -- Added test 'lint_cmake' to check CMake code style
[0.913s] -- Configuring done
[0.924s] -- Generating done
[0.927s] -- Build files have been written to: /home/user/ur_ws/build/robotiq_controllers
