[0.016s] Invoking command in '/home/user/ur_ws/build/ur_calibration': CMAKE_PREFIX_PATH=/home/user/ur_ws/install/ur_robot_driver:/home/user/ur_ws/install/ur_controllers:/home/user/ur_ws/install/ur_description:/home/user/ur_ws/install/ur_dashboard_msgs:/home/user/ur_ws/install/ur_simulation_gz:/home/user/ur_ws/install/ur:/home/user/ur_ws/install/ur_calibration:/home/user/ur_ws/install/ur_moveit_config:/home/user/ur_ws/install/ur_bringup:/home/user/ur_ws/install/Universal_Robots_ROS2_GZ_Simulation:/opt/ros/humble /usr/bin/cmake /home/user/ur_ws/src/Universal_Robots_ROS2_Driver/ur_calibration -DAMENT_CMAKE_SYMLINK_INSTALL=1 -DCMAKE_INSTALL_PREFIX=/home/user/ur_ws/install/ur_calibration
[0.075s] -- The C compiler identification is GNU 11.4.0
[0.126s] -- The CXX compiler identification is GNU 11.4.0
[0.130s] -- Detecting C compiler ABI info
[0.203s] -- Detecting C compiler ABI info - done
[0.208s] -- Check for working C compiler: /usr/bin/cc - skipped
[0.208s] -- Detecting C compile features
[0.208s] -- Detecting C compile features - done
[0.210s] -- Detecting CXX compiler ABI info
[0.292s] -- Detecting CXX compiler ABI info - done
[0.297s] -- Check for working CXX compiler: /usr/bin/c++ - skipped
[0.297s] -- Detecting CXX compile features
[0.298s] -- Detecting CXX compile features - done
[0.298s] [0mur_calibration: You did not request a specific build type: selecting 'RelWithDebInfo'.[0m
[0.299s] -- Found ament_cmake: 1.3.12 (/opt/ros/humble/share/ament_cmake/cmake)
[0.439s] -- Found Python3: /usr/bin/python3 (found version "3.10.12") found components: Interpreter 
[0.489s] -- Override CMake install command with custom implementation using symlinks instead of copying resources
[0.511s] -- Found rclcpp: 16.0.15 (/opt/ros/humble/share/rclcpp/cmake)
[0.537s] -- Found rosidl_generator_c: 3.1.7 (/opt/ros/humble/share/rosidl_generator_c/cmake)
[0.540s] -- Found rosidl_adapter: 3.1.7 (/opt/ros/humble/share/rosidl_adapter/cmake)
[0.546s] -- Found rosidl_generator_cpp: 3.1.7 (/opt/ros/humble/share/rosidl_generator_cpp/cmake)
[0.553s] -- Using all available rosidl_typesupport_c: rosidl_typesupport_fastrtps_c;rosidl_typesupport_introspection_c
[0.563s] -- Using all available rosidl_typesupport_cpp: rosidl_typesupport_fastrtps_cpp;rosidl_typesupport_introspection_cpp
[0.589s] -- Found rmw_implementation_cmake: 6.1.2 (/opt/ros/humble/share/rmw_implementation_cmake/cmake)
[0.591s] -- Found rmw_cyclonedds_cpp: 1.3.4 (/opt/ros/humble/share/rmw_cyclonedds_cpp/cmake)
[0.604s] -- Using RMW implementation 'rmw_cyclonedds_cpp' as default
[0.609s] -- Looking for pthread.h
[0.690s] -- Looking for pthread.h - found
[0.690s] -- Performing Test CMAKE_HAVE_LIBC_PTHREAD
[0.761s] -- Performing Test CMAKE_HAVE_LIBC_PTHREAD - Success
[0.762s] -- Found Threads: TRUE  
[0.792s] -- Found ur_robot_driver: 2.9.0 (/home/user/ur_ws/install/ur_robot_driver/share/ur_robot_driver/cmake)
[0.921s] -- Found eigen3_cmake_module: 0.1.1 (/opt/ros/humble/share/eigen3_cmake_module/cmake)
[0.922s] -- Found Eigen3: TRUE (found version "3.4.0") 
[0.922s] -- Ensuring Eigen3 include directory is part of orocos-kdl CMake target
[0.984s] -- Found yaml_cpp_vendor: 8.0.2 (/opt/ros/humble/share/yaml_cpp_vendor/cmake)
[1.003s] -- Found ament_cmake_gmock: 1.3.12 (/opt/ros/humble/share/ament_cmake_gmock/cmake)
[1.004s] -- Found gmock sources under '/opt/ros/humble/src/gmock_vendor': C++ tests using 'Google Mock' will be built
[1.007s] -- Found ament_cmake_gtest: 1.3.12 (/opt/ros/humble/share/ament_cmake_gtest/cmake)
[1.008s] -- Found gtest sources under '/opt/ros/humble/src/gtest_vendor': C++ tests using 'Google Test' will be built
[1.063s] -- Configuring done
[1.105s] -- Generating done
[1.111s] -- Build files have been written to: /home/user/ur_ws/build/ur_calibration
[1.120s] Invoked command in '/home/user/ur_ws/build/ur_calibration' returned '0': CMAKE_PREFIX_PATH=/home/user/ur_ws/install/ur_robot_driver:/home/user/ur_ws/install/ur_controllers:/home/user/ur_ws/install/ur_description:/home/user/ur_ws/install/ur_dashboard_msgs:/home/user/ur_ws/install/ur_simulation_gz:/home/user/ur_ws/install/ur:/home/user/ur_ws/install/ur_calibration:/home/user/ur_ws/install/ur_moveit_config:/home/user/ur_ws/install/ur_bringup:/home/user/ur_ws/install/Universal_Robots_ROS2_GZ_Simulation:/opt/ros/humble /usr/bin/cmake /home/user/ur_ws/src/Universal_Robots_ROS2_Driver/ur_calibration -DAMENT_CMAKE_SYMLINK_INSTALL=1 -DCMAKE_INSTALL_PREFIX=/home/user/ur_ws/install/ur_calibration
[1.121s] Invoking command in '/home/user/ur_ws/build/ur_calibration': CMAKE_PREFIX_PATH=/home/user/ur_ws/install/ur_robot_driver:/home/user/ur_ws/install/ur_controllers:/home/user/ur_ws/install/ur_description:/home/user/ur_ws/install/ur_dashboard_msgs:/home/user/ur_ws/install/ur_simulation_gz:/home/user/ur_ws/install/ur:/home/user/ur_ws/install/ur_calibration:/home/user/ur_ws/install/ur_moveit_config:/home/user/ur_ws/install/ur_bringup:/home/user/ur_ws/install/Universal_Robots_ROS2_GZ_Simulation:/opt/ros/humble /usr/bin/cmake --build /home/user/ur_ws/build/ur_calibration -- -j32 -l32
[1.180s] [  8%] [32mBuilding CXX object CMakeFiles/calibration.dir/src/calibration.cpp.o[0m
[1.181s] [ 16%] [32mBuilding CXX object gmock/CMakeFiles/gmock.dir/opt/ros/humble/src/gtest_vendor/src/gtest-all.cc.o[0m
[1.182s] [ 25%] [32mBuilding CXX object CMakeFiles/calibration.dir/src/calibration_consumer.cpp.o[0m
[1.184s] [ 41%] [32mBuilding CXX object gmock/CMakeFiles/gmock_main.dir/src/gmock_main.cc.o[0m
[1.184s] [ 41%] [32mBuilding CXX object gmock/CMakeFiles/gmock.dir/src/gmock-all.cc.o[0m
[1.918s] [ 50%] [32m[1mLinking CXX static library libgmock_main.a[0m
[1.988s] [ 50%] Built target gmock_main
[6.471s] [ 58%] [32m[1mLinking CXX static library libcalibration.a[0m
[6.555s] [ 58%] Built target calibration
[6.578s] [ 66%] [32mBuilding CXX object CMakeFiles/calibration_correction.dir/src/calibration_correction.cpp.o[0m
[6.923s] [ 75%] [32m[1mLinking CXX static library libgmock.a[0m
[7.013s] [ 75%] Built target gmock
[7.032s] [ 83%] [32mBuilding CXX object CMakeFiles/calibration_test.dir/test/calibration_test.cpp.o[0m
[10.509s] [ 91%] [32m[1mLinking CXX executable calibration_correction[0m
[10.804s] [ 91%] Built target calibration_correction
[11.921s] [100%] [32m[1mLinking CXX executable calibration_test[0m
[12.166s] [100%] Built target calibration_test
[12.181s] Invoked command in '/home/user/ur_ws/build/ur_calibration' returned '0': CMAKE_PREFIX_PATH=/home/user/ur_ws/install/ur_robot_driver:/home/user/ur_ws/install/ur_controllers:/home/user/ur_ws/install/ur_description:/home/user/ur_ws/install/ur_dashboard_msgs:/home/user/ur_ws/install/ur_simulation_gz:/home/user/ur_ws/install/ur:/home/user/ur_ws/install/ur_calibration:/home/user/ur_ws/install/ur_moveit_config:/home/user/ur_ws/install/ur_bringup:/home/user/ur_ws/install/Universal_Robots_ROS2_GZ_Simulation:/opt/ros/humble /usr/bin/cmake --build /home/user/ur_ws/build/ur_calibration -- -j32 -l32
[12.183s] Invoking command in '/home/user/ur_ws/build/ur_calibration': CMAKE_PREFIX_PATH=/home/user/ur_ws/install/ur_robot_driver:/home/user/ur_ws/install/ur_controllers:/home/user/ur_ws/install/ur_description:/home/user/ur_ws/install/ur_dashboard_msgs:/home/user/ur_ws/install/ur_simulation_gz:/home/user/ur_ws/install/ur:/home/user/ur_ws/install/ur_calibration:/home/user/ur_ws/install/ur_moveit_config:/home/user/ur_ws/install/ur_bringup:/home/user/ur_ws/install/Universal_Robots_ROS2_GZ_Simulation:/opt/ros/humble /usr/bin/cmake --install /home/user/ur_ws/build/ur_calibration
[12.189s] -- Install configuration: "RelWithDebInfo"
[12.189s] -- Execute custom install script
[12.189s] -- Symlinking: /home/user/ur_ws/install/ur_calibration/lib/ur_calibration/calibration_correction
[12.198s] -- Symlinking: /home/user/ur_ws/install/ur_calibration/include/ur_calibration/calibration.hpp
[12.205s] -- Symlinking: /home/user/ur_ws/install/ur_calibration/include/ur_calibration/calibration_consumer.hpp
[12.215s] -- Symlinking: /home/user/ur_ws/install/ur_calibration/share/ur_calibration/launch/calibration_correction.launch.py
[12.223s] -- Symlinking: /home/user/ur_ws/install/ur_calibration/share/ament_index/resource_index/package_run_dependencies/ur_calibration
[12.233s] -- Symlinking: /home/user/ur_ws/install/ur_calibration/share/ament_index/resource_index/parent_prefix_path/ur_calibration
[12.240s] -- Symlinking: /home/user/ur_ws/install/ur_calibration/share/ur_calibration/environment/ament_prefix_path.sh
[12.248s] -- Symlinking: /home/user/ur_ws/install/ur_calibration/share/ur_calibration/environment/ament_prefix_path.dsv
[12.257s] -- Symlinking: /home/user/ur_ws/install/ur_calibration/share/ur_calibration/environment/path.sh
[12.266s] -- Symlinking: /home/user/ur_ws/install/ur_calibration/share/ur_calibration/environment/path.dsv
[12.275s] -- Symlinking: /home/user/ur_ws/install/ur_calibration/share/ur_calibration/local_setup.bash
[12.282s] -- Symlinking: /home/user/ur_ws/install/ur_calibration/share/ur_calibration/local_setup.sh
[12.288s] -- Symlinking: /home/user/ur_ws/install/ur_calibration/share/ur_calibration/local_setup.zsh
[12.297s] -- Symlinking: /home/user/ur_ws/install/ur_calibration/share/ur_calibration/local_setup.dsv
[12.303s] -- Symlinking: /home/user/ur_ws/install/ur_calibration/share/ur_calibration/package.dsv
[12.313s] -- Symlinking: /home/user/ur_ws/install/ur_calibration/share/ament_index/resource_index/packages/ur_calibration
[12.320s] -- Symlinking: /home/user/ur_ws/install/ur_calibration/share/ur_calibration/cmake/ament_cmake_export_include_directories-extras.cmake
[12.329s] -- Symlinking: /home/user/ur_ws/install/ur_calibration/share/ur_calibration/cmake/ament_cmake_export_dependencies-extras.cmake
[12.336s] -- Symlinking: /home/user/ur_ws/install/ur_calibration/share/ur_calibration/cmake/ur_calibrationConfig.cmake
[12.350s] -- Symlinking: /home/user/ur_ws/install/ur_calibration/share/ur_calibration/cmake/ur_calibrationConfig-version.cmake
[12.360s] -- Symlinking: /home/user/ur_ws/install/ur_calibration/share/ur_calibration/package.xml
[12.372s] Invoked command in '/home/user/ur_ws/build/ur_calibration' returned '0': CMAKE_PREFIX_PATH=/home/user/ur_ws/install/ur_robot_driver:/home/user/ur_ws/install/ur_controllers:/home/user/ur_ws/install/ur_description:/home/user/ur_ws/install/ur_dashboard_msgs:/home/user/ur_ws/install/ur_simulation_gz:/home/user/ur_ws/install/ur:/home/user/ur_ws/install/ur_calibration:/home/user/ur_ws/install/ur_moveit_config:/home/user/ur_ws/install/ur_bringup:/home/user/ur_ws/install/Universal_Robots_ROS2_GZ_Simulation:/opt/ros/humble /usr/bin/cmake --install /home/user/ur_ws/build/ur_calibration
