[0.019s] Invoking command in '/home/user/ur_ws/build/ur_moveit_config': CMAKE_PREFIX_PATH=/home/user/ur_ws/install/ur_description:/home/user/ur_ws/install/ur:/home/user/ur_ws/install/ur_calibration:/home/user/ur_ws/install/ur_robot_driver:/home/user/ur_ws/install/ur_moveit_config:/home/user/ur_ws/install/ur_bringup:/home/user/ur_ws/install/ur_controllers:/home/user/ur_ws/install/ur_dashboard_msgs:/home/user/ur_ws/install/ur_simulation_gz:/home/user/ur_ws/install/universal_robots_ros2_gz_simulation:/opt/ros/humble /usr/bin/cmake --build /home/user/ur_ws/build/ur_moveit_config -- -j32 -l32
[0.236s] Built target ament_cmake_python_symlink_ur_moveit_config
[0.290s] running egg_info
[0.290s] writing ur_moveit_config.egg-info/PKG-INFO
[0.291s] writing dependency_links to ur_moveit_config.egg-info/dependency_links.txt
[0.291s] writing top-level names to ur_moveit_config.egg-info/top_level.txt
[0.292s] reading manifest file 'ur_moveit_config.egg-info/SOURCES.txt'
[0.292s] writing manifest file 'ur_moveit_config.egg-info/SOURCES.txt'
[0.332s] Built target ament_cmake_python_build_ur_moveit_config_egg
[0.454s] Invoked command in '/home/user/ur_ws/build/ur_moveit_config' returned '0': CMAKE_PREFIX_PATH=/home/user/ur_ws/install/ur_description:/home/user/ur_ws/install/ur:/home/user/ur_ws/install/ur_calibration:/home/user/ur_ws/install/ur_robot_driver:/home/user/ur_ws/install/ur_moveit_config:/home/user/ur_ws/install/ur_bringup:/home/user/ur_ws/install/ur_controllers:/home/user/ur_ws/install/ur_dashboard_msgs:/home/user/ur_ws/install/ur_simulation_gz:/home/user/ur_ws/install/universal_robots_ros2_gz_simulation:/opt/ros/humble /usr/bin/cmake --build /home/user/ur_ws/build/ur_moveit_config -- -j32 -l32
[0.456s] Invoking command in '/home/user/ur_ws/build/ur_moveit_config': CMAKE_PREFIX_PATH=/home/user/ur_ws/install/ur_description:/home/user/ur_ws/install/ur:/home/user/ur_ws/install/ur_calibration:/home/user/ur_ws/install/ur_robot_driver:/home/user/ur_ws/install/ur_moveit_config:/home/user/ur_ws/install/ur_bringup:/home/user/ur_ws/install/ur_controllers:/home/user/ur_ws/install/ur_dashboard_msgs:/home/user/ur_ws/install/ur_simulation_gz:/home/user/ur_ws/install/universal_robots_ros2_gz_simulation:/opt/ros/humble /usr/bin/cmake --install /home/user/ur_ws/build/ur_moveit_config
[0.465s] -- Install configuration: ""
[0.466s] -- Execute custom install script
[0.466s] -- Up-to-date symlink: /home/user/ur_ws/install/ur_moveit_config/share/ur_moveit_config/config/controllers.yaml
[0.466s] -- Up-to-date symlink: /home/user/ur_ws/install/ur_moveit_config/share/ur_moveit_config/config/joint_limits.yaml
[0.466s] -- Up-to-date symlink: /home/user/ur_ws/install/ur_moveit_config/share/ur_moveit_config/config/kinematics.yaml
[0.466s] -- Up-to-date symlink: /home/user/ur_ws/install/ur_moveit_config/share/ur_moveit_config/config/ompl_planning.yaml
[0.466s] -- Up-to-date symlink: /home/user/ur_ws/install/ur_moveit_config/share/ur_moveit_config/config/ur_servo.yaml
[0.466s] -- Up-to-date symlink: /home/user/ur_ws/install/ur_moveit_config/share/ur_moveit_config/launch/ur_moveit.launch.py
[0.467s] -- Up-to-date symlink: /home/user/ur_ws/install/ur_moveit_config/share/ur_moveit_config/rviz/view_robot.rviz
[0.467s] -- Up-to-date symlink: /home/user/ur_ws/install/ur_moveit_config/share/ur_moveit_config/srdf/ur.srdf.xacro
[0.467s] -- Up-to-date symlink: /home/user/ur_ws/install/ur_moveit_config/share/ur_moveit_config/srdf/ur_macro.srdf.xacro
[0.467s] -- Up-to-date symlink: /home/user/ur_ws/install/ur_moveit_config/share/ur_moveit_config/environment/pythonpath.sh
[0.467s] -- Up-to-date symlink: /home/user/ur_ws/install/ur_moveit_config/share/ur_moveit_config/environment/pythonpath.dsv
[0.468s] -- Up-to-date symlink: /home/user/ur_ws/install/ur_moveit_config/local/lib/python3.10/dist-packages/ur_moveit_config-2.9.0-py3.10.egg-info/PKG-INFO
[0.468s] -- Up-to-date symlink: /home/user/ur_ws/install/ur_moveit_config/local/lib/python3.10/dist-packages/ur_moveit_config-2.9.0-py3.10.egg-info/SOURCES.txt
[0.468s] -- Up-to-date symlink: /home/user/ur_ws/install/ur_moveit_config/local/lib/python3.10/dist-packages/ur_moveit_config-2.9.0-py3.10.egg-info/dependency_links.txt
[0.468s] -- Up-to-date symlink: /home/user/ur_ws/install/ur_moveit_config/local/lib/python3.10/dist-packages/ur_moveit_config-2.9.0-py3.10.egg-info/top_level.txt
[0.468s] -- Up-to-date symlink: /home/user/ur_ws/install/ur_moveit_config/local/lib/python3.10/dist-packages/ur_moveit_config/__init__.py
[0.468s] -- Up-to-date symlink: /home/user/ur_ws/install/ur_moveit_config/local/lib/python3.10/dist-packages/ur_moveit_config/launch_common.py
[0.468s] -- Up-to-date symlink: /home/user/ur_ws/install/ur_moveit_config/local/lib/python3.10/dist-packages/launch_common.py
[0.468s] -- Up-to-date symlink: /home/user/ur_ws/install/ur_moveit_config/share/ament_index/resource_index/package_run_dependencies/ur_moveit_config
[0.469s] -- Up-to-date symlink: /home/user/ur_ws/install/ur_moveit_config/share/ament_index/resource_index/parent_prefix_path/ur_moveit_config
[0.469s] -- Up-to-date symlink: /home/user/ur_ws/install/ur_moveit_config/share/ur_moveit_config/environment/ament_prefix_path.sh
[0.469s] -- Up-to-date symlink: /home/user/ur_ws/install/ur_moveit_config/share/ur_moveit_config/environment/ament_prefix_path.dsv
[0.469s] -- Up-to-date symlink: /home/user/ur_ws/install/ur_moveit_config/share/ur_moveit_config/environment/path.sh
[0.469s] -- Up-to-date symlink: /home/user/ur_ws/install/ur_moveit_config/share/ur_moveit_config/environment/path.dsv
[0.469s] -- Up-to-date symlink: /home/user/ur_ws/install/ur_moveit_config/share/ur_moveit_config/local_setup.bash
[0.469s] -- Up-to-date symlink: /home/user/ur_ws/install/ur_moveit_config/share/ur_moveit_config/local_setup.sh
[0.469s] -- Up-to-date symlink: /home/user/ur_ws/install/ur_moveit_config/share/ur_moveit_config/local_setup.zsh
[0.469s] -- Up-to-date symlink: /home/user/ur_ws/install/ur_moveit_config/share/ur_moveit_config/local_setup.dsv
[0.469s] -- Symlinking: /home/user/ur_ws/install/ur_moveit_config/share/ur_moveit_config/package.dsv
[0.480s] -- Up-to-date symlink: /home/user/ur_ws/install/ur_moveit_config/share/ament_index/resource_index/packages/ur_moveit_config
[0.480s] -- Up-to-date symlink: /home/user/ur_ws/install/ur_moveit_config/share/ur_moveit_config/cmake/ur_moveit_configConfig.cmake
[0.480s] -- Up-to-date symlink: /home/user/ur_ws/install/ur_moveit_config/share/ur_moveit_config/cmake/ur_moveit_configConfig-version.cmake
[0.481s] -- Up-to-date symlink: /home/user/ur_ws/install/ur_moveit_config/share/ur_moveit_config/package.xml
[0.510s] Listing '/home/user/ur_ws/install/ur_moveit_config/local/lib/python3.10/dist-packages/ur_moveit_config'...
[0.565s] Invoked command in '/home/user/ur_ws/build/ur_moveit_config' returned '0': CMAKE_PREFIX_PATH=/home/user/ur_ws/install/ur_description:/home/user/ur_ws/install/ur:/home/user/ur_ws/install/ur_calibration:/home/user/ur_ws/install/ur_robot_driver:/home/user/ur_ws/install/ur_moveit_config:/home/user/ur_ws/install/ur_bringup:/home/user/ur_ws/install/ur_controllers:/home/user/ur_ws/install/ur_dashboard_msgs:/home/user/ur_ws/install/ur_simulation_gz:/home/user/ur_ws/install/universal_robots_ros2_gz_simulation:/opt/ros/humble /usr/bin/cmake --install /home/user/ur_ws/build/ur_moveit_config
