[0.021s] Invoking command in '/home/user/ur_ws/build/ur': CMAKE_PREFIX_PATH=/home/user/ur_ws/install/ur_calibration:/home/user/ur_ws/install/ur_robot_driver:/home/user/ur_ws/install/ur_moveit_config:/home/user/ur_ws/install/ur_controllers:/home/user/ur_ws/install/ur_description:/home/user/ur_ws/install/ur_dashboard_msgs:/home/user/ur_ws/install/ur:/home/user/ur_ws/install/ur_bringup:/home/user/ur_ws/install/ur_simulation_gz:/home/user/ur_ws/install/universal_robots_ros2_gz_simulation:/opt/ros/humble /usr/bin/cmake /home/user/ur_ws/src/universal_robots_ros2_driver/ur -DAMENT_CMAKE_SYMLINK_INSTALL=1 -DCMAKE_INSTALL_PREFIX=/home/user/ur_ws/install/ur
[0.067s] -- The C compiler identification is GNU 11.4.0
[0.118s] -- The CXX compiler identification is GNU 11.4.0
[0.126s] -- Detecting C compiler ABI info
[0.202s] -- Detecting C compiler ABI info - done
[0.208s] -- Check for working C compiler: /usr/bin/cc - skipped
[0.208s] -- Detecting C compile features
[0.208s] -- Detecting C compile features - done
[0.210s] -- Detecting CXX compiler ABI info
[0.290s] -- Detecting CXX compiler ABI info - done
[0.294s] -- Check for working CXX compiler: /usr/bin/c++ - skipped
[0.294s] -- Detecting CXX compile features
[0.294s] -- Detecting CXX compile features - done
[0.296s] -- Found ament_cmake: 1.3.12 (/opt/ros/humble/share/ament_cmake/cmake)
[0.425s] -- Found Python3: /usr/bin/python3 (found version "3.10.12") found components: Interpreter 
[0.472s] -- Override CMake install command with custom implementation using symlinks instead of copying resources
[0.496s] -- Found ament_lint_auto: 0.12.14 (/opt/ros/humble/share/ament_lint_auto/cmake)
[0.561s] -- Added test 'lint_cmake' to check CMake code style
[0.561s] -- Added test 'xmllint' to check XML markup files
[0.562s] -- Configuring done
[0.563s] -- Generating done
[0.564s] -- Build files have been written to: /home/user/ur_ws/build/ur
[0.569s] Invoked command in '/home/user/ur_ws/build/ur' returned '0': CMAKE_PREFIX_PATH=/home/user/ur_ws/install/ur_calibration:/home/user/ur_ws/install/ur_robot_driver:/home/user/ur_ws/install/ur_moveit_config:/home/user/ur_ws/install/ur_controllers:/home/user/ur_ws/install/ur_description:/home/user/ur_ws/install/ur_dashboard_msgs:/home/user/ur_ws/install/ur:/home/user/ur_ws/install/ur_bringup:/home/user/ur_ws/install/ur_simulation_gz:/home/user/ur_ws/install/universal_robots_ros2_gz_simulation:/opt/ros/humble /usr/bin/cmake /home/user/ur_ws/src/universal_robots_ros2_driver/ur -DAMENT_CMAKE_SYMLINK_INSTALL=1 -DCMAKE_INSTALL_PREFIX=/home/user/ur_ws/install/ur
[0.570s] Invoking command in '/home/user/ur_ws/build/ur': CMAKE_PREFIX_PATH=/home/user/ur_ws/install/ur_calibration:/home/user/ur_ws/install/ur_robot_driver:/home/user/ur_ws/install/ur_moveit_config:/home/user/ur_ws/install/ur_controllers:/home/user/ur_ws/install/ur_description:/home/user/ur_ws/install/ur_dashboard_msgs:/home/user/ur_ws/install/ur:/home/user/ur_ws/install/ur_bringup:/home/user/ur_ws/install/ur_simulation_gz:/home/user/ur_ws/install/universal_robots_ros2_gz_simulation:/opt/ros/humble /usr/bin/cmake --build /home/user/ur_ws/build/ur -- -j32 -l32
[0.613s] Invoked command in '/home/user/ur_ws/build/ur' returned '0': CMAKE_PREFIX_PATH=/home/user/ur_ws/install/ur_calibration:/home/user/ur_ws/install/ur_robot_driver:/home/user/ur_ws/install/ur_moveit_config:/home/user/ur_ws/install/ur_controllers:/home/user/ur_ws/install/ur_description:/home/user/ur_ws/install/ur_dashboard_msgs:/home/user/ur_ws/install/ur:/home/user/ur_ws/install/ur_bringup:/home/user/ur_ws/install/ur_simulation_gz:/home/user/ur_ws/install/universal_robots_ros2_gz_simulation:/opt/ros/humble /usr/bin/cmake --build /home/user/ur_ws/build/ur -- -j32 -l32
[0.614s] Invoking command in '/home/user/ur_ws/build/ur': CMAKE_PREFIX_PATH=/home/user/ur_ws/install/ur_calibration:/home/user/ur_ws/install/ur_robot_driver:/home/user/ur_ws/install/ur_moveit_config:/home/user/ur_ws/install/ur_controllers:/home/user/ur_ws/install/ur_description:/home/user/ur_ws/install/ur_dashboard_msgs:/home/user/ur_ws/install/ur:/home/user/ur_ws/install/ur_bringup:/home/user/ur_ws/install/ur_simulation_gz:/home/user/ur_ws/install/universal_robots_ros2_gz_simulation:/opt/ros/humble /usr/bin/cmake --install /home/user/ur_ws/build/ur
[0.621s] -- Install configuration: ""
[0.621s] -- Execute custom install script
[0.622s] -- Symlinking: /home/user/ur_ws/install/ur/share/ament_index/resource_index/package_run_dependencies/ur
[0.629s] -- Symlinking: /home/user/ur_ws/install/ur/share/ament_index/resource_index/parent_prefix_path/ur
[0.635s] -- Symlinking: /home/user/ur_ws/install/ur/share/ur/environment/ament_prefix_path.sh
[0.644s] -- Symlinking: /home/user/ur_ws/install/ur/share/ur/environment/ament_prefix_path.dsv
[0.651s] -- Symlinking: /home/user/ur_ws/install/ur/share/ur/environment/path.sh
[0.658s] -- Symlinking: /home/user/ur_ws/install/ur/share/ur/environment/path.dsv
[0.665s] -- Symlinking: /home/user/ur_ws/install/ur/share/ur/local_setup.bash
[0.673s] -- Symlinking: /home/user/ur_ws/install/ur/share/ur/local_setup.sh
[0.680s] -- Symlinking: /home/user/ur_ws/install/ur/share/ur/local_setup.zsh
[0.688s] -- Symlinking: /home/user/ur_ws/install/ur/share/ur/local_setup.dsv
[0.694s] -- Symlinking: /home/user/ur_ws/install/ur/share/ur/package.dsv
[0.700s] -- Symlinking: /home/user/ur_ws/install/ur/share/ament_index/resource_index/packages/ur
[0.708s] -- Symlinking: /home/user/ur_ws/install/ur/share/ur/cmake/urConfig.cmake
[0.715s] -- Symlinking: /home/user/ur_ws/install/ur/share/ur/cmake/urConfig-version.cmake
[0.725s] -- Symlinking: /home/user/ur_ws/install/ur/share/ur/package.xml
[0.736s] Invoked command in '/home/user/ur_ws/build/ur' returned '0': CMAKE_PREFIX_PATH=/home/user/ur_ws/install/ur_calibration:/home/user/ur_ws/install/ur_robot_driver:/home/user/ur_ws/install/ur_moveit_config:/home/user/ur_ws/install/ur_controllers:/home/user/ur_ws/install/ur_description:/home/user/ur_ws/install/ur_dashboard_msgs:/home/user/ur_ws/install/ur:/home/user/ur_ws/install/ur_bringup:/home/user/ur_ws/install/ur_simulation_gz:/home/user/ur_ws/install/universal_robots_ros2_gz_simulation:/opt/ros/humble /usr/bin/cmake --install /home/user/ur_ws/build/ur
