[0.020s] Invoking command in '/home/user/ur_ws/build/robotiq_description': CMAKE_PREFIX_PATH=/opt/ros/humble /usr/bin/cmake /home/user/ur_ws/src/ros2_robotiq_gripper/robotiq_description -DCMAKE_BUILD_TYPE=Release -DAMENT_CMAKE_SYMLINK_INSTALL=1 -DCMAKE_INSTALL_PREFIX=/home/user/ur_ws/install/robotiq_description
[0.064s] -- The C compiler identification is GNU 11.4.0
[0.111s] -- The CXX compiler identification is GNU 11.4.0
[0.116s] -- Detecting C compiler ABI info
[0.174s] -- Detecting C compiler ABI info - done
[0.183s] -- Check for working C compiler: /usr/bin/cc - skipped
[0.183s] -- Detecting C compile features
[0.183s] -- Detecting C compile features - done
[0.186s] -- Detecting CXX compiler ABI info
[0.261s] -- Detecting CXX compiler ABI info - done
[0.267s] -- Check for working CXX compiler: /usr/bin/c++ - skipped
[0.267s] -- Detecting CXX compile features
[0.268s] -- Detecting CXX compile features - done
[0.269s] -- Found ament_cmake: 1.3.12 (/opt/ros/humble/share/ament_cmake/cmake)
[0.402s] -- Found Python3: /usr/bin/python3 (found version "3.10.12") found components: Interpreter 
[0.455s] -- Override CMake install command with custom implementation using symlinks instead of copying resources
[0.529s] -- Configuring done
[0.530s] -- Generating done
[0.531s] -- Build files have been written to: /home/user/ur_ws/build/robotiq_description
[0.535s] Invoked command in '/home/user/ur_ws/build/robotiq_description' returned '0': CMAKE_PREFIX_PATH=/opt/ros/humble /usr/bin/cmake /home/user/ur_ws/src/ros2_robotiq_gripper/robotiq_description -DCMAKE_BUILD_TYPE=Release -DAMENT_CMAKE_SYMLINK_INSTALL=1 -DCMAKE_INSTALL_PREFIX=/home/user/ur_ws/install/robotiq_description
[0.537s] Invoking command in '/home/user/ur_ws/build/robotiq_description': CMAKE_PREFIX_PATH=/opt/ros/humble /usr/bin/cmake --build /home/user/ur_ws/build/robotiq_description -- -j32 -l32
[0.579s] Invoked command in '/home/user/ur_ws/build/robotiq_description' returned '0': CMAKE_PREFIX_PATH=/opt/ros/humble /usr/bin/cmake --build /home/user/ur_ws/build/robotiq_description -- -j32 -l32
[0.589s] Invoking command in '/home/user/ur_ws/build/robotiq_description': CMAKE_PREFIX_PATH=/opt/ros/humble /usr/bin/cmake --install /home/user/ur_ws/build/robotiq_description
[0.593s] -- Install configuration: "Release"
[0.594s] -- Execute custom install script
[0.594s] -- Symlinking: /home/user/ur_ws/install/robotiq_description/share/robotiq_description/config/robotiq_controllers.yaml
[0.600s] -- Symlinking: /home/user/ur_ws/install/robotiq_description/share/robotiq_description/launch/robotiq_control.launch.py
[0.609s] -- Symlinking: /home/user/ur_ws/install/robotiq_description/share/robotiq_description/launch/view_gripper.launch.py
[0.617s] -- Symlinking: /home/user/ur_ws/install/robotiq_description/share/robotiq_description/meshes/collision/2f_140/robotiq_2f_140_base_link.stl
[0.624s] -- Symlinking: /home/user/ur_ws/install/robotiq_description/share/robotiq_description/meshes/collision/2f_140/robotiq_2f_140_coupling.stl
[0.630s] -- Symlinking: /home/user/ur_ws/install/robotiq_description/share/robotiq_description/meshes/collision/2f_140/robotiq_2f_140_inner_finger.stl
[0.638s] -- Symlinking: /home/user/ur_ws/install/robotiq_description/share/robotiq_description/meshes/collision/2f_140/robotiq_2f_140_inner_knuckle.stl
[0.644s] -- Symlinking: /home/user/ur_ws/install/robotiq_description/share/robotiq_description/meshes/collision/2f_140/robotiq_2f_140_outer_finger.stl
[0.651s] -- Symlinking: /home/user/ur_ws/install/robotiq_description/share/robotiq_description/meshes/collision/2f_140/robotiq_2f_140_outer_knuckle.stl
[0.657s] -- Symlinking: /home/user/ur_ws/install/robotiq_description/share/robotiq_description/meshes/collision/2f_85/left_finger.stl
[0.663s] -- Symlinking: /home/user/ur_ws/install/robotiq_description/share/robotiq_description/meshes/collision/2f_85/left_finger_tip.stl
[0.669s] -- Symlinking: /home/user/ur_ws/install/robotiq_description/share/robotiq_description/meshes/collision/2f_85/left_inner_knuckle.stl
[0.676s] -- Symlinking: /home/user/ur_ws/install/robotiq_description/share/robotiq_description/meshes/collision/2f_85/left_knuckle.stl
[0.683s] -- Symlinking: /home/user/ur_ws/install/robotiq_description/share/robotiq_description/meshes/collision/2f_85/right_finger.stl
[0.689s] -- Symlinking: /home/user/ur_ws/install/robotiq_description/share/robotiq_description/meshes/collision/2f_85/right_finger_tip.stl
[0.699s] -- Symlinking: /home/user/ur_ws/install/robotiq_description/share/robotiq_description/meshes/collision/2f_85/right_inner_knuckle.stl
[0.706s] -- Symlinking: /home/user/ur_ws/install/robotiq_description/share/robotiq_description/meshes/collision/2f_85/right_knuckle.stl
[0.713s] -- Symlinking: /home/user/ur_ws/install/robotiq_description/share/robotiq_description/meshes/collision/2f_85/robotiq_base.stl
[0.719s] -- Symlinking: /home/user/ur_ws/install/robotiq_description/share/robotiq_description/meshes/collision/2f_85/ur_to_robotiq_adapter.stl
[0.726s] -- Symlinking: /home/user/ur_ws/install/robotiq_description/share/robotiq_description/meshes/visual/2f_140/robotiq_2f_140_base_link.stl
[0.732s] -- Symlinking: /home/user/ur_ws/install/robotiq_description/share/robotiq_description/meshes/visual/2f_140/robotiq_2f_140_coupling.stl
[0.739s] -- Symlinking: /home/user/ur_ws/install/robotiq_description/share/robotiq_description/meshes/visual/2f_140/robotiq_2f_140_inner_finger.stl
[0.746s] -- Symlinking: /home/user/ur_ws/install/robotiq_description/share/robotiq_description/meshes/visual/2f_140/robotiq_2f_140_inner_knuckle.stl
[0.755s] -- Symlinking: /home/user/ur_ws/install/robotiq_description/share/robotiq_description/meshes/visual/2f_140/robotiq_2f_140_outer_finger.stl
[0.761s] -- Symlinking: /home/user/ur_ws/install/robotiq_description/share/robotiq_description/meshes/visual/2f_140/robotiq_2f_140_outer_knuckle.stl
[0.768s] -- Symlinking: /home/user/ur_ws/install/robotiq_description/share/robotiq_description/meshes/visual/2f_85/left_finger.dae
[0.775s] -- Symlinking: /home/user/ur_ws/install/robotiq_description/share/robotiq_description/meshes/visual/2f_85/left_finger_tip.dae
[0.783s] -- Symlinking: /home/user/ur_ws/install/robotiq_description/share/robotiq_description/meshes/visual/2f_85/left_inner_knuckle.dae
[0.789s] -- Symlinking: /home/user/ur_ws/install/robotiq_description/share/robotiq_description/meshes/visual/2f_85/left_knuckle.dae
[0.797s] -- Symlinking: /home/user/ur_ws/install/robotiq_description/share/robotiq_description/meshes/visual/2f_85/right_finger.dae
[0.803s] -- Symlinking: /home/user/ur_ws/install/robotiq_description/share/robotiq_description/meshes/visual/2f_85/right_finger_tip.dae
[0.811s] -- Symlinking: /home/user/ur_ws/install/robotiq_description/share/robotiq_description/meshes/visual/2f_85/right_inner_knuckle.dae
[0.818s] -- Symlinking: /home/user/ur_ws/install/robotiq_description/share/robotiq_description/meshes/visual/2f_85/right_knuckle.dae
[0.826s] -- Symlinking: /home/user/ur_ws/install/robotiq_description/share/robotiq_description/meshes/visual/2f_85/robotiq_base.dae
[0.833s] -- Symlinking: /home/user/ur_ws/install/robotiq_description/share/robotiq_description/meshes/visual/2f_85/ur_to_robotiq_adapter.dae
[0.839s] -- Symlinking: /home/user/ur_ws/install/robotiq_description/share/robotiq_description/rviz/view_urdf.rviz
[0.845s] -- Symlinking: /home/user/ur_ws/install/robotiq_description/share/robotiq_description/urdf/2f_140.ros2_control.xacro
[0.851s] -- Symlinking: /home/user/ur_ws/install/robotiq_description/share/robotiq_description/urdf/2f_85.ros2_control.xacro
[0.859s] -- Symlinking: /home/user/ur_ws/install/robotiq_description/share/robotiq_description/urdf/robotiq_2f_140.xacro
[0.869s] -- Symlinking: /home/user/ur_ws/install/robotiq_description/share/robotiq_description/urdf/robotiq_2f_140_gripper.urdf.xacro
[0.878s] -- Symlinking: /home/user/ur_ws/install/robotiq_description/share/robotiq_description/urdf/robotiq_2f_140_macro.urdf.xacro
[0.887s] -- Symlinking: /home/user/ur_ws/install/robotiq_description/share/robotiq_description/urdf/robotiq_2f_85_gripper.urdf.xacro
[0.893s] -- Symlinking: /home/user/ur_ws/install/robotiq_description/share/robotiq_description/urdf/robotiq_2f_85_macro.urdf.xacro
[0.899s] -- Symlinking: /home/user/ur_ws/install/robotiq_description/share/robotiq_description/urdf/ur_to_robotiq_adapter.urdf.xacro
[0.911s] -- Symlinking: /home/user/ur_ws/install/robotiq_description/share/ament_index/resource_index/package_run_dependencies/robotiq_description
[0.921s] -- Symlinking: /home/user/ur_ws/install/robotiq_description/share/ament_index/resource_index/parent_prefix_path/robotiq_description
[0.929s] -- Symlinking: /home/user/ur_ws/install/robotiq_description/share/robotiq_description/environment/ament_prefix_path.sh
[0.937s] -- Symlinking: /home/user/ur_ws/install/robotiq_description/share/robotiq_description/environment/ament_prefix_path.dsv
[0.946s] -- Symlinking: /home/user/ur_ws/install/robotiq_description/share/robotiq_description/environment/path.sh
[0.953s] -- Symlinking: /home/user/ur_ws/install/robotiq_description/share/robotiq_description/environment/path.dsv
[0.960s] -- Symlinking: /home/user/ur_ws/install/robotiq_description/share/robotiq_description/local_setup.bash
[0.966s] -- Symlinking: /home/user/ur_ws/install/robotiq_description/share/robotiq_description/local_setup.sh
[0.975s] -- Symlinking: /home/user/ur_ws/install/robotiq_description/share/robotiq_description/local_setup.zsh
[0.982s] -- Symlinking: /home/user/ur_ws/install/robotiq_description/share/robotiq_description/local_setup.dsv
[0.991s] -- Symlinking: /home/user/ur_ws/install/robotiq_description/share/robotiq_description/package.dsv
[0.997s] -- Symlinking: /home/user/ur_ws/install/robotiq_description/share/ament_index/resource_index/packages/robotiq_description
[1.004s] -- Symlinking: /home/user/ur_ws/install/robotiq_description/share/robotiq_description/cmake/robotiq_descriptionConfig.cmake
[1.011s] -- Symlinking: /home/user/ur_ws/install/robotiq_description/share/robotiq_description/cmake/robotiq_descriptionConfig-version.cmake
[1.019s] -- Symlinking: /home/user/ur_ws/install/robotiq_description/share/robotiq_description/package.xml
