[0.016s] Invoking command in '/home/user/ur_ws/build/robotiq_driver': CMAKE_PREFIX_PATH=/opt/ros/humble /usr/bin/cmake /home/user/ur_ws/src/ros2_robotiq_gripper/robotiq_driver -DCMAKE_BUILD_TYPE=Release -DAMENT_CMAKE_SYMLINK_INSTALL=1 -DCMAKE_INSTALL_PREFIX=/home/user/ur_ws/install/robotiq_driver
[0.076s] -- The CXX compiler identification is GNU 11.4.0
[0.083s] -- Detecting CXX compiler ABI info
[0.156s] -- Detecting CXX compiler ABI info - done
[0.162s] -- Check for working CXX compiler: /usr/bin/c++ - skipped
[0.162s] -- Detecting CXX compile features
[0.162s] -- Detecting CXX compile features - done
[0.165s] -- Found ament_cmake: 1.3.12 (/opt/ros/humble/share/ament_cmake/cmake)
[0.295s] -- Found Python3: /usr/bin/python3 (found version "3.10.12") found components: Interpreter 
[0.347s] -- Override CMake install command with custom implementation using symlinks instead of copying resources
[0.368s] -- Found hardware_interface: 2.52.0 (/opt/ros/humble/share/hardware_interface/cmake)
[0.398s] -- Found rosidl_generator_c: 3.1.7 (/opt/ros/humble/share/rosidl_generator_c/cmake)
[0.402s] -- Found rosidl_adapter: 3.1.7 (/opt/ros/humble/share/rosidl_adapter/cmake)
[0.408s] -- Found rosidl_generator_cpp: 3.1.7 (/opt/ros/humble/share/rosidl_generator_cpp/cmake)
[0.417s] -- Using all available rosidl_typesupport_c: rosidl_typesupport_fastrtps_c;rosidl_typesupport_introspection_c
[0.430s] -- Using all available rosidl_typesupport_cpp: rosidl_typesupport_fastrtps_cpp;rosidl_typesupport_introspection_cpp
[0.593s] -- Found rmw_implementation_cmake: 6.1.2 (/opt/ros/humble/share/rmw_implementation_cmake/cmake)
[0.596s] -- Found rmw_cyclonedds_cpp: 1.3.4 (/opt/ros/humble/share/rmw_cyclonedds_cpp/cmake)
[0.611s] -- Using RMW implementation 'rmw_cyclonedds_cpp' as default
[0.617s] -- Looking for C++ include pthread.h
[0.700s] -- Looking for C++ include pthread.h - found
[0.700s] -- Performing Test CMAKE_HAVE_LIBC_PTHREAD
[0.774s] -- Performing Test CMAKE_HAVE_LIBC_PTHREAD - Success
[0.776s] -- Found Threads: TRUE  
[0.813s] [31mCMake Error at CMakeLists.txt:18 (find_package):
[0.813s]   By not providing "Findserial.cmake" in CMAKE_MODULE_PATH this project has
[0.813s]   asked CMake to find a package configuration file provided by "serial", but
[0.813s]   CMake did not find one.
[0.813s] 
[0.813s]   Could not find a package configuration file provided by "serial" with any
[0.813s]   of the following names:
[0.813s] 
[0.813s]     serialConfig.cmake
[0.813s]     serial-config.cmake
[0.813s] 
[0.813s]   Add the installation prefix of "serial" to CMAKE_PREFIX_PATH or set
[0.813s]   "serial_DIR" to a directory containing one of the above files.  If "serial"
[0.813s]   provides a separate development package or SDK, be sure it has been
[0.813s]   installed.
[0.813s] 
[0.813s] [0m
[0.813s] -- Configuring incomplete, errors occurred!
[0.813s] See also "/home/user/ur_ws/build/robotiq_driver/CMakeFiles/CMakeOutput.log".
[0.819s] Invoked command in '/home/user/ur_ws/build/robotiq_driver' returned '1': CMAKE_PREFIX_PATH=/opt/ros/humble /usr/bin/cmake /home/user/ur_ws/src/ros2_robotiq_gripper/robotiq_driver -DCMAKE_BUILD_TYPE=Release -DAMENT_CMAKE_SYMLINK_INSTALL=1 -DCMAKE_INSTALL_PREFIX=/home/user/ur_ws/install/robotiq_driver
