[0.012s] Invoking command in '/home/user/ur_ws/build/ur_moveit_config': CMAKE_PREFIX_PATH=/home/user/ur_ws/install/ur_description:/home/user/ur_ws/install/ur:/home/user/ur_ws/install/ur_calibration:/home/user/ur_ws/install/ur_robot_driver:/home/user/ur_ws/install/ur_moveit_config:/home/user/ur_ws/install/ur_bringup:/home/user/ur_ws/install/ur_controllers:/home/user/ur_ws/install/ur_dashboard_msgs:/home/user/ur_ws/install/ur_simulation_gz:/home/user/ur_ws/install/universal_robots_ros2_gz_simulation:/opt/ros/humble /usr/bin/cmake /home/user/ur_ws/src/universal_robots_ros2_driver/ur_moveit_config -DAMENT_CMAKE_SYMLINK_INSTALL=1 -DCMAKE_INSTALL_PREFIX=/home/user/ur_ws/install/ur_moveit_config
[0.201s] -- The C compiler identification is GNU 11.4.0
[0.201s] -- The CXX compiler identification is GNU 11.4.0
[0.202s] -- Detecting C compiler ABI info
[0.202s] -- Detecting C compiler ABI info - done
[0.202s] -- Check for working C compiler: /usr/bin/cc - skipped
[0.202s] -- Detecting C compile features
[0.203s] -- Detecting C compile features - done
[0.205s] -- Detecting CXX compiler ABI info
[0.286s] -- Detecting CXX compiler ABI info - done
[0.293s] -- Check for working CXX compiler: /usr/bin/c++ - skipped
[0.293s] -- Detecting CXX compile features
[0.294s] -- Detecting CXX compile features - done
[0.295s] -- Found ament_cmake: 1.3.12 (/opt/ros/humble/share/ament_cmake/cmake)
[0.440s] -- Found Python3: /usr/bin/python3 (found version "3.10.12") found components: Interpreter 
[0.510s] -- Override CMake install command with custom implementation using symlinks instead of copying resources
[0.718s] -- Configuring done
[0.721s] -- Generating done
[0.723s] -- Build files have been written to: /home/user/ur_ws/build/ur_moveit_config
[0.730s] Invoked command in '/home/user/ur_ws/build/ur_moveit_config' returned '0': CMAKE_PREFIX_PATH=/home/user/ur_ws/install/ur_description:/home/user/ur_ws/install/ur:/home/user/ur_ws/install/ur_calibration:/home/user/ur_ws/install/ur_robot_driver:/home/user/ur_ws/install/ur_moveit_config:/home/user/ur_ws/install/ur_bringup:/home/user/ur_ws/install/ur_controllers:/home/user/ur_ws/install/ur_dashboard_msgs:/home/user/ur_ws/install/ur_simulation_gz:/home/user/ur_ws/install/universal_robots_ros2_gz_simulation:/opt/ros/humble /usr/bin/cmake /home/user/ur_ws/src/universal_robots_ros2_driver/ur_moveit_config -DAMENT_CMAKE_SYMLINK_INSTALL=1 -DCMAKE_INSTALL_PREFIX=/home/user/ur_ws/install/ur_moveit_config
[0.732s] Invoking command in '/home/user/ur_ws/build/ur_moveit_config': CMAKE_PREFIX_PATH=/home/user/ur_ws/install/ur_description:/home/user/ur_ws/install/ur:/home/user/ur_ws/install/ur_calibration:/home/user/ur_ws/install/ur_robot_driver:/home/user/ur_ws/install/ur_moveit_config:/home/user/ur_ws/install/ur_bringup:/home/user/ur_ws/install/ur_controllers:/home/user/ur_ws/install/ur_dashboard_msgs:/home/user/ur_ws/install/ur_simulation_gz:/home/user/ur_ws/install/universal_robots_ros2_gz_simulation:/opt/ros/humble /usr/bin/cmake --build /home/user/ur_ws/build/ur_moveit_config -- -j32 -l32
[0.802s] Built target ament_cmake_python_symlink_ur_moveit_config
[1.133s] running egg_info
[1.133s] creating ur_moveit_config.egg-info
[1.134s] writing ur_moveit_config.egg-info/PKG-INFO
[1.134s] writing dependency_links to ur_moveit_config.egg-info/dependency_links.txt
[1.134s] writing top-level names to ur_moveit_config.egg-info/top_level.txt
[1.134s] writing manifest file 'ur_moveit_config.egg-info/SOURCES.txt'
[1.140s] reading manifest file 'ur_moveit_config.egg-info/SOURCES.txt'
[1.140s] writing manifest file 'ur_moveit_config.egg-info/SOURCES.txt'
[1.181s] Built target ament_cmake_python_build_ur_moveit_config_egg
[1.190s] Invoked command in '/home/user/ur_ws/build/ur_moveit_config' returned '0': CMAKE_PREFIX_PATH=/home/user/ur_ws/install/ur_description:/home/user/ur_ws/install/ur:/home/user/ur_ws/install/ur_calibration:/home/user/ur_ws/install/ur_robot_driver:/home/user/ur_ws/install/ur_moveit_config:/home/user/ur_ws/install/ur_bringup:/home/user/ur_ws/install/ur_controllers:/home/user/ur_ws/install/ur_dashboard_msgs:/home/user/ur_ws/install/ur_simulation_gz:/home/user/ur_ws/install/universal_robots_ros2_gz_simulation:/opt/ros/humble /usr/bin/cmake --build /home/user/ur_ws/build/ur_moveit_config -- -j32 -l32
[1.191s] Invoking command in '/home/user/ur_ws/build/ur_moveit_config': CMAKE_PREFIX_PATH=/home/user/ur_ws/install/ur_description:/home/user/ur_ws/install/ur:/home/user/ur_ws/install/ur_calibration:/home/user/ur_ws/install/ur_robot_driver:/home/user/ur_ws/install/ur_moveit_config:/home/user/ur_ws/install/ur_bringup:/home/user/ur_ws/install/ur_controllers:/home/user/ur_ws/install/ur_dashboard_msgs:/home/user/ur_ws/install/ur_simulation_gz:/home/user/ur_ws/install/universal_robots_ros2_gz_simulation:/opt/ros/humble /usr/bin/cmake --install /home/user/ur_ws/build/ur_moveit_config
[1.199s] -- Install configuration: ""
[1.199s] -- Execute custom install script
[1.200s] -- Symlinking: /home/user/ur_ws/install/ur_moveit_config/share/ur_moveit_config/config/controllers.yaml
[1.207s] -- Symlinking: /home/user/ur_ws/install/ur_moveit_config/share/ur_moveit_config/config/joint_limits.yaml
[1.213s] -- Symlinking: /home/user/ur_ws/install/ur_moveit_config/share/ur_moveit_config/config/kinematics.yaml
[1.224s] -- Symlinking: /home/user/ur_ws/install/ur_moveit_config/share/ur_moveit_config/config/ompl_planning.yaml
[1.232s] -- Symlinking: /home/user/ur_ws/install/ur_moveit_config/share/ur_moveit_config/config/ur_servo.yaml
[1.241s] -- Symlinking: /home/user/ur_ws/install/ur_moveit_config/share/ur_moveit_config/launch/ur_moveit.launch.py
[1.252s] -- Symlinking: /home/user/ur_ws/install/ur_moveit_config/share/ur_moveit_config/rviz/view_robot.rviz
[1.263s] -- Symlinking: /home/user/ur_ws/install/ur_moveit_config/share/ur_moveit_config/srdf/ur.srdf.xacro
[1.273s] -- Symlinking: /home/user/ur_ws/install/ur_moveit_config/share/ur_moveit_config/srdf/ur_macro.srdf.xacro
[1.283s] -- Symlinking: /home/user/ur_ws/install/ur_moveit_config/share/ur_moveit_config/environment/pythonpath.sh
[1.291s] -- Symlinking: /home/user/ur_ws/install/ur_moveit_config/share/ur_moveit_config/environment/pythonpath.dsv
[1.298s] -- Symlinking: /home/user/ur_ws/install/ur_moveit_config/local/lib/python3.10/dist-packages/ur_moveit_config-2.9.0-py3.10.egg-info/PKG-INFO
[1.305s] -- Symlinking: /home/user/ur_ws/install/ur_moveit_config/local/lib/python3.10/dist-packages/ur_moveit_config-2.9.0-py3.10.egg-info/SOURCES.txt
[1.312s] -- Symlinking: /home/user/ur_ws/install/ur_moveit_config/local/lib/python3.10/dist-packages/ur_moveit_config-2.9.0-py3.10.egg-info/dependency_links.txt
[1.319s] -- Symlinking: /home/user/ur_ws/install/ur_moveit_config/local/lib/python3.10/dist-packages/ur_moveit_config-2.9.0-py3.10.egg-info/top_level.txt
[1.327s] -- Symlinking: /home/user/ur_ws/install/ur_moveit_config/local/lib/python3.10/dist-packages/ur_moveit_config/__init__.py
[1.335s] -- Symlinking: /home/user/ur_ws/install/ur_moveit_config/local/lib/python3.10/dist-packages/ur_moveit_config/launch_common.py
[1.342s] -- Symlinking: /home/user/ur_ws/install/ur_moveit_config/local/lib/python3.10/dist-packages/launch_common.py
[1.349s] -- Symlinking: /home/user/ur_ws/install/ur_moveit_config/share/ament_index/resource_index/package_run_dependencies/ur_moveit_config
[1.356s] -- Symlinking: /home/user/ur_ws/install/ur_moveit_config/share/ament_index/resource_index/parent_prefix_path/ur_moveit_config
[1.363s] -- Symlinking: /home/user/ur_ws/install/ur_moveit_config/share/ur_moveit_config/environment/ament_prefix_path.sh
[1.370s] -- Symlinking: /home/user/ur_ws/install/ur_moveit_config/share/ur_moveit_config/environment/ament_prefix_path.dsv
[1.376s] -- Symlinking: /home/user/ur_ws/install/ur_moveit_config/share/ur_moveit_config/environment/path.sh
[1.382s] -- Symlinking: /home/user/ur_ws/install/ur_moveit_config/share/ur_moveit_config/environment/path.dsv
[1.389s] -- Symlinking: /home/user/ur_ws/install/ur_moveit_config/share/ur_moveit_config/local_setup.bash
[1.395s] -- Symlinking: /home/user/ur_ws/install/ur_moveit_config/share/ur_moveit_config/local_setup.sh
[1.402s] -- Symlinking: /home/user/ur_ws/install/ur_moveit_config/share/ur_moveit_config/local_setup.zsh
[1.409s] -- Symlinking: /home/user/ur_ws/install/ur_moveit_config/share/ur_moveit_config/local_setup.dsv
[1.416s] -- Symlinking: /home/user/ur_ws/install/ur_moveit_config/share/ur_moveit_config/package.dsv
[1.424s] -- Symlinking: /home/user/ur_ws/install/ur_moveit_config/share/ament_index/resource_index/packages/ur_moveit_config
[1.430s] -- Symlinking: /home/user/ur_ws/install/ur_moveit_config/share/ur_moveit_config/cmake/ur_moveit_configConfig.cmake
[1.436s] -- Symlinking: /home/user/ur_ws/install/ur_moveit_config/share/ur_moveit_config/cmake/ur_moveit_configConfig-version.cmake
[1.442s] -- Symlinking: /home/user/ur_ws/install/ur_moveit_config/share/ur_moveit_config/package.xml
[1.479s] Listing '/home/user/ur_ws/install/ur_moveit_config/local/lib/python3.10/dist-packages/ur_moveit_config'...
[1.479s] Compiling '/home/user/ur_ws/install/ur_moveit_config/local/lib/python3.10/dist-packages/ur_moveit_config/__init__.py'...
[1.479s] Compiling '/home/user/ur_ws/install/ur_moveit_config/local/lib/python3.10/dist-packages/ur_moveit_config/launch_common.py'...
[1.507s] Compiling '/home/user/ur_ws/install/ur_moveit_config/local/lib/python3.10/dist-packages/launch_common.py'...
[1.514s] Invoked command in '/home/user/ur_ws/build/ur_moveit_config' returned '0': CMAKE_PREFIX_PATH=/home/user/ur_ws/install/ur_description:/home/user/ur_ws/install/ur:/home/user/ur_ws/install/ur_calibration:/home/user/ur_ws/install/ur_robot_driver:/home/user/ur_ws/install/ur_moveit_config:/home/user/ur_ws/install/ur_bringup:/home/user/ur_ws/install/ur_controllers:/home/user/ur_ws/install/ur_dashboard_msgs:/home/user/ur_ws/install/ur_simulation_gz:/home/user/ur_ws/install/universal_robots_ros2_gz_simulation:/opt/ros/humble /usr/bin/cmake --install /home/user/ur_ws/build/ur_moveit_config
