running develop
running egg_info
creating universal_robots_ros2_gz_simulation.egg-info
writing universal_robots_ros2_gz_simulation.egg-info/PKG-INFO
writing dependency_links to universal_robots_ros2_gz_simulation.egg-info/dependency_links.txt
writing requirements to universal_robots_ros2_gz_simulation.egg-info/requires.txt
writing top-level names to universal_robots_ros2_gz_simulation.egg-info/top_level.txt
writing manifest file 'universal_robots_ros2_gz_simulation.egg-info/SOURCES.txt'
reading manifest file 'universal_robots_ros2_gz_simulation.egg-info/SOURCES.txt'
writing manifest file 'universal_robots_ros2_gz_simulation.egg-info/SOURCES.txt'
running build_ext
Creating /home/user/ur_ws/install/universal_robots_ros2_gz_simulation/lib/python3.10/site-packages/universal-robots-ros2-gz-simulation.egg-link (link to .)

Installed /home/user/ur_ws/build/universal_robots_ros2_gz_simulation
running symlink_data
creating /home/user/ur_ws/install/universal_robots_ros2_gz_simulation/share/ament_index
creating /home/user/ur_ws/install/universal_robots_ros2_gz_simulation/share/ament_index/resource_index
creating /home/user/ur_ws/install/universal_robots_ros2_gz_simulation/share/ament_index/resource_index/packages
symbolically linking /home/user/ur_ws/build/universal_robots_ros2_gz_simulation/resource/universal_robots_ros2_gz_simulation -> /home/user/ur_ws/install/universal_robots_ros2_gz_simulation/share/ament_index/resource_index/packages
symbolically linking /home/user/ur_ws/build/universal_robots_ros2_gz_simulation/package.xml -> /home/user/ur_ws/install/universal_robots_ros2_gz_simulation/share/universal_robots_ros2_gz_simulation
creating /home/user/ur_ws/install/universal_robots_ros2_gz_simulation/share/universal_robots_ros2_gz_simulation/launch
symbolically linking /home/user/ur_ws/build/universal_robots_ros2_gz_simulation/launch/ur10e_gripper_gazebo.launch.py -> /home/user/ur_ws/install/universal_robots_ros2_gz_simulation/share/universal_robots_ros2_gz_simulation/launch
creating /home/user/ur_ws/install/universal_robots_ros2_gz_simulation/share/universal_robots_ros2_gz_simulation/urdf
symbolically linking /home/user/ur_ws/build/universal_robots_ros2_gz_simulation/urdf/ur10e_with_dummy_gripper.urdf.xacro -> /home/user/ur_ws/install/universal_robots_ros2_gz_simulation/share/universal_robots_ros2_gz_simulation/urdf
